<?xml version="1.0" encoding="UTF-8"?>
<testsuite name="ru.mai.lessons.rpks.ServiceTest" tests="18" skipped="0" failures="0" errors="0" timestamp="2023-06-19T18:19:48" hostname="NIKITA-DESKTOP" time="307.193">
  <properties/>
  <testcase name="testKafkaWriteReadMessage()" classname="ru.mai.lessons.rpks.ServiceTest" time="21.283"/>
  <testcase name="testServiceFilteringNotEquals()" classname="ru.mai.lessons.rpks.ServiceTest" time="15.441"/>
  <testcase name="testServiceFilteringNotRules()" classname="ru.mai.lessons.rpks.ServiceTest" time="23.853"/>
  <testcase name="testServiceFilteringContainsNotEqualsTwoRules()" classname="ru.mai.lessons.rpks.ServiceTest" time="14.188"/>
  <testcase name="testServiceFilteringAddNewRule()" classname="ru.mai.lessons.rpks.ServiceTest" time="34.204"/>
  <testcase name="testServiceFilteringContainsNotContainsTwoRules()" classname="ru.mai.lessons.rpks.ServiceTest" time="14.891"/>
  <testcase name="testStartPostgreSQL()" classname="ru.mai.lessons.rpks.ServiceTest" time="11.997"/>
  <testcase name="testServiceFilteringUpdateRule()" classname="ru.mai.lessons.rpks.ServiceTest" time="34.092"/>
  <testcase name="testServiceFilteringNotContains()" classname="ru.mai.lessons.rpks.ServiceTest" time="13.826"/>
  <testcase name="testServiceFilteringEqualsNotContainsTwoRules()" classname="ru.mai.lessons.rpks.ServiceTest" time="13.899"/>
  <testcase name="testServiceFilteringContains()" classname="ru.mai.lessons.rpks.ServiceTest" time="14.095"/>
  <testcase name="testServiceFilteringEqualsContainsTwoRules()" classname="ru.mai.lessons.rpks.ServiceTest" time="14.248"/>
  <testcase name="testServiceFilteringEquals()" classname="ru.mai.lessons.rpks.ServiceTest" time="13.908"/>
  <testcase name="testPostgreSQLReadValues()" classname="ru.mai.lessons.rpks.ServiceTest" time="12.237"/>
  <testcase name="testServiceFilteringEqualsTwoRules()" classname="ru.mai.lessons.rpks.ServiceTest" time="14.148"/>
  <testcase name="testServiceFilteringEqualsNotEqualsTwoRules()" classname="ru.mai.lessons.rpks.ServiceTest" time="14.47"/>
  <testcase name="testServiceFilteringContainsTwoRules()" classname="ru.mai.lessons.rpks.ServiceTest" time="14.101"/>
  <testcase name="testStartKafka()" classname="ru.mai.lessons.rpks.ServiceTest" time="12.274"/>
  <system-out><![CDATA[21:19:47,665 |-INFO in ch.qos.logback.classic.LoggerContext[default] - This is logback-classic version 1.4.6
21:19:47,703 |-INFO in ch.qos.logback.classic.LoggerContext[default] - Could NOT find resource [logback-test.xml]
21:19:47,707 |-INFO in ch.qos.logback.classic.LoggerContext[default] - Found resource [logback.xml] at [file:/C:/Users/79832/IdeaProjects/JavaServiceFiltering/build/resources/test/logback.xml]
21:19:47,924 |-INFO in ch.qos.logback.core.model.processor.AppenderModelHandler - Processing appender named [CONSOLE]
21:19:47,924 |-INFO in ch.qos.logback.core.model.processor.AppenderModelHandler - About to instantiate appender of type [ch.qos.logback.core.ConsoleAppender]
21:19:48,004 |-WARN in ch.qos.logback.core.ConsoleAppender[CONSOLE] - This appender no longer admits a layout as a sub-component, set an encoder instead.
21:19:48,004 |-WARN in ch.qos.logback.core.ConsoleAppender[CONSOLE] - To ensure compatibility, wrapping your layout in LayoutWrappingEncoder.
21:19:48,004 |-WARN in ch.qos.logback.core.ConsoleAppender[CONSOLE] - See also http://logback.qos.ch/codes.html#layoutInsteadOfEncoder for details
21:19:48,005 |-INFO in ch.qos.logback.classic.model.processor.LoggerModelHandler - Setting level of logger [ru.mai.lessons.rpks] to INFO
21:19:48,010 |-INFO in ch.qos.logback.classic.model.processor.LoggerModelHandler - Setting additivity of logger [ru.mai.lessons.rpks] to false
21:19:48,010 |-INFO in ch.qos.logback.core.model.processor.AppenderRefModelHandler - Attaching appender named [CONSOLE] to Logger[ru.mai.lessons.rpks]
21:19:48,011 |-INFO in ch.qos.logback.classic.model.processor.RootLoggerModelHandler - Setting level of ROOT logger to ERROR
21:19:48,011 |-INFO in ch.qos.logback.core.model.processor.AppenderRefModelHandler - Attaching appender named [CONSOLE] to Logger[ROOT]
21:19:48,011 |-INFO in ch.qos.logback.core.model.processor.DefaultProcessor@18bc345 - End of configuration.
21:19:48,013 |-INFO in ch.qos.logback.classic.joran.JoranConfigurator@42f8285e - Registering current configuration as safe fallback point

21:20:03.555 [Test worker] INFO  ru.mai.lessons.rpks.ServiceTest - Bootstrap.servers: PLAINTEXT://localhost:64863
21:20:03.558 [Test worker] INFO  ru.mai.lessons.rpks.ServiceTest - Topics: [(name=test_topic_in, numPartitions=3, replicationFactor=1, replicasAssignments=null, configs=null), (name=test_topic_out, numPartitions=3, replicationFactor=1, replicasAssignments=null, configs=null)], replica factor 1, partitions 3
21:20:03.900 [Test worker] INFO  ru.mai.lessons.rpks.ServiceTest - Creating topics
21:20:04.832 [Test worker] INFO  ru.mai.lessons.rpks.ServiceTest - Created topics
21:20:04.833 [Test worker] INFO  ru.mai.lessons.rpks.ServiceTest - Sending message
21:20:04.994 [Test worker] INFO  ru.mai.lessons.rpks.ServiceTest - Sent message
21:20:04.994 [Test worker] INFO  ru.mai.lessons.rpks.ServiceTest - Consumer subscribe
21:20:04.996 [Test worker] INFO  ru.mai.lessons.rpks.ServiceTest - Consumer start reading
21:20:05.119 [Test worker] INFO  ru.mai.lessons.rpks.ServiceTest - Remaining attempts 10
21:20:06.232 [Test worker] INFO  ru.mai.lessons.rpks.ServiceTest - Remaining attempts 9
21:20:07.346 [Test worker] INFO  ru.mai.lessons.rpks.ServiceTest - Remaining attempts 8
21:20:08.351 [Test worker] INFO  ru.mai.lessons.rpks.ServiceTest - Read messages 1
21:20:20.627 [Test worker] INFO  ru.mai.lessons.rpks.ServiceTest - Topics: [(name=test_topic_in, numPartitions=3, replicationFactor=1, replicasAssignments=null, configs=null), (name=test_topic_out, numPartitions=3, replicationFactor=1, replicasAssignments=null, configs=null)], replica factor 1, partitions 3
21:20:21.800 [Test worker] INFO  ru.mai.lessons.rpks.ServiceTest - Topic not exist. Create topics [(name=test_topic_in, numPartitions=3, replicationFactor=1, replicasAssignments=null, configs=null), (name=test_topic_out, numPartitions=3, replicationFactor=1, replicasAssignments=null, configs=null)]
21:20:22.206 [Test worker] INFO  ru.mai.lessons.rpks.ServiceTest - Create filtering rule 1
21:20:22.254 [Test worker] INFO  ru.mai.lessons.rpks.ServiceTest - Check rule from DB
21:20:22.412 [pool-4-thread-1] INFO  r.m.l.rpks.impl.ServiceFiltering - Start loading rules from DB
21:20:22.416 [pool-3-thread-1] INFO  r.m.l.rpks.impl.KafkaReaderImpl - Start Kafka reader
21:20:22.423 [pool-3-thread-1] INFO  r.m.l.rpks.impl.KafkaReaderImpl - Kafka consumer created
21:20:22.423 [pool-3-thread-1] INFO  r.m.l.rpks.impl.KafkaReaderImpl - Set kafka topic : test_topic_in
21:20:22.424 [pool-5-thread-1] INFO  r.m.l.rpks.impl.KafkaReaderImpl - Start consumer reading
21:20:22.540 [pool-4-thread-1] INFO  r.m.l.rpks.impl.ServiceFiltering - Read 1 rules
21:20:22.540 [pool-4-thread-1] INFO  r.m.l.rpks.impl.ServiceFiltering - End load rules from DB
21:20:22.680 [pool-3-thread-2] INFO  ru.mai.lessons.rpks.ServiceTest - Remaining attempts 10
21:20:22.881 [pool-5-thread-1] INFO  r.m.l.rpks.impl.RuleProcessorImpl - Check rule (field : name, function : NOT_EQUALS, value : alex)
21:20:22.882 [pool-5-thread-1] INFO  r.m.l.rpks.impl.RuleProcessorImpl - Checked message field value : no_alex
21:20:22.882 [pool-5-thread-1] INFO  r.m.l.rpks.impl.KafkaReaderImpl - Message {"name":"no_alex", "age":18, "sex":"M"} accepted
21:20:22.882 [pool-5-thread-1] INFO  r.m.l.rpks.impl.KafkaWriterImpl - Create kafka writer
21:20:22.902 [pool-5-thread-1] INFO  r.m.l.rpks.impl.RuleProcessorImpl - An error occurred while processing message
21:20:22.903 [pool-5-thread-1] INFO  r.m.l.rpks.impl.KafkaReaderImpl - Message {"name":"alex", "age":, "sex":null} rejected
21:20:22.903 [pool-5-thread-1] INFO  r.m.l.rpks.impl.RuleProcessorImpl - Check rule (field : name, function : NOT_EQUALS, value : alex)
21:20:22.903 [pool-5-thread-1] INFO  r.m.l.rpks.impl.RuleProcessorImpl - Checked message field value : alex
21:20:22.903 [pool-5-thread-1] INFO  r.m.l.rpks.impl.KafkaReaderImpl - Message {"name":"alex"} rejected
21:20:22.903 [pool-5-thread-1] INFO  r.m.l.rpks.impl.RuleProcessorImpl - Check rule (field : name, function : NOT_EQUALS, value : alex)
21:20:22.903 [pool-5-thread-1] INFO  r.m.l.rpks.impl.RuleProcessorImpl - Checked message field value : alex
21:20:22.904 [pool-5-thread-1] INFO  r.m.l.rpks.impl.KafkaReaderImpl - Message {"name":"alex", "age":19, "sex":"M"} rejected
21:20:22.905 [pool-5-thread-1] INFO  r.m.l.rpks.impl.RuleProcessorImpl - Check rule (field : name, function : NOT_EQUALS, value : alex)
21:20:22.906 [pool-5-thread-1] INFO  r.m.l.rpks.impl.RuleProcessorImpl - Checked message field value : alex
21:20:22.907 [pool-5-thread-1] INFO  r.m.l.rpks.impl.KafkaReaderImpl - Message {"name":"alex", "age":null} rejected
21:20:22.908 [pool-5-thread-1] INFO  r.m.l.rpks.impl.RuleProcessorImpl - Check rule (field : name, function : NOT_EQUALS, value : alex)
21:20:22.908 [pool-5-thread-1] INFO  r.m.l.rpks.impl.RuleProcessorImpl - Checked message field value : alex
21:20:22.908 [pool-5-thread-1] INFO  r.m.l.rpks.impl.KafkaReaderImpl - Message {"name":"alex", "sex":"M"} rejected
21:20:23.712 [pool-3-thread-2] INFO  ru.mai.lessons.rpks.ServiceTest - Read messages 1
21:20:32.416 [pool-4-thread-1] INFO  r.m.l.rpks.impl.ServiceFiltering - Start loading rules from DB
21:20:35.778 [Test worker] INFO  ru.mai.lessons.rpks.ServiceTest - Topics: [(name=test_topic_in, numPartitions=3, replicationFactor=1, replicasAssignments=null, configs=null), (name=test_topic_out, numPartitions=3, replicationFactor=1, replicasAssignments=null, configs=null)], replica factor 1, partitions 3
21:20:35.807 [Test worker] INFO  ru.mai.lessons.rpks.ServiceTest - Topic not exist. Create topics [(name=test_topic_in, numPartitions=3, replicationFactor=1, replicasAssignments=null, configs=null), (name=test_topic_out, numPartitions=3, replicationFactor=1, replicasAssignments=null, configs=null)]
21:20:36.268 [pool-6-thread-1] INFO  r.m.l.rpks.impl.KafkaReaderImpl - Start Kafka reader
21:20:36.268 [pool-7-thread-1] INFO  r.m.l.rpks.impl.ServiceFiltering - Start loading rules from DB
21:20:36.273 [pool-7-thread-1] INFO  r.m.l.rpks.impl.ServiceFiltering - Read 0 rules
21:20:36.274 [pool-7-thread-1] INFO  r.m.l.rpks.impl.ServiceFiltering - End load rules from DB
21:20:36.275 [pool-6-thread-1] INFO  r.m.l.rpks.impl.KafkaReaderImpl - Kafka consumer created
21:20:36.276 [pool-6-thread-1] INFO  r.m.l.rpks.impl.KafkaReaderImpl - Set kafka topic : test_topic_in
21:20:36.276 [pool-8-thread-1] INFO  r.m.l.rpks.impl.KafkaReaderImpl - Start consumer reading
21:20:36.541 [pool-6-thread-2] INFO  ru.mai.lessons.rpks.ServiceTest - Remaining attempts 10
21:20:36.681 [pool-8-thread-1] INFO  r.m.l.rpks.impl.KafkaReaderImpl - Message {"age":18, "sex":"M"} rejected
21:20:36.682 [pool-8-thread-1] INFO  r.m.l.rpks.impl.RuleProcessorImpl - An error occurred while processing message
21:20:36.682 [pool-8-thread-1] INFO  r.m.l.rpks.impl.KafkaReaderImpl - Message {"name":"alex", "age":, "sex":"M"} rejected
21:20:36.682 [pool-8-thread-1] INFO  r.m.l.rpks.impl.KafkaReaderImpl - Message {"name":"pushkin", "age":19, "sex":"M"} rejected
21:20:36.682 [pool-8-thread-1] INFO  r.m.l.rpks.impl.KafkaReaderImpl - Message {"name":"", "age":"", "sex":"M"} rejected
21:20:36.683 [pool-8-thread-1] INFO  r.m.l.rpks.impl.KafkaReaderImpl - Message {"name":null, "sex":"M"} rejected
21:20:36.683 [pool-8-thread-1] INFO  r.m.l.rpks.impl.KafkaReaderImpl - Message {"name":"alex_ivanov", "age":20, "sex":"M"} rejected
21:20:36.684 [pool-8-thread-1] INFO  r.m.l.rpks.impl.KafkaReaderImpl - Message {"name":"alex", "age":null, "sex":"M"} rejected
21:20:36.685 [pool-8-thread-1] INFO  r.m.l.rpks.impl.RuleProcessorImpl - An error occurred while processing message
21:20:36.686 [pool-8-thread-1] INFO  r.m.l.rpks.impl.KafkaReaderImpl - Message  rejected
21:20:37.663 [pool-6-thread-2] INFO  ru.mai.lessons.rpks.ServiceTest - Remaining attempts 9
21:20:38.783 [pool-6-thread-2] INFO  ru.mai.lessons.rpks.ServiceTest - Remaining attempts 8
21:20:39.900 [pool-6-thread-2] INFO  ru.mai.lessons.rpks.ServiceTest - Remaining attempts 7
21:20:41.018 [pool-6-thread-2] INFO  ru.mai.lessons.rpks.ServiceTest - Remaining attempts 6
21:20:42.139 [pool-6-thread-2] INFO  ru.mai.lessons.rpks.ServiceTest - Remaining attempts 5
21:20:43.256 [pool-6-thread-2] INFO  ru.mai.lessons.rpks.ServiceTest - Remaining attempts 4
21:20:44.374 [pool-6-thread-2] INFO  ru.mai.lessons.rpks.ServiceTest - Remaining attempts 3
21:20:45.492 [pool-6-thread-2] INFO  ru.mai.lessons.rpks.ServiceTest - Remaining attempts 2
21:20:46.276 [pool-7-thread-1] INFO  r.m.l.rpks.impl.ServiceFiltering - Start loading rules from DB
21:20:46.282 [pool-7-thread-1] INFO  r.m.l.rpks.impl.ServiceFiltering - Read 0 rules
21:20:46.282 [pool-7-thread-1] INFO  r.m.l.rpks.impl.ServiceFiltering - End load rules from DB
21:20:46.604 [pool-6-thread-2] INFO  ru.mai.lessons.rpks.ServiceTest - Remaining attempts 1
21:20:56.270 [pool-7-thread-1] INFO  r.m.l.rpks.impl.ServiceFiltering - Start loading rules from DB
21:20:59.934 [Test worker] INFO  ru.mai.lessons.rpks.ServiceTest - Topics: [(name=test_topic_in, numPartitions=3, replicationFactor=1, replicasAssignments=null, configs=null), (name=test_topic_out, numPartitions=3, replicationFactor=1, replicasAssignments=null, configs=null)], replica factor 1, partitions 3
21:20:59.971 [Test worker] INFO  ru.mai.lessons.rpks.ServiceTest - Topic not exist. Create topics [(name=test_topic_in, numPartitions=3, replicationFactor=1, replicasAssignments=null, configs=null), (name=test_topic_out, numPartitions=3, replicationFactor=1, replicasAssignments=null, configs=null)]
21:21:00.491 [Test worker] INFO  ru.mai.lessons.rpks.ServiceTest - Create filtering rule 1
21:21:00.510 [Test worker] INFO  ru.mai.lessons.rpks.ServiceTest - Check rule from DB
21:21:00.514 [Test worker] INFO  ru.mai.lessons.rpks.ServiceTest - Create filtering rule 1
21:21:00.536 [Test worker] INFO  ru.mai.lessons.rpks.ServiceTest - Check rule from DB
21:21:00.560 [pool-9-thread-1] INFO  r.m.l.rpks.impl.KafkaReaderImpl - Start Kafka reader
21:21:00.560 [pool-10-thread-1] INFO  r.m.l.rpks.impl.ServiceFiltering - Start loading rules from DB
21:21:00.567 [pool-10-thread-1] INFO  r.m.l.rpks.impl.ServiceFiltering - Read 2 rules
21:21:00.567 [pool-10-thread-1] INFO  r.m.l.rpks.impl.ServiceFiltering - End load rules from DB
21:21:00.568 [pool-9-thread-1] INFO  r.m.l.rpks.impl.KafkaReaderImpl - Kafka consumer created
21:21:00.568 [pool-9-thread-1] INFO  r.m.l.rpks.impl.KafkaReaderImpl - Set kafka topic : test_topic_in
21:21:00.568 [pool-11-thread-1] INFO  r.m.l.rpks.impl.KafkaReaderImpl - Start consumer reading
21:21:00.842 [pool-9-thread-2] INFO  ru.mai.lessons.rpks.ServiceTest - Remaining attempts 10
21:21:00.975 [pool-11-thread-1] INFO  r.m.l.rpks.impl.RuleProcessorImpl - Check rule (field : age, function : NOT_EQUALS, value : 20)
21:21:00.975 [pool-11-thread-1] INFO  r.m.l.rpks.impl.RuleProcessorImpl - Checked message field value : 18
21:21:00.975 [pool-11-thread-1] INFO  r.m.l.rpks.impl.RuleProcessorImpl - Message does not contain field name
21:21:00.976 [pool-11-thread-1] INFO  r.m.l.rpks.impl.KafkaReaderImpl - Message {"age":18, "sex":"M"} rejected
21:21:00.976 [pool-11-thread-1] INFO  r.m.l.rpks.impl.RuleProcessorImpl - An error occurred while processing message
21:21:00.976 [pool-11-thread-1] INFO  r.m.l.rpks.impl.KafkaReaderImpl - Message {"name":"alex", "age":, "sex":"M"} rejected
21:21:00.976 [pool-11-thread-1] INFO  r.m.l.rpks.impl.RuleProcessorImpl - Check rule (field : age, function : NOT_EQUALS, value : 20)
21:21:00.977 [pool-11-thread-1] INFO  r.m.l.rpks.impl.RuleProcessorImpl - Checked message field value : 19
21:21:00.977 [pool-11-thread-1] INFO  r.m.l.rpks.impl.RuleProcessorImpl - Check rule (field : name, function : CONTAINS, value : alexander)
21:21:00.977 [pool-11-thread-1] INFO  r.m.l.rpks.impl.RuleProcessorImpl - Checked message field value : pushkin
21:21:00.977 [pool-11-thread-1] INFO  r.m.l.rpks.impl.KafkaReaderImpl - Message {"name":"pushkin", "age":19, "sex":"M"} rejected
21:21:00.977 [pool-11-thread-1] INFO  r.m.l.rpks.impl.RuleProcessorImpl - Check rule (field : age, function : NOT_EQUALS, value : 20)
21:21:00.977 [pool-11-thread-1] INFO  r.m.l.rpks.impl.RuleProcessorImpl - Checked message field value : 
21:21:00.978 [pool-11-thread-1] INFO  r.m.l.rpks.impl.RuleProcessorImpl - Check rule (field : name, function : CONTAINS, value : alexander)
21:21:00.978 [pool-11-thread-1] INFO  r.m.l.rpks.impl.RuleProcessorImpl - Checked message field value : 
21:21:00.978 [pool-11-thread-1] INFO  r.m.l.rpks.impl.KafkaReaderImpl - Message {"name":"", "age":"", "sex":"M"} rejected
21:21:00.979 [pool-11-thread-1] INFO  r.m.l.rpks.impl.RuleProcessorImpl - Message does not contain field age
21:21:00.979 [pool-11-thread-1] INFO  r.m.l.rpks.impl.KafkaReaderImpl - Message {"name":null, "sex":"M"} rejected
21:21:00.979 [pool-11-thread-1] INFO  r.m.l.rpks.impl.RuleProcessorImpl - Check rule (field : age, function : NOT_EQUALS, value : 20)
21:21:00.979 [pool-11-thread-1] INFO  r.m.l.rpks.impl.RuleProcessorImpl - Checked message field value : 20
21:21:00.979 [pool-11-thread-1] INFO  r.m.l.rpks.impl.KafkaReaderImpl - Message {"name":"alex_ivanov", "age":20, "sex":"M"} rejected
21:21:00.979 [pool-11-thread-1] INFO  r.m.l.rpks.impl.RuleProcessorImpl - Check rule (field : age, function : NOT_EQUALS, value : 20)
21:21:00.979 [pool-11-thread-1] INFO  r.m.l.rpks.impl.RuleProcessorImpl - An error occurred while processing message
21:21:00.980 [pool-11-thread-1] INFO  r.m.l.rpks.impl.KafkaReaderImpl - Message {"name":"alex", "age":null, "sex":"M"} rejected
21:21:00.980 [pool-11-thread-1] INFO  r.m.l.rpks.impl.RuleProcessorImpl - An error occurred while processing message
21:21:00.980 [pool-11-thread-1] INFO  r.m.l.rpks.impl.KafkaReaderImpl - Message  rejected
21:21:00.980 [pool-11-thread-1] INFO  r.m.l.rpks.impl.RuleProcessorImpl - Check rule (field : age, function : NOT_EQUALS, value : 20)
21:21:00.980 [pool-11-thread-1] INFO  r.m.l.rpks.impl.RuleProcessorImpl - Checked message field value : 18
21:21:00.980 [pool-11-thread-1] INFO  r.m.l.rpks.impl.RuleProcessorImpl - Check rule (field : name, function : CONTAINS, value : alexander)
21:21:00.980 [pool-11-thread-1] INFO  r.m.l.rpks.impl.RuleProcessorImpl - Checked message field value : alexander_pushkin
21:21:00.981 [pool-11-thread-1] INFO  r.m.l.rpks.impl.KafkaReaderImpl - Message {"name":"alexander_pushkin", "age":18, "sex":"M"} accepted
21:21:00.981 [pool-11-thread-1] INFO  r.m.l.rpks.impl.KafkaWriterImpl - Create kafka writer
21:21:01.865 [pool-9-thread-2] INFO  ru.mai.lessons.rpks.ServiceTest - Read messages 1
21:21:02.421 [pool-4-thread-1] INFO  r.mai.lessons.rpks.impl.DbReaderImpl - SQL error HikariPool-2 - Connection is not available, request timed out after 30001ms.
21:21:02.421 [pool-4-thread-1] INFO  r.m.l.rpks.impl.ServiceFiltering - Read 0 rules
21:21:02.422 [pool-4-thread-1] INFO  r.m.l.rpks.impl.ServiceFiltering - End load rules from DB
21:21:02.422 [pool-4-thread-1] INFO  r.m.l.rpks.impl.ServiceFiltering - Start loading rules from DB
21:21:10.561 [pool-10-thread-1] INFO  r.m.l.rpks.impl.ServiceFiltering - Start loading rules from DB
21:21:13.820 [Test worker] INFO  ru.mai.lessons.rpks.ServiceTest - Topics: [(name=test_topic_in, numPartitions=3, replicationFactor=1, replicasAssignments=null, configs=null), (name=test_topic_out, numPartitions=3, replicationFactor=1, replicasAssignments=null, configs=null)], replica factor 1, partitions 3
21:21:13.856 [Test worker] INFO  ru.mai.lessons.rpks.ServiceTest - Topic not exist. Create topics [(name=test_topic_in, numPartitions=3, replicationFactor=1, replicasAssignments=null, configs=null), (name=test_topic_out, numPartitions=3, replicationFactor=1, replicasAssignments=null, configs=null)]
21:21:14.454 [Test worker] INFO  ru.mai.lessons.rpks.ServiceTest - Create filtering rule 1
21:21:14.474 [Test worker] INFO  ru.mai.lessons.rpks.ServiceTest - Check rule from DB
21:21:14.510 [pool-12-thread-1] INFO  r.m.l.rpks.impl.KafkaReaderImpl - Start Kafka reader
21:21:14.510 [pool-13-thread-1] INFO  r.m.l.rpks.impl.ServiceFiltering - Start loading rules from DB
21:21:14.517 [pool-13-thread-1] INFO  r.m.l.rpks.impl.ServiceFiltering - Read 1 rules
21:21:14.518 [pool-13-thread-1] INFO  r.m.l.rpks.impl.ServiceFiltering - End load rules from DB
21:21:14.518 [pool-12-thread-1] INFO  r.m.l.rpks.impl.KafkaReaderImpl - Kafka consumer created
21:21:14.518 [pool-12-thread-1] INFO  r.m.l.rpks.impl.KafkaReaderImpl - Set kafka topic : test_topic_in
21:21:14.519 [pool-14-thread-1] INFO  r.m.l.rpks.impl.KafkaReaderImpl - Start consumer reading
21:21:14.835 [pool-12-thread-2] INFO  ru.mai.lessons.rpks.ServiceTest - Remaining attempts 10
21:21:14.964 [pool-14-thread-1] INFO  r.m.l.rpks.impl.RuleProcessorImpl - Check rule (field : name, function : CONTAINS, value : alexander)
21:21:14.965 [pool-14-thread-1] INFO  r.m.l.rpks.impl.RuleProcessorImpl - Checked message field value : alex_ivanov
21:21:14.965 [pool-14-thread-1] INFO  r.m.l.rpks.impl.KafkaReaderImpl - Message {"name":"alex_ivanov", "age":18, "sex":"M"} rejected
21:21:14.965 [pool-14-thread-1] INFO  r.m.l.rpks.impl.RuleProcessorImpl - Message does not contain field name
21:21:14.965 [pool-14-thread-1] INFO  r.m.l.rpks.impl.KafkaReaderImpl - Message {"age":17, "sex":"M"} rejected
21:21:14.966 [pool-14-thread-1] INFO  r.m.l.rpks.impl.RuleProcessorImpl - Check rule (field : name, function : CONTAINS, value : alexander)
21:21:14.966 [pool-14-thread-1] INFO  r.m.l.rpks.impl.RuleProcessorImpl - Checked message field value : pushkin
21:21:14.966 [pool-14-thread-1] INFO  r.m.l.rpks.impl.KafkaReaderImpl - Message {"name":"pushkin", "age":19, "sex":"M"} rejected
21:21:14.967 [pool-14-thread-1] INFO  r.m.l.rpks.impl.RuleProcessorImpl - Check rule (field : name, function : CONTAINS, value : alexander)
21:21:14.967 [pool-14-thread-1] INFO  r.m.l.rpks.impl.RuleProcessorImpl - Checked message field value : 
21:21:14.967 [pool-14-thread-1] INFO  r.m.l.rpks.impl.KafkaReaderImpl - Message {"name":"", "age":"", "sex":"M"} rejected
21:21:14.967 [pool-14-thread-1] INFO  r.m.l.rpks.impl.RuleProcessorImpl - An error occurred while processing message
21:21:14.967 [pool-14-thread-1] INFO  r.m.l.rpks.impl.KafkaReaderImpl - Message {"name":, "age":, "sex":"M"} rejected
21:21:14.967 [pool-14-thread-1] INFO  r.m.l.rpks.impl.RuleProcessorImpl - Check rule (field : name, function : CONTAINS, value : alexander)
21:21:14.968 [pool-14-thread-1] INFO  r.m.l.rpks.impl.RuleProcessorImpl - An error occurred while processing message
21:21:14.968 [pool-14-thread-1] INFO  r.m.l.rpks.impl.KafkaReaderImpl - Message {"name":null, "sex":"M"} rejected
21:21:14.969 [pool-14-thread-1] INFO  r.m.l.rpks.impl.RuleProcessorImpl - Check rule (field : name, function : CONTAINS, value : alexander)
21:21:14.969 [pool-14-thread-1] INFO  r.m.l.rpks.impl.RuleProcessorImpl - Checked message field value : alex
21:21:14.969 [pool-14-thread-1] INFO  r.m.l.rpks.impl.KafkaReaderImpl - Message {"name":"alex", "age":null, "sex":"M"} rejected
21:21:14.969 [pool-14-thread-1] INFO  r.m.l.rpks.impl.RuleProcessorImpl - An error occurred while processing message
21:21:14.969 [pool-14-thread-1] INFO  r.m.l.rpks.impl.KafkaReaderImpl - Message  rejected
21:21:14.970 [pool-14-thread-1] INFO  r.m.l.rpks.impl.RuleProcessorImpl - Check rule (field : name, function : CONTAINS, value : alexander)
21:21:14.970 [pool-14-thread-1] INFO  r.m.l.rpks.impl.RuleProcessorImpl - Checked message field value : alexander
21:21:14.970 [pool-14-thread-1] INFO  r.m.l.rpks.impl.KafkaReaderImpl - Message {"name":"alexander", "age":18, "sex":"M"} accepted
21:21:14.970 [pool-14-thread-1] INFO  r.m.l.rpks.impl.KafkaWriterImpl - Create kafka writer
21:21:15.862 [pool-12-thread-2] INFO  ru.mai.lessons.rpks.ServiceTest - Read messages 1
21:21:15.862 [Test worker] INFO  ru.mai.lessons.rpks.ServiceTest - Create filtering rule 1
21:21:15.867 [Test worker] INFO  ru.mai.lessons.rpks.ServiceTest - Check rule from DB
21:21:15.871 [Test worker] INFO  ru.mai.lessons.rpks.ServiceTest - Wait until application updated rules from DB
21:21:24.512 [pool-13-thread-1] INFO  r.m.l.rpks.impl.ServiceFiltering - Start loading rules from DB
21:21:24.519 [pool-13-thread-1] INFO  r.m.l.rpks.impl.ServiceFiltering - Read 2 rules
21:21:24.519 [pool-13-thread-1] INFO  r.m.l.rpks.impl.ServiceFiltering - End load rules from DB
21:21:26.284 [pool-7-thread-1] INFO  r.mai.lessons.rpks.impl.DbReaderImpl - SQL error HikariPool-4 - Connection is not available, request timed out after 30014ms.
21:21:26.285 [pool-7-thread-1] INFO  r.m.l.rpks.impl.ServiceFiltering - Read 0 rules
21:21:26.285 [pool-7-thread-1] INFO  r.m.l.rpks.impl.ServiceFiltering - End load rules from DB
21:21:26.285 [pool-7-thread-1] INFO  r.m.l.rpks.impl.ServiceFiltering - Start loading rules from DB
21:21:32.423 [pool-4-thread-1] INFO  r.mai.lessons.rpks.impl.DbReaderImpl - SQL error HikariPool-2 - Connection is not available, request timed out after 30000ms.
21:21:32.423 [pool-4-thread-1] INFO  r.m.l.rpks.impl.ServiceFiltering - Read 0 rules
21:21:32.423 [pool-4-thread-1] INFO  r.m.l.rpks.impl.ServiceFiltering - End load rules from DB
21:21:32.423 [pool-4-thread-1] INFO  r.m.l.rpks.impl.ServiceFiltering - Start loading rules from DB
21:21:34.510 [pool-13-thread-1] INFO  r.m.l.rpks.impl.ServiceFiltering - Start loading rules from DB
21:21:34.516 [pool-13-thread-1] INFO  r.m.l.rpks.impl.ServiceFiltering - Read 2 rules
21:21:34.516 [pool-13-thread-1] INFO  r.m.l.rpks.impl.ServiceFiltering - End load rules from DB
21:21:35.885 [pool-14-thread-1] INFO  r.m.l.rpks.impl.RuleProcessorImpl - Check rule (field : name, function : CONTAINS, value : alexander)
21:21:35.885 [pool-14-thread-1] INFO  r.m.l.rpks.impl.RuleProcessorImpl - Checked message field value : alex_ivanov
21:21:35.886 [pool-14-thread-1] INFO  r.m.l.rpks.impl.KafkaReaderImpl - Message {"name":"alex_ivanov", "age":18, "sex":"M"} rejected
21:21:35.892 [pool-14-thread-1] INFO  r.m.l.rpks.impl.RuleProcessorImpl - Message does not contain field name
21:21:35.892 [pool-14-thread-1] INFO  r.m.l.rpks.impl.KafkaReaderImpl - Message {"age":17, "sex":"M"} rejected
21:21:35.898 [pool-14-thread-1] INFO  r.m.l.rpks.impl.RuleProcessorImpl - Check rule (field : name, function : CONTAINS, value : alexander)
21:21:35.899 [pool-14-thread-1] INFO  r.m.l.rpks.impl.RuleProcessorImpl - Checked message field value : pushkin
21:21:35.899 [pool-14-thread-1] INFO  r.m.l.rpks.impl.KafkaReaderImpl - Message {"name":"pushkin", "age":19, "sex":"M"} rejected
21:21:35.905 [pool-14-thread-1] INFO  r.m.l.rpks.impl.RuleProcessorImpl - Check rule (field : name, function : CONTAINS, value : alexander)
21:21:35.906 [pool-14-thread-1] INFO  r.m.l.rpks.impl.RuleProcessorImpl - Checked message field value : 
21:21:35.906 [pool-14-thread-1] INFO  r.m.l.rpks.impl.KafkaReaderImpl - Message {"name":"", "age":"", "sex":"M"} rejected
21:21:35.913 [pool-14-thread-1] INFO  r.m.l.rpks.impl.RuleProcessorImpl - An error occurred while processing message
21:21:35.913 [pool-14-thread-1] INFO  r.m.l.rpks.impl.KafkaReaderImpl - Message {"name":, "age":, "sex":"M"} rejected
21:21:35.919 [pool-14-thread-1] INFO  r.m.l.rpks.impl.RuleProcessorImpl - Check rule (field : name, function : CONTAINS, value : alexander)
21:21:35.919 [pool-14-thread-1] INFO  r.m.l.rpks.impl.RuleProcessorImpl - An error occurred while processing message
21:21:35.919 [pool-14-thread-1] INFO  r.m.l.rpks.impl.KafkaReaderImpl - Message {"name":null, "sex":"M"} rejected
21:21:35.924 [pool-14-thread-1] INFO  r.m.l.rpks.impl.RuleProcessorImpl - Check rule (field : name, function : CONTAINS, value : alexander)
21:21:35.924 [pool-14-thread-1] INFO  r.m.l.rpks.impl.RuleProcessorImpl - Checked message field value : alex
21:21:35.924 [pool-14-thread-1] INFO  r.m.l.rpks.impl.KafkaReaderImpl - Message {"name":"alex", "age":null, "sex":"M"} rejected
21:21:35.932 [pool-14-thread-1] INFO  r.m.l.rpks.impl.RuleProcessorImpl - An error occurred while processing message
21:21:35.932 [pool-14-thread-1] INFO  r.m.l.rpks.impl.KafkaReaderImpl - Message  rejected
21:21:35.940 [pool-14-thread-1] INFO  r.m.l.rpks.impl.RuleProcessorImpl - Check rule (field : name, function : CONTAINS, value : alexander)
21:21:35.940 [pool-14-thread-1] INFO  r.m.l.rpks.impl.RuleProcessorImpl - Checked message field value : alexander
21:21:35.941 [pool-14-thread-1] INFO  r.m.l.rpks.impl.RuleProcessorImpl - Check rule (field : age, function : EQUALS, value : 18)
21:21:35.941 [pool-14-thread-1] INFO  r.m.l.rpks.impl.RuleProcessorImpl - Checked message field value : 18
21:21:35.941 [pool-14-thread-1] INFO  r.m.l.rpks.impl.KafkaReaderImpl - Message {"name":"alexander", "age":18, "sex":"M"} accepted
21:21:35.952 [pool-12-thread-1] INFO  ru.mai.lessons.rpks.ServiceTest - Read messages 1
21:21:40.564 [pool-10-thread-1] INFO  r.mai.lessons.rpks.impl.DbReaderImpl - SQL error HikariPool-6 - Connection is not available, request timed out after 30002ms.
21:21:40.564 [pool-10-thread-1] INFO  r.m.l.rpks.impl.ServiceFiltering - Read 0 rules
21:21:40.564 [pool-10-thread-1] INFO  r.m.l.rpks.impl.ServiceFiltering - End load rules from DB
21:21:40.565 [pool-10-thread-1] INFO  r.m.l.rpks.impl.ServiceFiltering - Start loading rules from DB
21:21:44.525 [pool-13-thread-1] INFO  r.m.l.rpks.impl.ServiceFiltering - Start loading rules from DB
21:21:48.963 [Test worker] INFO  ru.mai.lessons.rpks.ServiceTest - Topics: [(name=test_topic_in, numPartitions=3, replicationFactor=1, replicasAssignments=null, configs=null), (name=test_topic_out, numPartitions=3, replicationFactor=1, replicasAssignments=null, configs=null)], replica factor 1, partitions 3
21:21:48.996 [Test worker] INFO  ru.mai.lessons.rpks.ServiceTest - Topic not exist. Create topics [(name=test_topic_in, numPartitions=3, replicationFactor=1, replicasAssignments=null, configs=null), (name=test_topic_out, numPartitions=3, replicationFactor=1, replicasAssignments=null, configs=null)]
21:21:49.499 [Test worker] INFO  ru.mai.lessons.rpks.ServiceTest - Create filtering rule 1
21:21:49.520 [Test worker] INFO  ru.mai.lessons.rpks.ServiceTest - Check rule from DB
21:21:49.523 [Test worker] INFO  ru.mai.lessons.rpks.ServiceTest - Create filtering rule 1
21:21:49.552 [Test worker] INFO  ru.mai.lessons.rpks.ServiceTest - Check rule from DB
21:21:49.579 [pool-15-thread-1] INFO  r.m.l.rpks.impl.KafkaReaderImpl - Start Kafka reader
21:21:49.579 [pool-16-thread-1] INFO  r.m.l.rpks.impl.ServiceFiltering - Start loading rules from DB
21:21:49.585 [pool-16-thread-1] INFO  r.m.l.rpks.impl.ServiceFiltering - Read 2 rules
21:21:49.586 [pool-16-thread-1] INFO  r.m.l.rpks.impl.ServiceFiltering - End load rules from DB
21:21:49.586 [pool-15-thread-1] INFO  r.m.l.rpks.impl.KafkaReaderImpl - Kafka consumer created
21:21:49.586 [pool-15-thread-1] INFO  r.m.l.rpks.impl.KafkaReaderImpl - Set kafka topic : test_topic_in
21:21:49.587 [pool-17-thread-1] INFO  r.m.l.rpks.impl.KafkaReaderImpl - Start consumer reading
21:21:49.952 [pool-15-thread-2] INFO  ru.mai.lessons.rpks.ServiceTest - Remaining attempts 10
21:21:50.097 [pool-17-thread-1] INFO  r.m.l.rpks.impl.RuleProcessorImpl - Message does not contain field name
21:21:50.097 [pool-17-thread-1] INFO  r.m.l.rpks.impl.KafkaReaderImpl - Message {"age":18, "sex":"M"} rejected
21:21:50.097 [pool-17-thread-1] INFO  r.m.l.rpks.impl.RuleProcessorImpl - Check rule (field : name, function : CONTAINS, value : alexander)
21:21:50.097 [pool-17-thread-1] INFO  r.m.l.rpks.impl.RuleProcessorImpl - Checked message field value : 
21:21:50.097 [pool-17-thread-1] INFO  r.m.l.rpks.impl.KafkaReaderImpl - Message {"name":"", "age":18, "sex":"M"} rejected
21:21:50.097 [pool-17-thread-1] INFO  r.m.l.rpks.impl.RuleProcessorImpl - Check rule (field : name, function : CONTAINS, value : alexander)
21:21:50.097 [pool-17-thread-1] INFO  r.m.l.rpks.impl.RuleProcessorImpl - Checked message field value : alexander_ivanov
21:21:50.097 [pool-17-thread-1] INFO  r.m.l.rpks.impl.RuleProcessorImpl - Check rule (field : name, function : NOT_CONTAINS, value : ivanov)
21:21:50.097 [pool-17-thread-1] INFO  r.m.l.rpks.impl.RuleProcessorImpl - Checked message field value : alexander_ivanov
21:21:50.098 [pool-17-thread-1] INFO  r.m.l.rpks.impl.KafkaReaderImpl - Message {"name":"alexander_ivanov", "age":18, "sex":"M"} rejected
21:21:50.098 [pool-17-thread-1] INFO  r.m.l.rpks.impl.RuleProcessorImpl - Check rule (field : name, function : CONTAINS, value : alexander)
21:21:50.098 [pool-17-thread-1] INFO  r.m.l.rpks.impl.RuleProcessorImpl - An error occurred while processing message
21:21:50.099 [pool-17-thread-1] INFO  r.m.l.rpks.impl.KafkaReaderImpl - Message {"name":null, "age":18, "sex":"M"} rejected
21:21:50.099 [pool-17-thread-1] INFO  r.m.l.rpks.impl.RuleProcessorImpl - Check rule (field : name, function : CONTAINS, value : alexander)
21:21:50.099 [pool-17-thread-1] INFO  r.m.l.rpks.impl.RuleProcessorImpl - Checked message field value : pushkin
21:21:50.099 [pool-17-thread-1] INFO  r.m.l.rpks.impl.KafkaReaderImpl - Message {"name":"pushkin", "age":18, "sex":"M"} rejected
21:21:50.099 [pool-17-thread-1] INFO  r.m.l.rpks.impl.RuleProcessorImpl - Check rule (field : name, function : CONTAINS, value : alexander)
21:21:50.099 [pool-17-thread-1] INFO  r.m.l.rpks.impl.RuleProcessorImpl - Checked message field value : ivanov
21:21:50.099 [pool-17-thread-1] INFO  r.m.l.rpks.impl.KafkaReaderImpl - Message {"name":"ivanov", "age":18, "sex":"M"} rejected
21:21:50.099 [pool-17-thread-1] INFO  r.m.l.rpks.impl.RuleProcessorImpl - An error occurred while processing message
21:21:50.099 [pool-17-thread-1] INFO  r.m.l.rpks.impl.KafkaReaderImpl - Message  rejected
21:21:50.100 [pool-17-thread-1] INFO  r.m.l.rpks.impl.RuleProcessorImpl - Check rule (field : name, function : CONTAINS, value : alexander)
21:21:50.100 [pool-17-thread-1] INFO  r.m.l.rpks.impl.RuleProcessorImpl - Checked message field value : alexander_pushkin
21:21:50.100 [pool-17-thread-1] INFO  r.m.l.rpks.impl.RuleProcessorImpl - Check rule (field : name, function : NOT_CONTAINS, value : ivanov)
21:21:50.100 [pool-17-thread-1] INFO  r.m.l.rpks.impl.RuleProcessorImpl - Checked message field value : alexander_pushkin
21:21:50.100 [pool-17-thread-1] INFO  r.m.l.rpks.impl.KafkaReaderImpl - Message {"name":"alexander_pushkin", "age":18, "sex":"M"} accepted
21:21:50.100 [pool-17-thread-1] INFO  r.m.l.rpks.impl.KafkaWriterImpl - Create kafka writer
21:21:50.967 [pool-15-thread-2] INFO  ru.mai.lessons.rpks.ServiceTest - Read messages 1
21:21:56.288 [pool-7-thread-1] INFO  r.mai.lessons.rpks.impl.DbReaderImpl - SQL error HikariPool-4 - Connection is not available, request timed out after 30002ms.
21:21:56.288 [pool-7-thread-1] INFO  r.m.l.rpks.impl.ServiceFiltering - Read 0 rules
21:21:56.288 [pool-7-thread-1] INFO  r.m.l.rpks.impl.ServiceFiltering - End load rules from DB
21:21:56.288 [pool-7-thread-1] INFO  r.m.l.rpks.impl.ServiceFiltering - Start loading rules from DB
21:21:59.591 [pool-16-thread-1] INFO  r.m.l.rpks.impl.ServiceFiltering - Start loading rules from DB
21:22:02.433 [pool-4-thread-1] INFO  r.mai.lessons.rpks.impl.DbReaderImpl - SQL error HikariPool-2 - Connection is not available, request timed out after 30009ms.
21:22:02.433 [pool-4-thread-1] INFO  r.m.l.rpks.impl.ServiceFiltering - Read 0 rules
21:22:02.433 [pool-4-thread-1] INFO  r.m.l.rpks.impl.ServiceFiltering - End load rules from DB
21:22:02.433 [pool-4-thread-1] INFO  r.m.l.rpks.impl.ServiceFiltering - Start loading rules from DB
21:22:10.575 [pool-10-thread-1] INFO  r.mai.lessons.rpks.impl.DbReaderImpl - SQL error HikariPool-6 - Connection is not available, request timed out after 30009ms.
21:22:10.575 [pool-10-thread-1] INFO  r.m.l.rpks.impl.ServiceFiltering - Read 0 rules
21:22:10.575 [pool-10-thread-1] INFO  r.m.l.rpks.impl.ServiceFiltering - End load rules from DB
21:22:10.575 [pool-10-thread-1] INFO  r.m.l.rpks.impl.ServiceFiltering - Start loading rules from DB
21:22:14.533 [pool-13-thread-1] INFO  r.mai.lessons.rpks.impl.DbReaderImpl - SQL error HikariPool-8 - Connection is not available, request timed out after 30007ms.
21:22:14.533 [pool-13-thread-1] INFO  r.m.l.rpks.impl.ServiceFiltering - Read 0 rules
21:22:14.533 [pool-13-thread-1] INFO  r.m.l.rpks.impl.ServiceFiltering - End load rules from DB
21:22:14.533 [pool-13-thread-1] INFO  r.m.l.rpks.impl.ServiceFiltering - Start loading rules from DB
21:22:15.066 [Test worker] INFO  ru.mai.lessons.rpks.ServiceTest - Topics: [(name=test_topic_in, numPartitions=3, replicationFactor=1, replicasAssignments=null, configs=null), (name=test_topic_out, numPartitions=3, replicationFactor=1, replicasAssignments=null, configs=null)], replica factor 1, partitions 3
21:22:15.095 [Test worker] INFO  ru.mai.lessons.rpks.ServiceTest - Topic not exist. Create topics [(name=test_topic_in, numPartitions=3, replicationFactor=1, replicasAssignments=null, configs=null), (name=test_topic_out, numPartitions=3, replicationFactor=1, replicasAssignments=null, configs=null)]
21:22:15.585 [Test worker] INFO  ru.mai.lessons.rpks.ServiceTest - Create filtering rule 1
21:22:15.606 [Test worker] INFO  ru.mai.lessons.rpks.ServiceTest - Check rule from DB
21:22:15.636 [pool-20-thread-1] INFO  r.m.l.rpks.impl.KafkaReaderImpl - Start Kafka reader
21:22:15.636 [pool-21-thread-1] INFO  r.m.l.rpks.impl.ServiceFiltering - Start loading rules from DB
21:22:15.642 [pool-21-thread-1] INFO  r.m.l.rpks.impl.ServiceFiltering - Read 1 rules
21:22:15.642 [pool-21-thread-1] INFO  r.m.l.rpks.impl.ServiceFiltering - End load rules from DB
21:22:15.642 [pool-20-thread-1] INFO  r.m.l.rpks.impl.KafkaReaderImpl - Kafka consumer created
21:22:15.642 [pool-20-thread-1] INFO  r.m.l.rpks.impl.KafkaReaderImpl - Set kafka topic : test_topic_in
21:22:15.642 [pool-22-thread-1] INFO  r.m.l.rpks.impl.KafkaReaderImpl - Start consumer reading
21:22:15.946 [pool-20-thread-2] INFO  ru.mai.lessons.rpks.ServiceTest - Remaining attempts 10
21:22:16.039 [pool-22-thread-1] INFO  r.m.l.rpks.impl.RuleProcessorImpl - Check rule (field : name, function : EQUALS, value : alex)
21:22:16.039 [pool-22-thread-1] INFO  r.m.l.rpks.impl.RuleProcessorImpl - Checked message field value : alex_ivanov
21:22:16.039 [pool-22-thread-1] INFO  r.m.l.rpks.impl.KafkaReaderImpl - Message {"name":"alex_ivanov", "age":18, "sex":"M"} rejected
21:22:16.040 [pool-22-thread-1] INFO  r.m.l.rpks.impl.RuleProcessorImpl - Message does not contain field name
21:22:16.040 [pool-22-thread-1] INFO  r.m.l.rpks.impl.KafkaReaderImpl - Message {"age":17, "sex":"M"} rejected
21:22:16.040 [pool-22-thread-1] INFO  r.m.l.rpks.impl.RuleProcessorImpl - Check rule (field : name, function : EQUALS, value : alex)
21:22:16.040 [pool-22-thread-1] INFO  r.m.l.rpks.impl.RuleProcessorImpl - Checked message field value : 
21:22:16.040 [pool-22-thread-1] INFO  r.m.l.rpks.impl.KafkaReaderImpl - Message {"name":"", "age":"", "sex":"M"} rejected
21:22:16.040 [pool-22-thread-1] INFO  r.m.l.rpks.impl.RuleProcessorImpl - Check rule (field : name, function : EQUALS, value : alex)
21:22:16.040 [pool-22-thread-1] INFO  r.m.l.rpks.impl.RuleProcessorImpl - Checked message field value : pushkin
21:22:16.040 [pool-22-thread-1] INFO  r.m.l.rpks.impl.KafkaReaderImpl - Message {"name":"pushkin", "age":19, "sex":"M"} rejected
21:22:16.040 [pool-22-thread-1] INFO  r.m.l.rpks.impl.RuleProcessorImpl - Check rule (field : name, function : EQUALS, value : alex)
21:22:16.040 [pool-22-thread-1] INFO  r.m.l.rpks.impl.RuleProcessorImpl - Checked message field value : alexander
21:22:16.040 [pool-22-thread-1] INFO  r.m.l.rpks.impl.KafkaReaderImpl - Message {"name":"alexander", "age":null, "sex":"M"} rejected
21:22:16.040 [pool-22-thread-1] INFO  r.m.l.rpks.impl.RuleProcessorImpl - An error occurred while processing message
21:22:16.041 [pool-22-thread-1] INFO  r.m.l.rpks.impl.KafkaReaderImpl - Message {"name":, "age":, "sex":"M"} rejected
21:22:16.041 [pool-22-thread-1] INFO  r.m.l.rpks.impl.RuleProcessorImpl - Check rule (field : name, function : EQUALS, value : alex)
21:22:16.041 [pool-22-thread-1] INFO  r.m.l.rpks.impl.RuleProcessorImpl - An error occurred while processing message
21:22:16.041 [pool-22-thread-1] INFO  r.m.l.rpks.impl.KafkaReaderImpl - Message {"name":null, "sex":"M"} rejected
21:22:16.042 [pool-22-thread-1] INFO  r.m.l.rpks.impl.RuleProcessorImpl - An error occurred while processing message
21:22:16.042 [pool-22-thread-1] INFO  r.m.l.rpks.impl.KafkaReaderImpl - Message  rejected
21:22:16.042 [pool-22-thread-1] INFO  r.m.l.rpks.impl.RuleProcessorImpl - Check rule (field : name, function : EQUALS, value : alex)
21:22:16.042 [pool-22-thread-1] INFO  r.m.l.rpks.impl.RuleProcessorImpl - Checked message field value : alex
21:22:16.042 [pool-22-thread-1] INFO  r.m.l.rpks.impl.KafkaReaderImpl - Message {"name":"alex", "age":18, "sex":"M"} accepted
21:22:16.042 [pool-22-thread-1] INFO  r.m.l.rpks.impl.KafkaWriterImpl - Create kafka writer
21:22:16.961 [pool-20-thread-2] INFO  ru.mai.lessons.rpks.ServiceTest - Read messages 1
21:22:16.968 [Test worker] INFO  ru.mai.lessons.rpks.ServiceTest - Create filtering rule 1
21:22:16.973 [Test worker] INFO  ru.mai.lessons.rpks.ServiceTest - Check rule from DB
21:22:16.977 [Test worker] INFO  ru.mai.lessons.rpks.ServiceTest - Wait until application updated rules from DB
21:22:25.642 [pool-21-thread-1] INFO  r.m.l.rpks.impl.ServiceFiltering - Start loading rules from DB
21:22:25.648 [pool-21-thread-1] INFO  r.m.l.rpks.impl.ServiceFiltering - Read 1 rules
21:22:25.648 [pool-21-thread-1] INFO  r.m.l.rpks.impl.ServiceFiltering - End load rules from DB
21:22:26.298 [pool-7-thread-1] INFO  r.mai.lessons.rpks.impl.DbReaderImpl - SQL error HikariPool-4 - Connection is not available, request timed out after 30008ms.
21:22:26.298 [pool-7-thread-1] INFO  r.m.l.rpks.impl.ServiceFiltering - Read 0 rules
21:22:26.298 [pool-7-thread-1] INFO  r.m.l.rpks.impl.ServiceFiltering - End load rules from DB
21:22:26.298 [pool-7-thread-1] INFO  r.m.l.rpks.impl.ServiceFiltering - Start loading rules from DB
21:22:29.602 [pool-16-thread-1] INFO  r.mai.lessons.rpks.impl.DbReaderImpl - SQL error HikariPool-10 - Connection is not available, request timed out after 30010ms.
21:22:29.602 [pool-16-thread-1] INFO  r.m.l.rpks.impl.ServiceFiltering - Read 0 rules
21:22:29.602 [pool-16-thread-1] INFO  r.m.l.rpks.impl.ServiceFiltering - End load rules from DB
21:22:29.602 [pool-16-thread-1] INFO  r.m.l.rpks.impl.ServiceFiltering - Start loading rules from DB
21:22:32.439 [pool-4-thread-1] INFO  r.mai.lessons.rpks.impl.DbReaderImpl - SQL error HikariPool-2 - Connection is not available, request timed out after 30006ms.
21:22:32.439 [pool-4-thread-1] INFO  r.m.l.rpks.impl.ServiceFiltering - Read 0 rules
21:22:32.439 [pool-4-thread-1] INFO  r.m.l.rpks.impl.ServiceFiltering - End load rules from DB
21:22:32.439 [pool-4-thread-1] INFO  r.m.l.rpks.impl.ServiceFiltering - Start loading rules from DB
21:22:35.638 [pool-21-thread-1] INFO  r.m.l.rpks.impl.ServiceFiltering - Start loading rules from DB
21:22:35.643 [pool-21-thread-1] INFO  r.m.l.rpks.impl.ServiceFiltering - Read 1 rules
21:22:35.643 [pool-21-thread-1] INFO  r.m.l.rpks.impl.ServiceFiltering - End load rules from DB
21:22:36.990 [pool-22-thread-1] INFO  r.m.l.rpks.impl.RuleProcessorImpl - Check rule (field : name, function : CONTAINS, value : alexander)
21:22:36.991 [pool-22-thread-1] INFO  r.m.l.rpks.impl.RuleProcessorImpl - Checked message field value : alex_ivanov
21:22:36.991 [pool-22-thread-1] INFO  r.m.l.rpks.impl.KafkaReaderImpl - Message {"name":"alex_ivanov", "age":18, "sex":"M"} rejected
21:22:36.995 [pool-22-thread-1] INFO  r.m.l.rpks.impl.RuleProcessorImpl - Message does not contain field name
21:22:36.995 [pool-22-thread-1] INFO  r.m.l.rpks.impl.KafkaReaderImpl - Message {"age":17, "sex":"M"} rejected
21:22:37.000 [pool-22-thread-1] INFO  r.m.l.rpks.impl.RuleProcessorImpl - Check rule (field : name, function : CONTAINS, value : alexander)
21:22:37.000 [pool-22-thread-1] INFO  r.m.l.rpks.impl.RuleProcessorImpl - Checked message field value : pushkin
21:22:37.000 [pool-22-thread-1] INFO  r.m.l.rpks.impl.KafkaReaderImpl - Message {"name":"pushkin", "age":19, "sex":"M"} rejected
21:22:37.005 [pool-22-thread-1] INFO  r.m.l.rpks.impl.RuleProcessorImpl - Check rule (field : name, function : CONTAINS, value : alexander)
21:22:37.005 [pool-22-thread-1] INFO  r.m.l.rpks.impl.RuleProcessorImpl - Checked message field value : 
21:22:37.005 [pool-22-thread-1] INFO  r.m.l.rpks.impl.KafkaReaderImpl - Message {"name":"", "age":"", "sex":"M"} rejected
21:22:37.010 [pool-22-thread-1] INFO  r.m.l.rpks.impl.RuleProcessorImpl - An error occurred while processing message
21:22:37.010 [pool-22-thread-1] INFO  r.m.l.rpks.impl.KafkaReaderImpl - Message {"name":, "age":, "sex":"M"} rejected
21:22:37.016 [pool-22-thread-1] INFO  r.m.l.rpks.impl.RuleProcessorImpl - Check rule (field : name, function : CONTAINS, value : alexander)
21:22:37.017 [pool-22-thread-1] INFO  r.m.l.rpks.impl.RuleProcessorImpl - An error occurred while processing message
21:22:37.018 [pool-22-thread-1] INFO  r.m.l.rpks.impl.KafkaReaderImpl - Message {"name":null, "sex":"M"} rejected
21:22:37.023 [pool-22-thread-1] INFO  r.m.l.rpks.impl.RuleProcessorImpl - Check rule (field : name, function : CONTAINS, value : alexander)
21:22:37.023 [pool-22-thread-1] INFO  r.m.l.rpks.impl.RuleProcessorImpl - Checked message field value : alex
21:22:37.023 [pool-22-thread-1] INFO  r.m.l.rpks.impl.KafkaReaderImpl - Message {"name":"alex", "age":null, "sex":"M"} rejected
21:22:37.030 [pool-22-thread-1] INFO  r.m.l.rpks.impl.RuleProcessorImpl - An error occurred while processing message
21:22:37.030 [pool-22-thread-1] INFO  r.m.l.rpks.impl.KafkaReaderImpl - Message  rejected
21:22:37.036 [pool-22-thread-1] INFO  r.m.l.rpks.impl.RuleProcessorImpl - Check rule (field : name, function : CONTAINS, value : alexander)
21:22:37.037 [pool-22-thread-1] INFO  r.m.l.rpks.impl.RuleProcessorImpl - Checked message field value : alexander
21:22:37.037 [pool-22-thread-1] INFO  r.m.l.rpks.impl.KafkaReaderImpl - Message {"name":"alexander", "age":18, "sex":"M"} accepted
21:22:37.045 [pool-20-thread-1] INFO  ru.mai.lessons.rpks.ServiceTest - Read messages 1
21:22:40.588 [pool-10-thread-1] INFO  r.mai.lessons.rpks.impl.DbReaderImpl - SQL error HikariPool-6 - Connection is not available, request timed out after 30012ms.
21:22:40.588 [pool-10-thread-1] INFO  r.m.l.rpks.impl.ServiceFiltering - Read 0 rules
21:22:40.588 [pool-10-thread-1] INFO  r.m.l.rpks.impl.ServiceFiltering - End load rules from DB
21:22:40.589 [pool-10-thread-1] INFO  r.m.l.rpks.impl.ServiceFiltering - Start loading rules from DB
21:22:44.537 [pool-13-thread-1] INFO  r.mai.lessons.rpks.impl.DbReaderImpl - SQL error HikariPool-8 - Connection is not available, request timed out after 30003ms.
21:22:44.537 [pool-13-thread-1] INFO  r.m.l.rpks.impl.ServiceFiltering - Read 0 rules
21:22:44.537 [pool-13-thread-1] INFO  r.m.l.rpks.impl.ServiceFiltering - End load rules from DB
21:22:44.537 [pool-13-thread-1] INFO  r.m.l.rpks.impl.ServiceFiltering - Start loading rules from DB
21:22:45.648 [pool-21-thread-1] INFO  r.m.l.rpks.impl.ServiceFiltering - Start loading rules from DB
21:22:49.040 [Test worker] INFO  ru.mai.lessons.rpks.ServiceTest - Topics: [(name=test_topic_in, numPartitions=3, replicationFactor=1, replicasAssignments=null, configs=null), (name=test_topic_out, numPartitions=3, replicationFactor=1, replicasAssignments=null, configs=null)], replica factor 1, partitions 3
21:22:49.070 [Test worker] INFO  ru.mai.lessons.rpks.ServiceTest - Topic not exist. Create topics [(name=test_topic_in, numPartitions=3, replicationFactor=1, replicasAssignments=null, configs=null), (name=test_topic_out, numPartitions=3, replicationFactor=1, replicasAssignments=null, configs=null)]
21:22:49.573 [Test worker] INFO  ru.mai.lessons.rpks.ServiceTest - Create filtering rule 1
21:22:49.591 [Test worker] INFO  ru.mai.lessons.rpks.ServiceTest - Check rule from DB
21:22:49.623 [pool-23-thread-1] INFO  r.m.l.rpks.impl.KafkaReaderImpl - Start Kafka reader
21:22:49.623 [pool-24-thread-1] INFO  r.m.l.rpks.impl.ServiceFiltering - Start loading rules from DB
21:22:49.628 [pool-24-thread-1] INFO  r.m.l.rpks.impl.ServiceFiltering - Read 1 rules
21:22:49.628 [pool-24-thread-1] INFO  r.m.l.rpks.impl.ServiceFiltering - End load rules from DB
21:22:49.631 [pool-23-thread-1] INFO  r.m.l.rpks.impl.KafkaReaderImpl - Kafka consumer created
21:22:49.632 [pool-23-thread-1] INFO  r.m.l.rpks.impl.KafkaReaderImpl - Set kafka topic : test_topic_in
21:22:49.633 [pool-25-thread-1] INFO  r.m.l.rpks.impl.KafkaReaderImpl - Start consumer reading
21:22:49.926 [pool-23-thread-2] INFO  ru.mai.lessons.rpks.ServiceTest - Remaining attempts 10
21:22:50.068 [pool-25-thread-1] INFO  r.m.l.rpks.impl.RuleProcessorImpl - Check rule (field : name, function : NOT_CONTAINS, value : alexander)
21:22:50.068 [pool-25-thread-1] INFO  r.m.l.rpks.impl.RuleProcessorImpl - Checked message field value : alexander_pushkin
21:22:50.068 [pool-25-thread-1] INFO  r.m.l.rpks.impl.KafkaReaderImpl - Message {"name":"alexander_pushkin", "age":null} rejected
21:22:50.068 [pool-25-thread-1] INFO  r.m.l.rpks.impl.RuleProcessorImpl - Check rule (field : name, function : NOT_CONTAINS, value : alexander)
21:22:50.068 [pool-25-thread-1] INFO  r.m.l.rpks.impl.RuleProcessorImpl - Checked message field value : alexander_pushkin
21:22:50.068 [pool-25-thread-1] INFO  r.m.l.rpks.impl.KafkaReaderImpl - Message {"name":"alexander_pushkin", "age":19, "sex":"M"} rejected
21:22:50.069 [pool-25-thread-1] INFO  r.m.l.rpks.impl.RuleProcessorImpl - Check rule (field : name, function : NOT_CONTAINS, value : alexander)
21:22:50.069 [pool-25-thread-1] INFO  r.m.l.rpks.impl.RuleProcessorImpl - Checked message field value : alexander_pushkin
21:22:50.070 [pool-25-thread-1] INFO  r.m.l.rpks.impl.KafkaReaderImpl - Message {"name":"alexander_pushkin"} rejected
21:22:50.070 [pool-25-thread-1] INFO  r.m.l.rpks.impl.RuleProcessorImpl - An error occurred while processing message
21:22:50.070 [pool-25-thread-1] INFO  r.m.l.rpks.impl.KafkaReaderImpl - Message {"name":"alexander_pushkin", "age":, "sex":null} rejected
21:22:50.070 [pool-25-thread-1] INFO  r.m.l.rpks.impl.RuleProcessorImpl - Check rule (field : name, function : NOT_CONTAINS, value : alexander)
21:22:50.070 [pool-25-thread-1] INFO  r.m.l.rpks.impl.RuleProcessorImpl - Checked message field value : alexander_pushkin
21:22:50.070 [pool-25-thread-1] INFO  r.m.l.rpks.impl.KafkaReaderImpl - Message {"name":"alexander_pushkin", "sex":"M"} rejected
21:22:50.071 [pool-25-thread-1] INFO  r.m.l.rpks.impl.RuleProcessorImpl - Check rule (field : name, function : NOT_CONTAINS, value : alexander)
21:22:50.071 [pool-25-thread-1] INFO  r.m.l.rpks.impl.RuleProcessorImpl - Checked message field value : alex_pushkin
21:22:50.071 [pool-25-thread-1] INFO  r.m.l.rpks.impl.KafkaReaderImpl - Message {"name":"alex_pushkin", "age":18, "sex":"M"} accepted
21:22:50.071 [pool-25-thread-1] INFO  r.m.l.rpks.impl.KafkaWriterImpl - Create kafka writer
21:22:50.951 [pool-23-thread-2] INFO  ru.mai.lessons.rpks.ServiceTest - Read messages 1
21:22:56.308 [pool-7-thread-1] INFO  r.mai.lessons.rpks.impl.DbReaderImpl - SQL error HikariPool-4 - Connection is not available, request timed out after 30009ms.
21:22:56.308 [pool-7-thread-1] INFO  r.m.l.rpks.impl.ServiceFiltering - Read 0 rules
21:22:56.308 [pool-7-thread-1] INFO  r.m.l.rpks.impl.ServiceFiltering - End load rules from DB
21:22:56.308 [pool-7-thread-1] INFO  r.m.l.rpks.impl.ServiceFiltering - Start loading rules from DB
21:22:59.610 [pool-16-thread-1] INFO  r.mai.lessons.rpks.impl.DbReaderImpl - SQL error HikariPool-10 - Connection is not available, request timed out after 30007ms.
21:22:59.610 [pool-16-thread-1] INFO  r.m.l.rpks.impl.ServiceFiltering - Read 0 rules
21:22:59.610 [pool-16-thread-1] INFO  r.m.l.rpks.impl.ServiceFiltering - End load rules from DB
21:22:59.610 [pool-16-thread-1] INFO  r.m.l.rpks.impl.ServiceFiltering - Start loading rules from DB
21:22:59.626 [pool-24-thread-1] INFO  r.m.l.rpks.impl.ServiceFiltering - Start loading rules from DB
21:23:02.441 [pool-4-thread-1] INFO  r.mai.lessons.rpks.impl.DbReaderImpl - SQL error HikariPool-2 - Connection is not available, request timed out after 30001ms.
21:23:02.441 [pool-4-thread-1] INFO  r.m.l.rpks.impl.ServiceFiltering - Read 0 rules
21:23:02.441 [pool-4-thread-1] INFO  r.m.l.rpks.impl.ServiceFiltering - End load rules from DB
21:23:02.441 [pool-4-thread-1] INFO  r.m.l.rpks.impl.ServiceFiltering - Start loading rules from DB
21:23:02.905 [Test worker] INFO  ru.mai.lessons.rpks.ServiceTest - Topics: [(name=test_topic_in, numPartitions=3, replicationFactor=1, replicasAssignments=null, configs=null), (name=test_topic_out, numPartitions=3, replicationFactor=1, replicasAssignments=null, configs=null)], replica factor 1, partitions 3
21:23:02.934 [Test worker] INFO  ru.mai.lessons.rpks.ServiceTest - Topic not exist. Create topics [(name=test_topic_in, numPartitions=3, replicationFactor=1, replicasAssignments=null, configs=null), (name=test_topic_out, numPartitions=3, replicationFactor=1, replicasAssignments=null, configs=null)]
21:23:03.429 [Test worker] INFO  ru.mai.lessons.rpks.ServiceTest - Create filtering rule 1
21:23:03.447 [Test worker] INFO  ru.mai.lessons.rpks.ServiceTest - Check rule from DB
21:23:03.450 [Test worker] INFO  ru.mai.lessons.rpks.ServiceTest - Create filtering rule 1
21:23:03.473 [Test worker] INFO  ru.mai.lessons.rpks.ServiceTest - Check rule from DB
21:23:03.497 [pool-26-thread-1] INFO  r.m.l.rpks.impl.KafkaReaderImpl - Start Kafka reader
21:23:03.497 [pool-27-thread-1] INFO  r.m.l.rpks.impl.ServiceFiltering - Start loading rules from DB
21:23:03.504 [pool-26-thread-1] INFO  r.m.l.rpks.impl.KafkaReaderImpl - Kafka consumer created
21:23:03.504 [pool-26-thread-1] INFO  r.m.l.rpks.impl.KafkaReaderImpl - Set kafka topic : test_topic_in
21:23:03.504 [pool-28-thread-1] INFO  r.m.l.rpks.impl.KafkaReaderImpl - Start consumer reading
21:23:03.507 [pool-27-thread-1] INFO  r.m.l.rpks.impl.ServiceFiltering - Read 2 rules
21:23:03.508 [pool-27-thread-1] INFO  r.m.l.rpks.impl.ServiceFiltering - End load rules from DB
21:23:03.838 [pool-26-thread-2] INFO  ru.mai.lessons.rpks.ServiceTest - Remaining attempts 10
21:23:04.003 [pool-28-thread-1] INFO  r.m.l.rpks.impl.RuleProcessorImpl - Check rule (field : age, function : EQUALS, value : 18)
21:23:04.003 [pool-28-thread-1] INFO  r.m.l.rpks.impl.RuleProcessorImpl - Checked message field value : 18
21:23:04.003 [pool-28-thread-1] INFO  r.m.l.rpks.impl.RuleProcessorImpl - Check rule (field : name, function : NOT_CONTAINS, value : ivanov)
21:23:04.003 [pool-28-thread-1] INFO  r.m.l.rpks.impl.RuleProcessorImpl - Checked message field value : alexander_pushkin
21:23:04.003 [pool-28-thread-1] INFO  r.m.l.rpks.impl.KafkaReaderImpl - Message {"name":"alexander_pushkin", "age":18, "sex":"M"} accepted
21:23:04.003 [pool-28-thread-1] INFO  r.m.l.rpks.impl.KafkaWriterImpl - Create kafka writer
21:23:04.020 [pool-28-thread-1] INFO  r.m.l.rpks.impl.RuleProcessorImpl - Check rule (field : age, function : EQUALS, value : 18)
21:23:04.020 [pool-28-thread-1] INFO  r.m.l.rpks.impl.RuleProcessorImpl - Checked message field value : 18
21:23:04.020 [pool-28-thread-1] INFO  r.m.l.rpks.impl.RuleProcessorImpl - Check rule (field : name, function : NOT_CONTAINS, value : ivanov)
21:23:04.020 [pool-28-thread-1] INFO  r.m.l.rpks.impl.RuleProcessorImpl - Checked message field value : alex_ivanov
21:23:04.020 [pool-28-thread-1] INFO  r.m.l.rpks.impl.KafkaReaderImpl - Message {"name":"alex_ivanov", "age":18, "sex":"M"} rejected
21:23:04.021 [pool-28-thread-1] INFO  r.m.l.rpks.impl.RuleProcessorImpl - Check rule (field : age, function : EQUALS, value : 18)
21:23:04.021 [pool-28-thread-1] INFO  r.m.l.rpks.impl.RuleProcessorImpl - Checked message field value : 18
21:23:04.021 [pool-28-thread-1] INFO  r.m.l.rpks.impl.RuleProcessorImpl - Message does not contain field name
21:23:04.021 [pool-28-thread-1] INFO  r.m.l.rpks.impl.KafkaReaderImpl - Message {"age":18, "sex":"M"} rejected
21:23:04.021 [pool-28-thread-1] INFO  r.m.l.rpks.impl.RuleProcessorImpl - Check rule (field : age, function : EQUALS, value : 18)
21:23:04.021 [pool-28-thread-1] INFO  r.m.l.rpks.impl.RuleProcessorImpl - Checked message field value : 19
21:23:04.021 [pool-28-thread-1] INFO  r.m.l.rpks.impl.KafkaReaderImpl - Message {"name":"pushkin", "age":19, "sex":"M"} rejected
21:23:04.021 [pool-28-thread-1] INFO  r.m.l.rpks.impl.RuleProcessorImpl - Check rule (field : age, function : EQUALS, value : 18)
21:23:04.021 [pool-28-thread-1] INFO  r.m.l.rpks.impl.RuleProcessorImpl - An error occurred while processing message
21:23:04.021 [pool-28-thread-1] INFO  r.m.l.rpks.impl.KafkaReaderImpl - Message {"name":"alexander", "age":null, "sex":"M"} rejected
21:23:04.021 [pool-28-thread-1] INFO  r.m.l.rpks.impl.RuleProcessorImpl - Check rule (field : age, function : EQUALS, value : 18)
21:23:04.021 [pool-28-thread-1] INFO  r.m.l.rpks.impl.RuleProcessorImpl - Checked message field value : 
21:23:04.022 [pool-28-thread-1] INFO  r.m.l.rpks.impl.KafkaReaderImpl - Message {"name":"", "age":"", "sex":"M"} rejected
21:23:04.022 [pool-28-thread-1] INFO  r.m.l.rpks.impl.RuleProcessorImpl - Message does not contain field age
21:23:04.022 [pool-28-thread-1] INFO  r.m.l.rpks.impl.KafkaReaderImpl - Message {"name":null, "sex":"M"} rejected
21:23:04.022 [pool-28-thread-1] INFO  r.m.l.rpks.impl.RuleProcessorImpl - An error occurred while processing message
21:23:04.022 [pool-28-thread-1] INFO  r.m.l.rpks.impl.KafkaReaderImpl - Message {"name":"alexander", "age":, "sex":"M"} rejected
21:23:04.022 [pool-28-thread-1] INFO  r.m.l.rpks.impl.RuleProcessorImpl - An error occurred while processing message
21:23:04.022 [pool-28-thread-1] INFO  r.m.l.rpks.impl.KafkaReaderImpl - Message  rejected
21:23:04.863 [pool-26-thread-2] INFO  ru.mai.lessons.rpks.ServiceTest - Read messages 1
21:23:10.603 [pool-10-thread-1] INFO  r.mai.lessons.rpks.impl.DbReaderImpl - SQL error HikariPool-6 - Connection is not available, request timed out after 30013ms.
21:23:10.603 [pool-10-thread-1] INFO  r.m.l.rpks.impl.ServiceFiltering - Read 0 rules
21:23:10.603 [pool-10-thread-1] INFO  r.m.l.rpks.impl.ServiceFiltering - End load rules from DB
21:23:10.603 [pool-10-thread-1] INFO  r.m.l.rpks.impl.ServiceFiltering - Start loading rules from DB
21:23:13.510 [pool-27-thread-1] INFO  r.m.l.rpks.impl.ServiceFiltering - Start loading rules from DB
21:23:14.550 [pool-13-thread-1] INFO  r.mai.lessons.rpks.impl.DbReaderImpl - SQL error HikariPool-8 - Connection is not available, request timed out after 30012ms.
21:23:14.550 [pool-13-thread-1] INFO  r.m.l.rpks.impl.ServiceFiltering - Read 0 rules
21:23:14.550 [pool-13-thread-1] INFO  r.m.l.rpks.impl.ServiceFiltering - End load rules from DB
21:23:14.550 [pool-13-thread-1] INFO  r.m.l.rpks.impl.ServiceFiltering - Start loading rules from DB
21:23:15.652 [pool-21-thread-1] INFO  r.mai.lessons.rpks.impl.DbReaderImpl - SQL error HikariPool-12 - Connection is not available, request timed out after 30004ms.
21:23:15.652 [pool-21-thread-1] INFO  r.m.l.rpks.impl.ServiceFiltering - Read 0 rules
21:23:15.652 [pool-21-thread-1] INFO  r.m.l.rpks.impl.ServiceFiltering - End load rules from DB
21:23:15.652 [pool-21-thread-1] INFO  r.m.l.rpks.impl.ServiceFiltering - Start loading rules from DB
21:23:16.999 [Test worker] INFO  ru.mai.lessons.rpks.ServiceTest - Topics: [(name=test_topic_in, numPartitions=3, replicationFactor=1, replicasAssignments=null, configs=null), (name=test_topic_out, numPartitions=3, replicationFactor=1, replicasAssignments=null, configs=null)], replica factor 1, partitions 3
21:23:17.029 [Test worker] INFO  ru.mai.lessons.rpks.ServiceTest - Topic not exist. Create topics [(name=test_topic_in, numPartitions=3, replicationFactor=1, replicasAssignments=null, configs=null), (name=test_topic_out, numPartitions=3, replicationFactor=1, replicasAssignments=null, configs=null)]
21:23:17.533 [Test worker] INFO  ru.mai.lessons.rpks.ServiceTest - Create filtering rule 1
21:23:17.553 [Test worker] INFO  ru.mai.lessons.rpks.ServiceTest - Check rule from DB
21:23:17.582 [pool-29-thread-1] INFO  r.m.l.rpks.impl.KafkaReaderImpl - Start Kafka reader
21:23:17.583 [pool-30-thread-1] INFO  r.m.l.rpks.impl.ServiceFiltering - Start loading rules from DB
21:23:17.589 [pool-29-thread-1] INFO  r.m.l.rpks.impl.KafkaReaderImpl - Kafka consumer created
21:23:17.589 [pool-29-thread-1] INFO  r.m.l.rpks.impl.KafkaReaderImpl - Set kafka topic : test_topic_in
21:23:17.589 [pool-30-thread-1] INFO  r.m.l.rpks.impl.ServiceFiltering - Read 1 rules
21:23:17.589 [pool-30-thread-1] INFO  r.m.l.rpks.impl.ServiceFiltering - End load rules from DB
21:23:17.590 [pool-31-thread-1] INFO  r.m.l.rpks.impl.KafkaReaderImpl - Start consumer reading
21:23:17.878 [pool-29-thread-2] INFO  ru.mai.lessons.rpks.ServiceTest - Remaining attempts 10
21:23:18.048 [pool-31-thread-1] INFO  r.m.l.rpks.impl.RuleProcessorImpl - Check rule (field : name, function : CONTAINS, value : alexander)
21:23:18.048 [pool-31-thread-1] INFO  r.m.l.rpks.impl.RuleProcessorImpl - Checked message field value : no_alex
21:23:18.048 [pool-31-thread-1] INFO  r.m.l.rpks.impl.KafkaReaderImpl - Message {"name":"no_alex", "age":18, "sex":"M"} rejected
21:23:18.048 [pool-31-thread-1] INFO  r.m.l.rpks.impl.RuleProcessorImpl - Message does not contain field name
21:23:18.048 [pool-31-thread-1] INFO  r.m.l.rpks.impl.KafkaReaderImpl - Message {"age":18, "sex":"M"} rejected
21:23:18.049 [pool-31-thread-1] INFO  r.m.l.rpks.impl.RuleProcessorImpl - Check rule (field : name, function : CONTAINS, value : alexander)
21:23:18.049 [pool-31-thread-1] INFO  r.m.l.rpks.impl.RuleProcessorImpl - Checked message field value : 
21:23:18.050 [pool-31-thread-1] INFO  r.m.l.rpks.impl.KafkaReaderImpl - Message {"name":"", "age":18, "sex":"M"} rejected
21:23:18.050 [pool-31-thread-1] INFO  r.m.l.rpks.impl.RuleProcessorImpl - Check rule (field : name, function : CONTAINS, value : alexander)
21:23:18.050 [pool-31-thread-1] INFO  r.m.l.rpks.impl.RuleProcessorImpl - An error occurred while processing message
21:23:18.050 [pool-31-thread-1] INFO  r.m.l.rpks.impl.KafkaReaderImpl - Message {"name":null, "age":18, "sex":"M"} rejected
21:23:18.050 [pool-31-thread-1] INFO  r.m.l.rpks.impl.RuleProcessorImpl - An error occurred while processing message
21:23:18.050 [pool-31-thread-1] INFO  r.m.l.rpks.impl.KafkaReaderImpl - Message  rejected
21:23:18.050 [pool-31-thread-1] INFO  r.m.l.rpks.impl.RuleProcessorImpl - Check rule (field : name, function : CONTAINS, value : alexander)
21:23:18.050 [pool-31-thread-1] INFO  r.m.l.rpks.impl.RuleProcessorImpl - Checked message field value : alexander_pushkin
21:23:18.050 [pool-31-thread-1] INFO  r.m.l.rpks.impl.KafkaReaderImpl - Message {"name":"alexander_pushkin", "age":18, "sex":"M"} accepted
21:23:18.050 [pool-31-thread-1] INFO  r.m.l.rpks.impl.KafkaWriterImpl - Create kafka writer
21:23:18.901 [pool-29-thread-2] INFO  ru.mai.lessons.rpks.ServiceTest - Read messages 1
21:23:26.309 [pool-7-thread-1] INFO  r.mai.lessons.rpks.impl.DbReaderImpl - SQL error HikariPool-4 - Connection is not available, request timed out after 30000ms.
21:23:26.309 [pool-7-thread-1] INFO  r.m.l.rpks.impl.ServiceFiltering - Read 0 rules
21:23:26.309 [pool-7-thread-1] INFO  r.m.l.rpks.impl.ServiceFiltering - End load rules from DB
21:23:26.309 [pool-7-thread-1] INFO  r.m.l.rpks.impl.ServiceFiltering - Start loading rules from DB
21:23:27.598 [pool-30-thread-1] INFO  r.m.l.rpks.impl.ServiceFiltering - Start loading rules from DB
21:23:29.614 [pool-16-thread-1] INFO  r.mai.lessons.rpks.impl.DbReaderImpl - SQL error HikariPool-10 - Connection is not available, request timed out after 30003ms.
21:23:29.614 [pool-16-thread-1] INFO  r.m.l.rpks.impl.ServiceFiltering - Read 0 rules
21:23:29.614 [pool-16-thread-1] INFO  r.m.l.rpks.impl.ServiceFiltering - End load rules from DB
21:23:29.614 [pool-16-thread-1] INFO  r.m.l.rpks.impl.ServiceFiltering - Start loading rules from DB
21:23:29.629 [pool-24-thread-1] INFO  r.mai.lessons.rpks.impl.DbReaderImpl - SQL error HikariPool-14 - Connection is not available, request timed out after 30003ms.
21:23:29.633 [pool-24-thread-1] INFO  r.m.l.rpks.impl.ServiceFiltering - Read 0 rules
21:23:29.633 [pool-24-thread-1] INFO  r.m.l.rpks.impl.ServiceFiltering - End load rules from DB
21:23:29.634 [pool-24-thread-1] INFO  r.m.l.rpks.impl.ServiceFiltering - Start loading rules from DB
21:23:31.162 [Test worker] INFO  ru.mai.lessons.rpks.ServiceTest - Topics: [(name=test_topic_in, numPartitions=3, replicationFactor=1, replicasAssignments=null, configs=null), (name=test_topic_out, numPartitions=3, replicationFactor=1, replicasAssignments=null, configs=null)], replica factor 1, partitions 3
21:23:31.190 [Test worker] INFO  ru.mai.lessons.rpks.ServiceTest - Topic not exist. Create topics [(name=test_topic_in, numPartitions=3, replicationFactor=1, replicasAssignments=null, configs=null), (name=test_topic_out, numPartitions=3, replicationFactor=1, replicasAssignments=null, configs=null)]
21:23:31.694 [Test worker] INFO  ru.mai.lessons.rpks.ServiceTest - Create filtering rule 1
21:23:31.716 [Test worker] INFO  ru.mai.lessons.rpks.ServiceTest - Check rule from DB
21:23:31.720 [Test worker] INFO  ru.mai.lessons.rpks.ServiceTest - Create filtering rule 1
21:23:31.752 [Test worker] INFO  ru.mai.lessons.rpks.ServiceTest - Check rule from DB
21:23:31.781 [pool-32-thread-1] INFO  r.m.l.rpks.impl.KafkaReaderImpl - Start Kafka reader
21:23:31.781 [pool-33-thread-1] INFO  r.m.l.rpks.impl.ServiceFiltering - Start loading rules from DB
21:23:31.786 [pool-32-thread-1] INFO  r.m.l.rpks.impl.KafkaReaderImpl - Kafka consumer created
21:23:31.786 [pool-32-thread-1] INFO  r.m.l.rpks.impl.KafkaReaderImpl - Set kafka topic : test_topic_in
21:23:31.786 [pool-33-thread-1] INFO  r.m.l.rpks.impl.ServiceFiltering - Read 2 rules
21:23:31.786 [pool-33-thread-1] INFO  r.m.l.rpks.impl.ServiceFiltering - End load rules from DB
21:23:31.786 [pool-34-thread-1] INFO  r.m.l.rpks.impl.KafkaReaderImpl - Start consumer reading
21:23:32.124 [pool-32-thread-2] INFO  ru.mai.lessons.rpks.ServiceTest - Remaining attempts 10
21:23:32.215 [pool-34-thread-1] INFO  r.m.l.rpks.impl.RuleProcessorImpl - Check rule (field : age, function : EQUALS, value : 18)
21:23:32.215 [pool-34-thread-1] INFO  r.m.l.rpks.impl.RuleProcessorImpl - Checked message field value : 18
21:23:32.215 [pool-34-thread-1] INFO  r.m.l.rpks.impl.RuleProcessorImpl - Check rule (field : name, function : CONTAINS, value : alexander)
21:23:32.215 [pool-34-thread-1] INFO  r.m.l.rpks.impl.RuleProcessorImpl - Checked message field value : alexander_pushkin
21:23:32.215 [pool-34-thread-1] INFO  r.m.l.rpks.impl.KafkaReaderImpl - Message {"name":"alexander_pushkin", "age":18, "sex":"M"} accepted
21:23:32.215 [pool-34-thread-1] INFO  r.m.l.rpks.impl.KafkaWriterImpl - Create kafka writer
21:23:32.230 [pool-34-thread-1] INFO  r.m.l.rpks.impl.RuleProcessorImpl - Check rule (field : age, function : EQUALS, value : 18)
21:23:32.230 [pool-34-thread-1] INFO  r.m.l.rpks.impl.RuleProcessorImpl - Checked message field value : 18
21:23:32.230 [pool-34-thread-1] INFO  r.m.l.rpks.impl.RuleProcessorImpl - Check rule (field : name, function : CONTAINS, value : alexander)
21:23:32.230 [pool-34-thread-1] INFO  r.m.l.rpks.impl.RuleProcessorImpl - Checked message field value : alex_ivanov
21:23:32.230 [pool-34-thread-1] INFO  r.m.l.rpks.impl.KafkaReaderImpl - Message {"name":"alex_ivanov", "age":18, "sex":"M"} rejected
21:23:32.230 [pool-34-thread-1] INFO  r.m.l.rpks.impl.RuleProcessorImpl - An error occurred while processing message
21:23:32.230 [pool-34-thread-1] INFO  r.m.l.rpks.impl.KafkaReaderImpl - Message {"name":"alexander", "age":, "sex":"M"} rejected
21:23:32.230 [pool-34-thread-1] INFO  r.m.l.rpks.impl.RuleProcessorImpl - Check rule (field : age, function : EQUALS, value : 18)
21:23:32.230 [pool-34-thread-1] INFO  r.m.l.rpks.impl.RuleProcessorImpl - Checked message field value : 19
21:23:32.230 [pool-34-thread-1] INFO  r.m.l.rpks.impl.KafkaReaderImpl - Message {"name":"alexander", "age":19, "sex":"M"} rejected
21:23:32.230 [pool-34-thread-1] INFO  r.m.l.rpks.impl.RuleProcessorImpl - Check rule (field : age, function : EQUALS, value : 18)
21:23:32.230 [pool-34-thread-1] INFO  r.m.l.rpks.impl.RuleProcessorImpl - Checked message field value : 18
21:23:32.230 [pool-34-thread-1] INFO  r.m.l.rpks.impl.RuleProcessorImpl - Check rule (field : name, function : CONTAINS, value : alexander)
21:23:32.230 [pool-34-thread-1] INFO  r.m.l.rpks.impl.RuleProcessorImpl - Checked message field value : ivanov
21:23:32.230 [pool-34-thread-1] INFO  r.m.l.rpks.impl.KafkaReaderImpl - Message {"name":"ivanov", "age":18, "sex":"M"} rejected
21:23:32.230 [pool-34-thread-1] INFO  r.m.l.rpks.impl.RuleProcessorImpl - Check rule (field : age, function : EQUALS, value : 18)
21:23:32.231 [pool-34-thread-1] INFO  r.m.l.rpks.impl.RuleProcessorImpl - Checked message field value : 18
21:23:32.231 [pool-34-thread-1] INFO  r.m.l.rpks.impl.RuleProcessorImpl - Message does not contain field name
21:23:32.231 [pool-34-thread-1] INFO  r.m.l.rpks.impl.KafkaReaderImpl - Message {"age":18, "sex":"M"} rejected
21:23:32.231 [pool-34-thread-1] INFO  r.m.l.rpks.impl.RuleProcessorImpl - Check rule (field : age, function : EQUALS, value : 18)
21:23:32.231 [pool-34-thread-1] INFO  r.m.l.rpks.impl.RuleProcessorImpl - Checked message field value : 
21:23:32.231 [pool-34-thread-1] INFO  r.m.l.rpks.impl.KafkaReaderImpl - Message {"name":"", "age":"", "sex":"M"} rejected
21:23:32.231 [pool-34-thread-1] INFO  r.m.l.rpks.impl.RuleProcessorImpl - Check rule (field : age, function : EQUALS, value : 18)
21:23:32.231 [pool-34-thread-1] INFO  r.m.l.rpks.impl.RuleProcessorImpl - Checked message field value : 18
21:23:32.231 [pool-34-thread-1] INFO  r.m.l.rpks.impl.RuleProcessorImpl - Check rule (field : name, function : CONTAINS, value : alexander)
21:23:32.231 [pool-34-thread-1] INFO  r.m.l.rpks.impl.RuleProcessorImpl - An error occurred while processing message
21:23:32.231 [pool-34-thread-1] INFO  r.m.l.rpks.impl.KafkaReaderImpl - Message {"name":null, "age":18, "sex":"M"} rejected
21:23:32.231 [pool-34-thread-1] INFO  r.m.l.rpks.impl.RuleProcessorImpl - Check rule (field : age, function : EQUALS, value : 18)
21:23:32.231 [pool-34-thread-1] INFO  r.m.l.rpks.impl.RuleProcessorImpl - An error occurred while processing message
21:23:32.231 [pool-34-thread-1] INFO  r.m.l.rpks.impl.KafkaReaderImpl - Message {"name":"alexander", "age":null, "sex":"M"} rejected
21:23:32.232 [pool-34-thread-1] INFO  r.m.l.rpks.impl.RuleProcessorImpl - Check rule (field : age, function : EQUALS, value : 18)
21:23:32.232 [pool-34-thread-1] INFO  r.m.l.rpks.impl.RuleProcessorImpl - Checked message field value : 18
21:23:32.232 [pool-34-thread-1] INFO  r.m.l.rpks.impl.RuleProcessorImpl - Check rule (field : name, function : CONTAINS, value : alexander)
21:23:32.232 [pool-34-thread-1] INFO  r.m.l.rpks.impl.RuleProcessorImpl - Checked message field value : pushkin
21:23:32.232 [pool-34-thread-1] INFO  r.m.l.rpks.impl.KafkaReaderImpl - Message {"name":"pushkin", "age":18, "sex":"M"} rejected
21:23:32.232 [pool-34-thread-1] INFO  r.m.l.rpks.impl.RuleProcessorImpl - An error occurred while processing message
21:23:32.232 [pool-34-thread-1] INFO  r.m.l.rpks.impl.KafkaReaderImpl - Message  rejected
21:23:32.450 [pool-4-thread-1] INFO  r.mai.lessons.rpks.impl.DbReaderImpl - SQL error HikariPool-2 - Connection is not available, request timed out after 30008ms.
21:23:32.450 [pool-4-thread-1] INFO  r.m.l.rpks.impl.ServiceFiltering - Read 0 rules
21:23:32.450 [pool-4-thread-1] INFO  r.m.l.rpks.impl.ServiceFiltering - End load rules from DB
21:23:32.450 [pool-4-thread-1] INFO  r.m.l.rpks.impl.ServiceFiltering - Start loading rules from DB
21:23:33.150 [pool-32-thread-2] INFO  ru.mai.lessons.rpks.ServiceTest - Read messages 1
21:23:40.618 [pool-10-thread-1] INFO  r.mai.lessons.rpks.impl.DbReaderImpl - SQL error HikariPool-6 - Connection is not available, request timed out after 30014ms.
21:23:40.618 [pool-10-thread-1] INFO  r.m.l.rpks.impl.ServiceFiltering - Read 0 rules
21:23:40.618 [pool-10-thread-1] INFO  r.m.l.rpks.impl.ServiceFiltering - End load rules from DB
21:23:40.618 [pool-10-thread-1] INFO  r.m.l.rpks.impl.ServiceFiltering - Start loading rules from DB
21:23:41.786 [pool-33-thread-1] INFO  r.m.l.rpks.impl.ServiceFiltering - Start loading rules from DB
21:23:43.511 [pool-27-thread-1] INFO  r.mai.lessons.rpks.impl.DbReaderImpl - SQL error HikariPool-16 - Connection is not available, request timed out after 30000ms.
21:23:43.511 [pool-27-thread-1] INFO  r.m.l.rpks.impl.ServiceFiltering - Read 0 rules
21:23:43.511 [pool-27-thread-1] INFO  r.m.l.rpks.impl.ServiceFiltering - End load rules from DB
21:23:43.511 [pool-27-thread-1] INFO  r.m.l.rpks.impl.ServiceFiltering - Start loading rules from DB
21:23:44.555 [pool-13-thread-1] INFO  r.mai.lessons.rpks.impl.DbReaderImpl - SQL error HikariPool-8 - Connection is not available, request timed out after 30004ms.
21:23:44.555 [pool-13-thread-1] INFO  r.m.l.rpks.impl.ServiceFiltering - Read 0 rules
21:23:44.555 [pool-13-thread-1] INFO  r.m.l.rpks.impl.ServiceFiltering - End load rules from DB
21:23:44.555 [pool-13-thread-1] INFO  r.m.l.rpks.impl.ServiceFiltering - Start loading rules from DB
21:23:45.151 [Test worker] INFO  ru.mai.lessons.rpks.ServiceTest - Topics: [(name=test_topic_in, numPartitions=3, replicationFactor=1, replicasAssignments=null, configs=null), (name=test_topic_out, numPartitions=3, replicationFactor=1, replicasAssignments=null, configs=null)], replica factor 1, partitions 3
21:23:45.177 [Test worker] INFO  ru.mai.lessons.rpks.ServiceTest - Topic not exist. Create topics [(name=test_topic_in, numPartitions=3, replicationFactor=1, replicasAssignments=null, configs=null), (name=test_topic_out, numPartitions=3, replicationFactor=1, replicasAssignments=null, configs=null)]
21:23:45.627 [Test worker] INFO  ru.mai.lessons.rpks.ServiceTest - Create filtering rule 1
21:23:45.648 [Test worker] INFO  ru.mai.lessons.rpks.ServiceTest - Check rule from DB
21:23:45.660 [pool-21-thread-1] INFO  r.mai.lessons.rpks.impl.DbReaderImpl - SQL error HikariPool-12 - Connection is not available, request timed out after 30006ms.
21:23:45.660 [pool-21-thread-1] INFO  r.m.l.rpks.impl.ServiceFiltering - Read 0 rules
21:23:45.660 [pool-21-thread-1] INFO  r.m.l.rpks.impl.ServiceFiltering - End load rules from DB
21:23:45.660 [pool-21-thread-1] INFO  r.m.l.rpks.impl.ServiceFiltering - Start loading rules from DB
21:23:45.682 [pool-35-thread-1] INFO  r.m.l.rpks.impl.KafkaReaderImpl - Start Kafka reader
21:23:45.683 [pool-36-thread-1] INFO  r.m.l.rpks.impl.ServiceFiltering - Start loading rules from DB
21:23:45.688 [pool-35-thread-1] INFO  r.m.l.rpks.impl.KafkaReaderImpl - Kafka consumer created
21:23:45.688 [pool-35-thread-1] INFO  r.m.l.rpks.impl.KafkaReaderImpl - Set kafka topic : test_topic_in
21:23:45.689 [pool-37-thread-1] INFO  r.m.l.rpks.impl.KafkaReaderImpl - Start consumer reading
21:23:45.691 [pool-36-thread-1] INFO  r.m.l.rpks.impl.ServiceFiltering - Read 1 rules
21:23:45.691 [pool-36-thread-1] INFO  r.m.l.rpks.impl.ServiceFiltering - End load rules from DB
21:23:45.955 [pool-35-thread-2] INFO  ru.mai.lessons.rpks.ServiceTest - Remaining attempts 10
21:23:46.117 [pool-37-thread-1] INFO  r.m.l.rpks.impl.RuleProcessorImpl - Check rule (field : name, function : EQUALS, value : alex)
21:23:46.117 [pool-37-thread-1] INFO  r.m.l.rpks.impl.RuleProcessorImpl - Checked message field value : alex
21:23:46.117 [pool-37-thread-1] INFO  r.m.l.rpks.impl.KafkaReaderImpl - Message {"name":"alex", "age":18, "sex":"M"} accepted
21:23:46.117 [pool-37-thread-1] INFO  r.m.l.rpks.impl.KafkaWriterImpl - Create kafka writer
21:23:46.136 [pool-37-thread-1] INFO  r.m.l.rpks.impl.RuleProcessorImpl - Check rule (field : name, function : EQUALS, value : alex)
21:23:46.136 [pool-37-thread-1] INFO  r.m.l.rpks.impl.RuleProcessorImpl - Checked message field value : no_alex
21:23:46.136 [pool-37-thread-1] INFO  r.m.l.rpks.impl.KafkaReaderImpl - Message {"name":"no_alex", "age":18, "sex":"M"} rejected
21:23:46.137 [pool-37-thread-1] INFO  r.m.l.rpks.impl.RuleProcessorImpl - Message does not contain field name
21:23:46.137 [pool-37-thread-1] INFO  r.m.l.rpks.impl.KafkaReaderImpl - Message {"age":18, "sex":"M"} rejected
21:23:46.137 [pool-37-thread-1] INFO  r.m.l.rpks.impl.RuleProcessorImpl - Check rule (field : name, function : EQUALS, value : alex)
21:23:46.137 [pool-37-thread-1] INFO  r.m.l.rpks.impl.RuleProcessorImpl - Checked message field value : 
21:23:46.137 [pool-37-thread-1] INFO  r.m.l.rpks.impl.KafkaReaderImpl - Message {"name":"", "age":18, "sex":"M"} rejected
21:23:46.137 [pool-37-thread-1] INFO  r.m.l.rpks.impl.RuleProcessorImpl - Check rule (field : name, function : EQUALS, value : alex)
21:23:46.137 [pool-37-thread-1] INFO  r.m.l.rpks.impl.RuleProcessorImpl - An error occurred while processing message
21:23:46.137 [pool-37-thread-1] INFO  r.m.l.rpks.impl.KafkaReaderImpl - Message {"name":null, "age":18, "sex":"M"} rejected
21:23:46.137 [pool-37-thread-1] INFO  r.m.l.rpks.impl.RuleProcessorImpl - An error occurred while processing message
21:23:46.137 [pool-37-thread-1] INFO  r.m.l.rpks.impl.KafkaReaderImpl - Message  rejected
21:23:46.987 [pool-35-thread-2] INFO  ru.mai.lessons.rpks.ServiceTest - Read messages 1
21:23:55.697 [pool-36-thread-1] INFO  r.m.l.rpks.impl.ServiceFiltering - Start loading rules from DB
21:23:56.309 [pool-7-thread-1] INFO  r.mai.lessons.rpks.impl.DbReaderImpl - SQL error HikariPool-4 - Connection is not available, request timed out after 30000ms.
21:23:56.309 [pool-7-thread-1] INFO  r.m.l.rpks.impl.ServiceFiltering - Read 0 rules
21:23:56.309 [pool-7-thread-1] INFO  r.m.l.rpks.impl.ServiceFiltering - End load rules from DB
21:23:56.309 [pool-7-thread-1] INFO  r.m.l.rpks.impl.ServiceFiltering - Start loading rules from DB
21:23:57.606 [pool-30-thread-1] INFO  r.mai.lessons.rpks.impl.DbReaderImpl - SQL error HikariPool-18 - Connection is not available, request timed out after 30007ms.
21:23:57.606 [pool-30-thread-1] INFO  r.m.l.rpks.impl.ServiceFiltering - Read 0 rules
21:23:57.606 [pool-30-thread-1] INFO  r.m.l.rpks.impl.ServiceFiltering - End load rules from DB
21:23:57.606 [pool-30-thread-1] INFO  r.m.l.rpks.impl.ServiceFiltering - Start loading rules from DB
21:23:59.283 [Test worker] INFO  ru.mai.lessons.rpks.ServiceTest - Create filtering rule 1
21:23:59.300 [Test worker] INFO  ru.mai.lessons.rpks.ServiceTest - Check rule from DB
21:23:59.625 [pool-16-thread-1] INFO  r.mai.lessons.rpks.impl.DbReaderImpl - SQL error HikariPool-10 - Connection is not available, request timed out after 30009ms.
21:23:59.625 [pool-16-thread-1] INFO  r.m.l.rpks.impl.ServiceFiltering - Read 0 rules
21:23:59.625 [pool-16-thread-1] INFO  r.m.l.rpks.impl.ServiceFiltering - End load rules from DB
21:23:59.625 [pool-16-thread-1] INFO  r.m.l.rpks.impl.ServiceFiltering - Start loading rules from DB
21:23:59.641 [pool-24-thread-1] INFO  r.mai.lessons.rpks.impl.DbReaderImpl - SQL error HikariPool-14 - Connection is not available, request timed out after 30006ms.
21:23:59.641 [pool-24-thread-1] INFO  r.m.l.rpks.impl.ServiceFiltering - Read 0 rules
21:23:59.641 [pool-24-thread-1] INFO  r.m.l.rpks.impl.ServiceFiltering - End load rules from DB
21:23:59.642 [pool-24-thread-1] INFO  r.m.l.rpks.impl.ServiceFiltering - Start loading rules from DB
[...]
21:24:12.575 [pool-42-thread-1] INFO  r.m.l.rpks.impl.RuleProcessorImpl - Check rule (field : name, function : EQUALS, value : alex)
21:24:12.575 [pool-42-thread-1] INFO  r.m.l.rpks.impl.RuleProcessorImpl - Checked message field value : 
21:24:12.575 [pool-42-thread-1] INFO  r.m.l.rpks.impl.KafkaReaderImpl - Message {"name":"", "age":-, "sex":"M"} rejected
21:24:12.575 [pool-42-thread-1] INFO  r.m.l.rpks.impl.RuleProcessorImpl - Check rule (field : name, function : EQUALS, value : alex)
21:24:12.575 [pool-42-thread-1] INFO  r.m.l.rpks.impl.RuleProcessorImpl - An error occurred while processing message
21:24:12.575 [pool-42-thread-1] INFO  r.m.l.rpks.impl.KafkaReaderImpl - Message {"name":null, "age":null, "sex":"M"} rejected
21:24:12.575 [pool-42-thread-1] INFO  r.m.l.rpks.impl.RuleProcessorImpl - Check rule (field : name, function : EQUALS, value : alex)
21:24:12.575 [pool-42-thread-1] INFO  r.m.l.rpks.impl.RuleProcessorImpl - Checked message field value : alex
21:24:12.576 [pool-42-thread-1] INFO  r.m.l.rpks.impl.RuleProcessorImpl - Check rule (field : age, function : EQUALS, value : 18)
21:24:12.576 [pool-42-thread-1] INFO  r.m.l.rpks.impl.RuleProcessorImpl - Checked message field value : 19
21:24:12.576 [pool-42-thread-1] INFO  r.m.l.rpks.impl.KafkaReaderImpl - Message {"name":"alex", "age":19, "sex":"F"} rejected
21:24:12.576 [pool-42-thread-1] INFO  r.m.l.rpks.impl.RuleProcessorImpl - Check rule (field : name, function : EQUALS, value : alex)
21:24:12.576 [pool-42-thread-1] INFO  r.m.l.rpks.impl.RuleProcessorImpl - Checked message field value : no_alex
21:24:12.576 [pool-42-thread-1] INFO  r.m.l.rpks.impl.KafkaReaderImpl - Message {"name":"no_alex", "age":18, "sex":"M"} rejected
21:24:12.576 [pool-42-thread-1] INFO  r.m.l.rpks.impl.RuleProcessorImpl - An error occurred while processing message
21:24:12.576 [pool-42-thread-1] INFO  r.m.l.rpks.impl.KafkaReaderImpl - Message  rejected
21:24:12.576 [pool-42-thread-1] INFO  r.m.l.rpks.impl.RuleProcessorImpl - Check rule (field : name, function : EQUALS, value : alex)
21:24:12.576 [pool-42-thread-1] INFO  r.m.l.rpks.impl.RuleProcessorImpl - An error occurred while processing message
21:24:12.576 [pool-42-thread-1] INFO  r.m.l.rpks.impl.KafkaReaderImpl - Message {"name":null, "age":"", "sex":"M"} rejected
21:24:12.576 [pool-42-thread-1] INFO  r.m.l.rpks.impl.RuleProcessorImpl - Check rule (field : name, function : EQUALS, value : alex)
21:24:12.576 [pool-42-thread-1] INFO  r.m.l.rpks.impl.RuleProcessorImpl - Checked message field value : alex
21:24:12.576 [pool-42-thread-1] INFO  r.m.l.rpks.impl.RuleProcessorImpl - Check rule (field : age, function : EQUALS, value : 18)
21:24:12.576 [pool-42-thread-1] INFO  r.m.l.rpks.impl.RuleProcessorImpl - Checked message field value : 18
21:24:12.576 [pool-42-thread-1] INFO  r.m.l.rpks.impl.KafkaReaderImpl - Message {"name":"alex", "age":18, "sex":"M"} accepted
21:24:12.576 [pool-42-thread-1] INFO  r.m.l.rpks.impl.KafkaWriterImpl - Create kafka writer
21:24:13.427 [pool-40-thread-2] INFO  ru.mai.lessons.rpks.ServiceTest - Read messages 1
21:24:13.516 [pool-27-thread-1] INFO  r.mai.lessons.rpks.impl.DbReaderImpl - SQL error HikariPool-16 - Connection is not available, request timed out after 30004ms.
21:24:13.516 [pool-27-thread-1] INFO  r.m.l.rpks.impl.ServiceFiltering - Read 0 rules
21:24:13.516 [pool-27-thread-1] INFO  r.m.l.rpks.impl.ServiceFiltering - End load rules from DB
21:24:13.516 [pool-27-thread-1] INFO  r.m.l.rpks.impl.ServiceFiltering - Start loading rules from DB
21:24:14.569 [pool-13-thread-1] INFO  r.mai.lessons.rpks.impl.DbReaderImpl - SQL error HikariPool-8 - Connection is not available, request timed out after 30013ms.
21:24:14.570 [pool-13-thread-1] INFO  r.m.l.rpks.impl.ServiceFiltering - Read 0 rules
21:24:14.570 [pool-13-thread-1] INFO  r.m.l.rpks.impl.ServiceFiltering - End load rules from DB
21:24:14.570 [pool-13-thread-1] INFO  r.m.l.rpks.impl.ServiceFiltering - Start loading rules from DB
21:24:15.674 [pool-21-thread-1] INFO  r.mai.lessons.rpks.impl.DbReaderImpl - SQL error HikariPool-12 - Connection is not available, request timed out after 30014ms.
21:24:15.674 [pool-21-thread-1] INFO  r.m.l.rpks.impl.ServiceFiltering - Read 0 rules
21:24:15.674 [pool-21-thread-1] INFO  r.m.l.rpks.impl.ServiceFiltering - End load rules from DB
21:24:15.674 [pool-21-thread-1] INFO  r.m.l.rpks.impl.ServiceFiltering - Start loading rules from DB
21:24:22.116 [pool-41-thread-1] INFO  r.m.l.rpks.impl.ServiceFiltering - Start loading rules from DB
21:24:25.710 [pool-36-thread-1] INFO  r.mai.lessons.rpks.impl.DbReaderImpl - SQL error HikariPool-22 - Connection is not available, request timed out after 30012ms.
21:24:25.710 [pool-36-thread-1] INFO  r.m.l.rpks.impl.ServiceFiltering - Read 0 rules
21:24:25.710 [pool-36-thread-1] INFO  r.m.l.rpks.impl.ServiceFiltering - End load rules from DB
21:24:25.710 [pool-36-thread-1] INFO  r.m.l.rpks.impl.ServiceFiltering - Start loading rules from DB
21:24:25.724 [Test worker] INFO  ru.mai.lessons.rpks.ServiceTest - Topics: [(name=test_topic_in, numPartitions=3, replicationFactor=1, replicasAssignments=null, configs=null), (name=test_topic_out, numPartitions=3, replicationFactor=1, replicasAssignments=null, configs=null)], replica factor 1, partitions 3
21:24:25.759 [Test worker] INFO  ru.mai.lessons.rpks.ServiceTest - Topic not exist. Create topics [(name=test_topic_in, numPartitions=3, replicationFactor=1, replicasAssignments=null, configs=null), (name=test_topic_out, numPartitions=3, replicationFactor=1, replicasAssignments=null, configs=null)]
21:24:26.313 [Test worker] INFO  ru.mai.lessons.rpks.ServiceTest - Create filtering rule 1
21:24:26.323 [pool-7-thread-1] INFO  r.mai.lessons.rpks.impl.DbReaderImpl - SQL error HikariPool-4 - Connection is not available, request timed out after 30013ms.
21:24:26.323 [pool-7-thread-1] INFO  r.m.l.rpks.impl.ServiceFiltering - Read 0 rules
21:24:26.323 [pool-7-thread-1] INFO  r.m.l.rpks.impl.ServiceFiltering - End load rules from DB
21:24:26.323 [pool-7-thread-1] INFO  r.m.l.rpks.impl.ServiceFiltering - Start loading rules from DB
21:24:26.334 [Test worker] INFO  ru.mai.lessons.rpks.ServiceTest - Check rule from DB
21:24:26.338 [Test worker] INFO  ru.mai.lessons.rpks.ServiceTest - Create filtering rule 1
21:24:26.362 [Test worker] INFO  ru.mai.lessons.rpks.ServiceTest - Check rule from DB
21:24:26.389 [pool-43-thread-1] INFO  r.m.l.rpks.impl.KafkaReaderImpl - Start Kafka reader
21:24:26.389 [pool-44-thread-1] INFO  r.m.l.rpks.impl.ServiceFiltering - Start loading rules from DB
21:24:26.395 [pool-43-thread-1] INFO  r.m.l.rpks.impl.KafkaReaderImpl - Kafka consumer created
21:24:26.395 [pool-43-thread-1] INFO  r.m.l.rpks.impl.KafkaReaderImpl - Set kafka topic : test_topic_in
21:24:26.396 [pool-45-thread-1] INFO  r.m.l.rpks.impl.KafkaReaderImpl - Start consumer reading
21:24:26.400 [pool-44-thread-1] INFO  r.m.l.rpks.impl.ServiceFiltering - Read 2 rules
21:24:26.400 [pool-44-thread-1] INFO  r.m.l.rpks.impl.ServiceFiltering - End load rules from DB
21:24:26.794 [pool-43-thread-2] INFO  ru.mai.lessons.rpks.ServiceTest - Remaining attempts 10
21:24:26.892 [pool-45-thread-1] INFO  r.m.l.rpks.impl.RuleProcessorImpl - Message does not contain field name
21:24:26.892 [pool-45-thread-1] INFO  r.m.l.rpks.impl.KafkaReaderImpl - Message {"age":18, "sex":"M"} rejected
21:24:26.892 [pool-45-thread-1] INFO  r.m.l.rpks.impl.RuleProcessorImpl - Check rule (field : name, function : EQUALS, value : alex)
21:24:26.892 [pool-45-thread-1] INFO  r.m.l.rpks.impl.RuleProcessorImpl - Checked message field value : 
21:24:26.893 [pool-45-thread-1] INFO  r.m.l.rpks.impl.KafkaReaderImpl - Message {"name":"", "age":-, "sex":"M"} rejected
21:24:26.893 [pool-45-thread-1] INFO  r.m.l.rpks.impl.RuleProcessorImpl - Check rule (field : name, function : EQUALS, value : alex)
21:24:26.894 [pool-45-thread-1] INFO  r.m.l.rpks.impl.RuleProcessorImpl - An error occurred while processing message
21:24:26.894 [pool-45-thread-1] INFO  r.m.l.rpks.impl.KafkaReaderImpl - Message {"name":null, "age":null, "sex":"M"} rejected
21:24:26.894 [pool-45-thread-1] INFO  r.m.l.rpks.impl.RuleProcessorImpl - Check rule (field : name, function : EQUALS, value : alex)
21:24:26.894 [pool-45-thread-1] INFO  r.m.l.rpks.impl.RuleProcessorImpl - Checked message field value : no_alex
21:24:26.894 [pool-45-thread-1] INFO  r.m.l.rpks.impl.KafkaReaderImpl - Message {"name":"no_alex", "age":18, "sex":"M"} rejected
21:24:26.894 [pool-45-thread-1] INFO  r.m.l.rpks.impl.RuleProcessorImpl - An error occurred while processing message
21:24:26.894 [pool-45-thread-1] INFO  r.m.l.rpks.impl.KafkaReaderImpl - Message  rejected
21:24:26.894 [pool-45-thread-1] INFO  r.m.l.rpks.impl.RuleProcessorImpl - Check rule (field : name, function : EQUALS, value : alex)
21:24:26.894 [pool-45-thread-1] INFO  r.m.l.rpks.impl.RuleProcessorImpl - Checked message field value : alex
21:24:26.894 [pool-45-thread-1] INFO  r.m.l.rpks.impl.RuleProcessorImpl - Check rule (field : age, function : NOT_EQUALS, value : 18)
21:24:26.894 [pool-45-thread-1] INFO  r.m.l.rpks.impl.RuleProcessorImpl - Checked message field value : 18
21:24:26.894 [pool-45-thread-1] INFO  r.m.l.rpks.impl.KafkaReaderImpl - Message {"name":"alex", "age":18, "sex":"M"} rejected
21:24:26.894 [pool-45-thread-1] INFO  r.m.l.rpks.impl.RuleProcessorImpl - Check rule (field : name, function : EQUALS, value : alex)
21:24:26.894 [pool-45-thread-1] INFO  r.m.l.rpks.impl.RuleProcessorImpl - An error occurred while processing message
21:24:26.894 [pool-45-thread-1] INFO  r.m.l.rpks.impl.KafkaReaderImpl - Message {"name":null, "age":"", "sex":"M"} rejected
21:24:26.894 [pool-45-thread-1] INFO  r.m.l.rpks.impl.RuleProcessorImpl - Check rule (field : name, function : EQUALS, value : alex)
21:24:26.894 [pool-45-thread-1] INFO  r.m.l.rpks.impl.RuleProcessorImpl - Checked message field value : alex
21:24:26.894 [pool-45-thread-1] INFO  r.m.l.rpks.impl.RuleProcessorImpl - Check rule (field : age, function : NOT_EQUALS, value : 18)
21:24:26.894 [pool-45-thread-1] INFO  r.m.l.rpks.impl.RuleProcessorImpl - Checked message field value : 20
21:24:26.894 [pool-45-thread-1] INFO  r.m.l.rpks.impl.KafkaReaderImpl - Message {"name":"alex", "age":20, "sex":"M"} accepted
21:24:26.894 [pool-45-thread-1] INFO  r.m.l.rpks.impl.KafkaWriterImpl - Create kafka writer
21:24:27.608 [pool-30-thread-1] INFO  r.mai.lessons.rpks.impl.DbReaderImpl - SQL error HikariPool-18 - Connection is not available, request timed out after 30001ms.
21:24:27.608 [pool-30-thread-1] INFO  r.m.l.rpks.impl.ServiceFiltering - Read 0 rules
21:24:27.608 [pool-30-thread-1] INFO  r.m.l.rpks.impl.ServiceFiltering - End load rules from DB
21:24:27.608 [pool-30-thread-1] INFO  r.m.l.rpks.impl.ServiceFiltering - Start loading rules from DB
21:24:27.813 [pool-43-thread-2] INFO  ru.mai.lessons.rpks.ServiceTest - Read messages 1
21:24:29.635 [pool-16-thread-1] INFO  r.mai.lessons.rpks.impl.DbReaderImpl - SQL error HikariPool-10 - Connection is not available, request timed out after 30010ms.
21:24:29.635 [pool-16-thread-1] INFO  r.m.l.rpks.impl.ServiceFiltering - Read 0 rules
21:24:29.635 [pool-16-thread-1] INFO  r.m.l.rpks.impl.ServiceFiltering - End load rules from DB
21:24:29.635 [pool-16-thread-1] INFO  r.m.l.rpks.impl.ServiceFiltering - Start loading rules from DB
21:24:29.650 [pool-24-thread-1] INFO  r.mai.lessons.rpks.impl.DbReaderImpl - SQL error HikariPool-14 - Connection is not available, request timed out after 30008ms.
21:24:29.650 [pool-24-thread-1] INFO  r.m.l.rpks.impl.ServiceFiltering - Read 0 rules
21:24:29.650 [pool-24-thread-1] INFO  r.m.l.rpks.impl.ServiceFiltering - End load rules from DB
21:24:29.650 [pool-24-thread-1] INFO  r.m.l.rpks.impl.ServiceFiltering - Start loading rules from DB
21:24:32.455 [pool-4-thread-1] INFO  r.mai.lessons.rpks.impl.DbReaderImpl - SQL error HikariPool-2 - Connection is not available, request timed out after 30002ms.
21:24:32.455 [pool-4-thread-1] INFO  r.m.l.rpks.impl.ServiceFiltering - Read 0 rules
21:24:32.455 [pool-4-thread-1] INFO  r.m.l.rpks.impl.ServiceFiltering - End load rules from DB
21:24:32.455 [pool-4-thread-1] INFO  r.m.l.rpks.impl.ServiceFiltering - Start loading rules from DB
21:24:36.403 [pool-44-thread-1] INFO  r.m.l.rpks.impl.ServiceFiltering - Start loading rules from DB
21:24:40.102 [Test worker] INFO  ru.mai.lessons.rpks.ServiceTest - Topics: [(name=test_topic_in, numPartitions=3, replicationFactor=1, replicasAssignments=null, configs=null), (name=test_topic_out, numPartitions=3, replicationFactor=1, replicasAssignments=null, configs=null)], replica factor 1, partitions 3
21:24:40.132 [Test worker] INFO  ru.mai.lessons.rpks.ServiceTest - Topic not exist. Create topics [(name=test_topic_in, numPartitions=3, replicationFactor=1, replicasAssignments=null, configs=null), (name=test_topic_out, numPartitions=3, replicationFactor=1, replicasAssignments=null, configs=null)]
21:24:40.605 [Test worker] INFO  ru.mai.lessons.rpks.ServiceTest - Create filtering rule 1
21:24:40.624 [Test worker] INFO  ru.mai.lessons.rpks.ServiceTest - Check rule from DB
21:24:40.627 [Test worker] INFO  ru.mai.lessons.rpks.ServiceTest - Create filtering rule 1
21:24:40.630 [pool-10-thread-1] INFO  r.mai.lessons.rpks.impl.DbReaderImpl - SQL error HikariPool-6 - Connection is not available, request timed out after 30003ms.
21:24:40.630 [pool-10-thread-1] INFO  r.m.l.rpks.impl.ServiceFiltering - Read 0 rules
21:24:40.630 [pool-10-thread-1] INFO  r.m.l.rpks.impl.ServiceFiltering - End load rules from DB
21:24:40.630 [pool-10-thread-1] INFO  r.m.l.rpks.impl.ServiceFiltering - Start loading rules from DB
21:24:40.666 [Test worker] INFO  ru.mai.lessons.rpks.ServiceTest - Check rule from DB
21:24:40.689 [pool-46-thread-1] INFO  r.m.l.rpks.impl.KafkaReaderImpl - Start Kafka reader
21:24:40.690 [pool-47-thread-1] INFO  r.m.l.rpks.impl.ServiceFiltering - Start loading rules from DB
21:24:40.695 [pool-47-thread-1] INFO  r.m.l.rpks.impl.ServiceFiltering - Read 2 rules
21:24:40.695 [pool-47-thread-1] INFO  r.m.l.rpks.impl.ServiceFiltering - End load rules from DB
21:24:40.695 [pool-46-thread-1] INFO  r.m.l.rpks.impl.KafkaReaderImpl - Kafka consumer created
21:24:40.695 [pool-46-thread-1] INFO  r.m.l.rpks.impl.KafkaReaderImpl - Set kafka topic : test_topic_in
21:24:40.696 [pool-48-thread-1] INFO  r.m.l.rpks.impl.KafkaReaderImpl - Start consumer reading
21:24:40.970 [pool-46-thread-2] INFO  ru.mai.lessons.rpks.ServiceTest - Remaining attempts 10
21:24:41.086 [pool-48-thread-1] INFO  r.m.l.rpks.impl.RuleProcessorImpl - Message does not contain field name
21:24:41.086 [pool-48-thread-1] INFO  r.m.l.rpks.impl.KafkaReaderImpl - Message {"age":18, "sex":"M"} rejected
21:24:41.086 [pool-48-thread-1] INFO  r.m.l.rpks.impl.RuleProcessorImpl - Check rule (field : name, function : CONTAINS, value : alexander)
21:24:41.086 [pool-48-thread-1] INFO  r.m.l.rpks.impl.RuleProcessorImpl - An error occurred while processing message
21:24:41.086 [pool-48-thread-1] INFO  r.m.l.rpks.impl.KafkaReaderImpl - Message {"name":null, "age":18, "sex":"M"} rejected
21:24:41.086 [pool-48-thread-1] INFO  r.m.l.rpks.impl.RuleProcessorImpl - Check rule (field : name, function : CONTAINS, value : alexander)
21:24:41.086 [pool-48-thread-1] INFO  r.m.l.rpks.impl.RuleProcessorImpl - Checked message field value : 
21:24:41.086 [pool-48-thread-1] INFO  r.m.l.rpks.impl.KafkaReaderImpl - Message {"name":"", "age":18, "sex":"M"} rejected
21:24:41.087 [pool-48-thread-1] INFO  r.m.l.rpks.impl.RuleProcessorImpl - Check rule (field : name, function : CONTAINS, value : alexander)
21:24:41.087 [pool-48-thread-1] INFO  r.m.l.rpks.impl.RuleProcessorImpl - Checked message field value : pushkin
21:24:41.087 [pool-48-thread-1] INFO  r.m.l.rpks.impl.KafkaReaderImpl - Message {"name":"pushkin", "age":18, "sex":"M"} rejected
21:24:41.087 [pool-48-thread-1] INFO  r.m.l.rpks.impl.RuleProcessorImpl - Check rule (field : name, function : CONTAINS, value : alexander)
21:24:41.087 [pool-48-thread-1] INFO  r.m.l.rpks.impl.RuleProcessorImpl - Checked message field value : alexander
21:24:41.087 [pool-48-thread-1] INFO  r.m.l.rpks.impl.RuleProcessorImpl - Check rule (field : name, function : CONTAINS, value : pushkin)
21:24:41.087 [pool-48-thread-1] INFO  r.m.l.rpks.impl.RuleProcessorImpl - Checked message field value : alexander
21:24:41.087 [pool-48-thread-1] INFO  r.m.l.rpks.impl.KafkaReaderImpl - Message {"name":"alexander", "age":18, "sex":"M"} rejected
21:24:41.087 [pool-48-thread-1] INFO  r.m.l.rpks.impl.RuleProcessorImpl - An error occurred while processing message
21:24:41.087 [pool-48-thread-1] INFO  r.m.l.rpks.impl.KafkaReaderImpl - Message  rejected
21:24:41.087 [pool-48-thread-1] INFO  r.m.l.rpks.impl.RuleProcessorImpl - Check rule (field : name, function : CONTAINS, value : alexander)
21:24:41.087 [pool-48-thread-1] INFO  r.m.l.rpks.impl.RuleProcessorImpl - Checked message field value : alexander_pushkin
21:24:41.088 [pool-48-thread-1] INFO  r.m.l.rpks.impl.RuleProcessorImpl - Check rule (field : name, function : CONTAINS, value : pushkin)
21:24:41.088 [pool-48-thread-1] INFO  r.m.l.rpks.impl.RuleProcessorImpl - Checked message field value : alexander_pushkin
21:24:41.088 [pool-48-thread-1] INFO  r.m.l.rpks.impl.KafkaReaderImpl - Message {"name":"alexander_pushkin", "age":18, "sex":"M"} accepted
21:24:41.088 [pool-48-thread-1] INFO  r.m.l.rpks.impl.KafkaWriterImpl - Create kafka writer
21:24:41.797 [pool-33-thread-1] INFO  r.mai.lessons.rpks.impl.DbReaderImpl - SQL error HikariPool-20 - Connection is not available, request timed out after 30001ms.
21:24:41.797 [pool-33-thread-1] INFO  r.m.l.rpks.impl.ServiceFiltering - Read 0 rules
21:24:41.797 [pool-33-thread-1] INFO  r.m.l.rpks.impl.ServiceFiltering - End load rules from DB
21:24:41.797 [pool-33-thread-1] INFO  r.m.l.rpks.impl.ServiceFiltering - Start loading rules from DB
21:24:41.998 [pool-46-thread-2] INFO  ru.mai.lessons.rpks.ServiceTest - Read messages 1
21:24:43.520 [pool-27-thread-1] INFO  r.mai.lessons.rpks.impl.DbReaderImpl - SQL error HikariPool-16 - Connection is not available, request timed out after 30003ms.
21:24:43.520 [pool-27-thread-1] INFO  r.m.l.rpks.impl.ServiceFiltering - Read 0 rules
21:24:43.520 [pool-27-thread-1] INFO  r.m.l.rpks.impl.ServiceFiltering - End load rules from DB
21:24:43.520 [pool-27-thread-1] INFO  r.m.l.rpks.impl.ServiceFiltering - Start loading rules from DB
21:24:44.574 [pool-13-thread-1] INFO  r.mai.lessons.rpks.impl.DbReaderImpl - SQL error HikariPool-8 - Connection is not available, request timed out after 30003ms.
21:24:44.574 [pool-13-thread-1] INFO  r.m.l.rpks.impl.ServiceFiltering - Read 0 rules
21:24:44.574 [pool-13-thread-1] INFO  r.m.l.rpks.impl.ServiceFiltering - End load rules from DB
21:24:44.574 [pool-13-thread-1] INFO  r.m.l.rpks.impl.ServiceFiltering - Start loading rules from DB
21:24:45.677 [pool-21-thread-1] INFO  r.mai.lessons.rpks.impl.DbReaderImpl - SQL error HikariPool-12 - Connection is not available, request timed out after 30002ms.
21:24:45.677 [pool-21-thread-1] INFO  r.m.l.rpks.impl.ServiceFiltering - Read 0 rules
21:24:45.677 [pool-21-thread-1] INFO  r.m.l.rpks.impl.ServiceFiltering - End load rules from DB
21:24:45.677 [pool-21-thread-1] INFO  r.m.l.rpks.impl.ServiceFiltering - Start loading rules from DB
21:24:50.694 [pool-47-thread-1] INFO  r.m.l.rpks.impl.ServiceFiltering - Start loading rules from DB
21:24:52.132 [pool-41-thread-1] INFO  r.mai.lessons.rpks.impl.DbReaderImpl - SQL error HikariPool-25 - Connection is not available, request timed out after 30015ms.
21:24:52.132 [pool-41-thread-1] INFO  r.m.l.rpks.impl.ServiceFiltering - Read 0 rules
21:24:52.132 [pool-41-thread-1] INFO  r.m.l.rpks.impl.ServiceFiltering - End load rules from DB
21:24:52.132 [pool-41-thread-1] INFO  r.m.l.rpks.impl.ServiceFiltering - Start loading rules from DB
]]></system-out>
  <system-err><![CDATA[]]></system-err>
</testsuite>
