<?xml version="1.0" encoding="UTF-8"?>
<testsuite name="ru.mai.lessons.rpks.ServiceTest" tests="18" skipped="0" failures="0" errors="0" timestamp="2023-06-16T16:24:18" hostname="MAGICBOOK" time="990.004">
  <properties/>
  <testcase name="testKafkaWriteReadMessage()" classname="ru.mai.lessons.rpks.ServiceTest" time="27.237"/>
  <testcase name="testServiceFilteringNotEquals()" classname="ru.mai.lessons.rpks.ServiceTest" time="23.327"/>
  <testcase name="testServiceFilteringNotRules()" classname="ru.mai.lessons.rpks.ServiceTest" time="36.158"/>
  <testcase name="testServiceFilteringContainsNotEqualsTwoRules()" classname="ru.mai.lessons.rpks.ServiceTest" time="26.438"/>
  <testcase name="testServiceFilteringAddNewRule()" classname="ru.mai.lessons.rpks.ServiceTest" time="46.331"/>
  <testcase name="testServiceFilteringContainsNotContainsTwoRules()" classname="ru.mai.lessons.rpks.ServiceTest" time="28.113"/>
  <testcase name="testStartPostgreSQL()" classname="ru.mai.lessons.rpks.ServiceTest" time="26.921"/>
  <testcase name="testServiceFilteringUpdateRule()" classname="ru.mai.lessons.rpks.ServiceTest" time="50.936"/>
  <testcase name="testServiceFilteringNotContains()" classname="ru.mai.lessons.rpks.ServiceTest" time="34.008"/>
  <testcase name="testServiceFilteringEqualsNotContainsTwoRules()" classname="ru.mai.lessons.rpks.ServiceTest" time="40.189"/>
  <testcase name="testServiceFilteringContains()" classname="ru.mai.lessons.rpks.ServiceTest" time="57.811"/>
  <testcase name="testServiceFilteringEqualsContainsTwoRules()" classname="ru.mai.lessons.rpks.ServiceTest" time="74.853"/>
  <testcase name="testServiceFilteringEquals()" classname="ru.mai.lessons.rpks.ServiceTest" time="82.291"/>
  <testcase name="testPostgreSQLReadValues()" classname="ru.mai.lessons.rpks.ServiceTest" time="74.984"/>
  <testcase name="testServiceFilteringEqualsTwoRules()" classname="ru.mai.lessons.rpks.ServiceTest" time="87.013"/>
  <testcase name="testServiceFilteringEqualsNotEqualsTwoRules()" classname="ru.mai.lessons.rpks.ServiceTest" time="88.703"/>
  <testcase name="testServiceFilteringContainsTwoRules()" classname="ru.mai.lessons.rpks.ServiceTest" time="90.171"/>
  <testcase name="testStartKafka()" classname="ru.mai.lessons.rpks.ServiceTest" time="94.492"/>
  <system-out><![CDATA[19:24:18,278 |-INFO in ch.qos.logback.classic.LoggerContext[default] - This is logback-classic version 1.4.5
19:24:18,313 |-INFO in ch.qos.logback.classic.LoggerContext[default] - Could NOT find resource [logback-test.xml]
19:24:18,318 |-INFO in ch.qos.logback.classic.LoggerContext[default] - Found resource [logback.xml] at [file:/P:/Projects/JetBrains/IntelliJIDEA/RPKS_2/git_Clone/JavaServiceFiltering/build/resources/test/logback.xml]
19:24:18,518 |-INFO in ch.qos.logback.core.model.processor.AppenderModelHandler - Processing appender named [CONSOLE]
19:24:18,518 |-INFO in ch.qos.logback.core.model.processor.AppenderModelHandler - About to instantiate appender of type [ch.qos.logback.core.ConsoleAppender]
19:24:18,583 |-WARN in ch.qos.logback.core.ConsoleAppender[CONSOLE] - This appender no longer admits a layout as a sub-component, set an encoder instead.
19:24:18,583 |-WARN in ch.qos.logback.core.ConsoleAppender[CONSOLE] - To ensure compatibility, wrapping your layout in LayoutWrappingEncoder.
19:24:18,583 |-WARN in ch.qos.logback.core.ConsoleAppender[CONSOLE] - See also http://logback.qos.ch/codes.html#layoutInsteadOfEncoder for details
19:24:18,585 |-INFO in ch.qos.logback.classic.model.processor.LoggerModelHandler - Setting level of logger [ru.mai.lessons.rpks] to INFO
19:24:18,591 |-INFO in ch.qos.logback.classic.model.processor.LoggerModelHandler - Setting additivity of logger [ru.mai.lessons.rpks] to false
19:24:18,591 |-INFO in ch.qos.logback.core.model.processor.AppenderRefModelHandler - Attaching appender named [CONSOLE] to Logger[ru.mai.lessons.rpks]
19:24:18,593 |-INFO in ch.qos.logback.classic.model.processor.RootLoggerModelHandler - Setting level of ROOT logger to ERROR
19:24:18,593 |-INFO in ch.qos.logback.core.model.processor.AppenderRefModelHandler - Attaching appender named [CONSOLE] to Logger[ROOT]
19:24:18,593 |-INFO in ch.qos.logback.core.model.processor.DefaultProcessor@61e94def - End of configuration.
19:24:18,594 |-INFO in ch.qos.logback.classic.joran.JoranConfigurator@3300f4fd - Registering current configuration as safe fallback point

19:24:39.224 [Test worker] INFO  ru.mai.lessons.rpks.ServiceTest - Bootstrap.servers: PLAINTEXT://localhost:57525
19:24:39.228 [Test worker] INFO  ru.mai.lessons.rpks.ServiceTest - Topics: [(name=test_topic_in, numPartitions=3, replicationFactor=1, replicasAssignments=null, configs=null), (name=test_topic_out, numPartitions=3, replicationFactor=1, replicasAssignments=null, configs=null)], replica factor 1, partitions 3
19:24:39.631 [Test worker] INFO  ru.mai.lessons.rpks.ServiceTest - Creating topics
19:24:40.868 [Test worker] INFO  ru.mai.lessons.rpks.ServiceTest - Created topics
19:24:40.868 [Test worker] INFO  ru.mai.lessons.rpks.ServiceTest - Sending message
19:24:41.174 [Test worker] INFO  ru.mai.lessons.rpks.ServiceTest - Sent message
19:24:41.174 [Test worker] INFO  ru.mai.lessons.rpks.ServiceTest - Consumer subscribe
19:24:41.176 [Test worker] INFO  ru.mai.lessons.rpks.ServiceTest - Consumer start reading
19:24:41.294 [Test worker] INFO  ru.mai.lessons.rpks.ServiceTest - Remaining attempts 10
19:24:42.408 [Test worker] INFO  ru.mai.lessons.rpks.ServiceTest - Remaining attempts 9
19:24:43.520 [Test worker] INFO  ru.mai.lessons.rpks.ServiceTest - Remaining attempts 8
19:24:44.536 [Test worker] INFO  ru.mai.lessons.rpks.ServiceTest - Read messages 1
19:25:03.829 [Test worker] INFO  ru.mai.lessons.rpks.ServiceTest - Topics: [(name=test_topic_in, numPartitions=3, replicationFactor=1, replicasAssignments=null, configs=null), (name=test_topic_out, numPartitions=3, replicationFactor=1, replicasAssignments=null, configs=null)], replica factor 1, partitions 3
19:25:05.323 [Test worker] INFO  ru.mai.lessons.rpks.ServiceTest - Topic not exist. Create topics [(name=test_topic_in, numPartitions=3, replicationFactor=1, replicasAssignments=null, configs=null), (name=test_topic_out, numPartitions=3, replicationFactor=1, replicasAssignments=null, configs=null)]
19:25:06.069 [Test worker] INFO  ru.mai.lessons.rpks.ServiceTest - Create filtering rule 1
19:25:06.138 [Test worker] INFO  ru.mai.lessons.rpks.ServiceTest - Check rule from DB
19:25:06.319 [pool-2-thread-1] INFO  r.m.l.rpks.impl.ServiceFiltering - CONFIG:Config(SimpleConfigObject({"application":{"updateIntervalSec":10},"com":{"zaxxer":{"hikari":{"pool_number":"1"}}},"db":{"driver":"org.postgresql.Driver","jdbcUrl":"jdbc:postgresql://localhost:57543/test_db?loggerLevel=OFF","password":"password","user":"user"},"file":{"encoding":"windows-1251","separator":"\\"},"java":{"class":{"path":"C:\\\\Users\\\\eliza\\\\.gradle\\\\caches\\\\7.5.1\\\\workerMain\\\\gradle-worker.jar;P:\\\\Projects\\\\JetBrains\\\\IntelliJIDEA\\\\RPKS_2\\\\git_Clone\\\\JavaServiceFiltering\\\\build\\\\classes\\\\java\\\\test;P:\\\\Projects\\\\JetBrains\\\\IntelliJIDEA\\\\RPKS_2\\\\git_Clone\\\\JavaServiceFiltering\\\\build\\\\resources\\\\test;P:\\\\Projects\\\\JetBrains\\\\IntelliJIDEA\\\\RPKS_2\\\\git_Clone\\\\JavaServiceFiltering\\\\build\\\\classes\\\\java\\\\main;P:\\\\Projects\\\\JetBrains\\\\IntelliJIDEA\\\\RPKS_2\\\\git_Clone\\\\JavaServiceFiltering\\\\build\\\\resources\\\\main;C:\\\\Users\\\\eliza\\\\.gradle\\\\caches\\\\modules-2\\\\files-2.1\\\\org.apache.kafka\\\\kafka-clients\\\\3.4.0\\\\69aebfca9da335f6617f9e5e7a4b45f16e8c86b5\\\\kafka-clients-3.4.0.jar;C:\\\\Users\\\\eliza\\\\.gradle\\\\caches\\\\modules-2\\\\files-2.1\\\\ch.qos.logback\\\\logback-classic\\\\1.4.5\\\\28e7dc0b208d6c3f15beefd73976e064b4ecfa9b\\\\logback-classic-1.4.5.jar;C:\\\\Users\\\\eliza\\\\.gradle\\\\caches\\\\modules-2\\\\files-2.1\\\\com.typesafe\\\\config\\\\1.4.2\\\\4c40a633e7994cfb0354244efb6d03fcb11c3ecf\\\\config-1.4.2.jar;C:\\\\Users\\\\eliza\\\\.gradle\\\\caches\\\\modules-2\\\\files-2.1\\\\org.postgresql\\\\postgresql\\\\42.5.4\\\\15015a54f15e340a9a8a6a2c5457429cb1176b8\\\\postgresql-42.5.4.jar;C:\\\\Users\\\\eliza\\\\.gradle\\\\caches\\\\modules-2\\\\files-2.1\\\\com.zaxxer\\\\HikariCP\\\\5.0.1\\\\a74c7f0a37046846e88d54f7cb6ea6d565c65f9c\\\\HikariCP-5.0.1.jar;C:\\\\Users\\\\eliza\\\\.gradle\\\\caches\\\\modules-2\\\\files-2.1\\\\org.jooq\\\\jooq\\\\3.17.8\\\\6add040365183a3c0a043e11c6069a46b992df39\\\\jooq-3.17.8.jar;C:\\\\Users\\\\eliza\\\\.gradle\\\\caches\\\\modules-2\\\\files-2.1\\\\org.testcontainers\\\\junit-jupiter\\\\1.17.6\\\\94e9894bc665909e208959390ea6540309ce231e\\\\junit-jupiter-1.17.6.jar;C:\\\\Users\\\\eliza\\\\.gradle\\\\caches\\\\modules-2\\\\files-2.1\\\\org.testcontainers\\\\kafka\\\\1.17.6\\\\1975b93708e99340690690177a9c7bbf5aabc823\\\\kafka-1.17.6.jar;C:\\\\Users\\\\eliza\\\\.gradle\\\\caches\\\\modules-2\\\\files-2.1\\\\org.testcontainers\\\\postgresql\\\\1.17.6\\\\cd8aba02d8d46159ab85535d34a1e4217322f9a5\\\\postgresql-1.17.6.jar;C:\\\\Users\\\\eliza\\\\.gradle\\\\caches\\\\modules-2\\\\files-2.1\\\\org.testcontainers\\\\jdbc\\\\1.17.6\\\\1510482e46f5f70909693fc695a2369751510785\\\\jdbc-1.17.6.jar;C:\\\\Users\\\\eliza\\\\.gradle\\\\caches\\\\modules-2\\\\files-2.1\\\\org.testcontainers\\\\database-commons\\\\1.17.6\\\\8a4cd2cda51c2cc3092b1c22f4ee8148be4db410\\\\database-commons-1.17.6.jar;C:\\\\Users\\\\eliza\\\\.gradle\\\\caches\\\\modules-2\\\\files-2.1\\\\org.testcontainers\\\\testcontainers\\\\1.17.6\\\\11b28972d2d8bddd5a7d3b6e21016fbe13bc8e8b\\\\testcontainers-1.17.6.jar;C:\\\\Users\\\\eliza\\\\.gradle\\\\caches\\\\modules-2\\\\files-2.1\\\\com.github.docker-java\\\\docker-java-api\\\\3.2.13\\\\5817ef8f770cb7e740d590090bf352df9491f3c1\\\\docker-java-api-3.2.13.jar;C:\\\\Users\\\\eliza\\\\.gradle\\\\caches\\\\modules-2\\\\files-2.1\\\\com.fasterxml.jackson.core\\\\jackson-annotations\\\\2.14.2\\\\a7aae9525864930723e3453ab799521fdfd9d873\\\\jackson-annotations-2.14.2.jar;C:\\\\Users\\\\eliza\\\\.gradle\\\\caches\\\\modules-2\\\\files-2.1\\\\com.fasterxml.jackson.core\\\\jackson-core\\\\2.14.2\\\\f804090e6399ce0cf78242db086017512dd71fcc\\\\jackson-core-2.14.2.jar;C:\\\\Users\\\\eliza\\\\.gradle\\\\caches\\\\modules-2\\\\files-2.1\\\\org.junit.jupiter\\\\junit-jupiter-engine\\\\5.9.1\\\\1bf771097bde296c3ab174861954e8aafaaf2e94\\\\junit-jupiter-engine-5.9.1.jar;C:\\\\Users\\\\eliza\\\\.gradle\\\\caches\\\\modules-2\\\\files-2.1\\\\org.junit.platform\\\\junit-platform-engine\\\\1.9.1\\\\83591e5089d6cea5f324aa3ecca9b19d5a275803\\\\junit-platform-engine-1.9.1.jar;C:\\\\Users\\\\eliza\\\\.gradle\\\\caches\\\\modules-2\\\\files-2.1\\\\org.junit.platform\\\\junit-platform-commons\\\\1.9.1\\\\3145f821b5cd10abcdc5f925baa5fffa6f1b628f\\\\junit-platform-commons-1.9.1.jar;C:\\\\Users\\\\eliza\\\\.gradle\\\\caches\\\\modules-2\\\\files-2.1\\\\org.junit.jupiter\\\\junit-jupiter-api\\\\5.9.1\\\\7bb53fbc0173e9f6a9d21d58297af94b1f2f9ce1\\\\junit-jupiter-api-5.9.1.jar;C:\\\\Users\\\\eliza\\\\.gradle\\\\caches\\\\modules-2\\\\files-2.1\\\\com.github.luben\\\\zstd-jni\\\\1.5.2-1\\\\fad786abc1d1b81570e8d9a2fc8a1ef479bc27b6\\\\zstd-jni-1.5.2-1.jar;C:\\\\Users\\\\eliza\\\\.gradle\\\\caches\\\\modules-2\\\\files-2.1\\\\org.lz4\\\\lz4-java\\\\1.8.0\\\\4b986a99445e49ea5fbf5d149c4b63f6ed6c6780\\\\lz4-java-1.8.0.jar;C:\\\\Users\\\\eliza\\\\.gradle\\\\caches\\\\modules-2\\\\files-2.1\\\\org.xerial.snappy\\\\snappy-java\\\\1.1.8.4\\\\66f0d56454509f6e36175f2331572e250e04a6cc\\\\snappy-java-1.1.8.4.jar;C:\\\\Users\\\\eliza\\\\.gradle\\\\caches\\\\modules-2\\\\files-2.1\\\\com.github.docker-java\\\\docker-java-transport-zerodep\\\\3.2.13\\\\4cbc2c09d6c264767a39624066987ed4a152bc68\\\\docker-java-transport-zerodep-3.2.13.jar;C:\\\\Users\\\\eliza\\\\.gradle\\\\caches\\\\modules-2\\\\files-2.1\\\\org.slf4j\\\\slf4j-api\\\\2.0.4\\\\30d5eb5360bd113ce96f9e49e3431993bbf1b247\\\\slf4j-api-2.0.4.jar;C:\\\\Users\\\\eliza\\\\.gradle\\\\caches\\\\modules-2\\\\files-2.1\\\\ch.qos.logback\\\\logback-core\\\\1.4.5\\\\e9bb2ea70f84401314da4300343b0a246c8954da\\\\logback-core-1.4.5.jar;C:\\\\Users\\\\eliza\\\\.gradle\\\\caches\\\\modules-2\\\\files-2.1\\\\org.checkerframework\\\\checker-qual\\\\3.5.0\\\\2f50520c8abea66fbd8d26e481d3aef5c673b510\\\\checker-qual-3.5.0.jar;C:\\\\Users\\\\eliza\\\\.gradle\\\\caches\\\\modules-2\\\\files-2.1\\\\io.r2dbc\\\\r2dbc-spi\\\\0.9.1.RELEASE\\\\689338f54890e6981d9d98d059c1a94007a0b809\\\\r2dbc-spi-0.9.1.RELEASE.jar;C:\\\\Users\\\\eliza\\\\.gradle\\\\caches\\\\modules-2\\\\files-2.1\\\\jakarta.xml.bind\\\\jakarta.xml.bind-api\\\\3.0.0\\\\9275db6e21287df61690989254a0b46d8d31e99a\\\\jakarta.xml.bind-api-3.0.0.jar;C:\\\\Users\\\\eliza\\\\.gradle\\\\caches\\\\modules-2\\\\files-2.1\\\\junit\\\\junit\\\\4.13.2\\\\8ac9e16d933b6fb43bc7f576336b8f4d7eb5ba12\\\\junit-4.13.2.jar;C:\\\\Users\\\\eliza\\\\.gradle\\\\caches\\\\modules-2\\\\files-2.1\\\\org.apache.commons\\\\commons-compress\\\\1.22\\\\691a8b4e6cf4248c3bc72c8b719337d5cb7359fa\\\\commons-compress-1.22.jar;C:\\\\Users\\\\eliza\\\\.gradle\\\\caches\\\\modules-2\\\\files-2.1\\\\org.rnorth.duct-tape\\\\duct-tape\\\\1.0.8\\\\92edc22a9ab2f3e17c9bf700aaee377d50e8b530\\\\duct-tape-1.0.8.jar;C:\\\\Users\\\\eliza\\\\.gradle\\\\caches\\\\modules-2\\\\files-2.1\\\\org.reactivestreams\\\\reactive-streams\\\\1.0.3\\\\d9fb7a7926ffa635b3dcaa5049fb2bfa25b3e7d0\\\\reactive-streams-1.0.3.jar;C:\\\\Users\\\\eliza\\\\.gradle\\\\caches\\\\modules-2\\\\files-2.1\\\\com.sun.activation\\\\jakarta.activation\\\\2.0.0\\\\f4e7519148dee347c7666f336210deedb8aca09d\\\\jakarta.activation-2.0.0.jar;C:\\\\Users\\\\eliza\\\\.gradle\\\\caches\\\\modules-2\\\\files-2.1\\\\org.hamcrest\\\\hamcrest-core\\\\1.3\\\\42a25dc3219429f0e5d060061f71acb49bf010a0\\\\hamcrest-core-1.3.jar;C:\\\\Users\\\\eliza\\\\.gradle\\\\caches\\\\modules-2\\\\files-2.1\\\\org.jetbrains\\\\annotations\\\\17.0.0\\\\8ceead41f4e71821919dbdb7a9847608f1a938cb\\\\annotations-17.0.0.jar;C:\\\\Users\\\\eliza\\\\.gradle\\\\caches\\\\modules-2\\\\files-2.1\\\\com.github.docker-java\\\\docker-java-transport\\\\3.2.13\\\\e9d308d1822181a9d48c99739f5eca014ec89199\\\\docker-java-transport-3.2.13.jar;C:\\\\Users\\\\eliza\\\\.gradle\\\\caches\\\\modules-2\\\\files-2.1\\\\net.java.dev.jna\\\\jna\\\\5.8.0\\\\3551d8d827e54858214107541d3aff9c615cb615\\\\jna-5.8.0.jar;C:\\\\Users\\\\eliza\\\\.gradle\\\\caches\\\\modules-2\\\\files-2.1\\\\org.opentest4j\\\\opentest4j\\\\1.2.0\\\\28c11eb91f9b6d8e200631d46e20a7f407f2a046\\\\opentest4j-1.2.0.jar","version":"62.0"},"home":"C:\\Users\\eliza\\.jdks\\openjdk-18.0.1.1","io":{"tmpdir":"C:\\Users\\eliza\\AppData\\Local\\Temp\\"},"library":{"path":"C:\\Users\\eliza\\.jdks\\openjdk-18.0.1.1\\bin;C:\\WINDOWS\\Sun\\Java\\bin;C:\\WINDOWS\\system32;C:\\WINDOWS;;;;C:\\Windows\\system32;C:\\Windows;C:\\Windows\\System32\\Wbem;C:\\Windows\\System32\\WindowsPowerShell\\v1.0\\;C:\\Windows\\System32\\OpenSSH\\;C:\\Program Files\\Microsoft SQL Server\\150\\Tools\\Binn\\;C:\\Program Files\\dotnet\\;C:\\Program Files\\Git\\cmd;C:\\Program Files\\Git\\mingw64\\bin;C:\\Program Files\\Git\\usr\\bin;P:\\Programs\\MySql\\bin;C:\\WINDOWS\\system32;C:\\WINDOWS;C:\\WINDOWS\\System32\\Wbem;C:\\WINDOWS\\System32\\WindowsPowerShell\\v1.0\\;C:\\WINDOWS\\System32\\OpenSSH\\;C:\\Program Files\\PowerShell\\7\\;C:\\Program Files\\Docker\\Docker\\resources\\bin;C:\\Users\\eliza\\AppData\\Local\\Programs\\Python\\Python38\\Scripts\\;C:\\Users\\eliza\\AppData\\Local\\Programs\\Python\\Python38\\;C:\\Users\\eliza\\AppData\\Local\\Microsoft\\WindowsApps;P:\\Programs\\JetBrains\\PyCharm 2022.1.3\\Program Files\\JetBrains\\PyCharm 2022.1.3\\bin;;P:\\Programs\\JetBrains\\IntelliJ IDEA 2023.1.2\\bin;;P:\\Programs\\JetBrains\\CLion 2022.2.4\\bin;;C:\\Users\\eliza\\.dotnet\\tools;C:\\texlive\\2022\\bin\\win32;P:\\Programs\\JetBrains\\Rider 2022.2.4\\bin;;C:\\ProgramData\\eliza\\GitHubDesktop\\bin;C:\\Users\\eliza\\AppData\\Local\\GitHubDesktop\\bin;P:\\Programs\\JetBrains\\DataGrip 2022.2.5\\bin;;;P:\\Programs\\JetBrains\\Gateway 2023.1\\JetBrains Gateway 2023.1\\bin;;."},"runtime":{"name":"OpenJDK Runtime Environment","version":"18.0.1.1+2-6"},"specification":{"name":"Java Platform API Specification","vendor":"Oracle Corporation","version":"18"},"vendor":{"url":{"bug":"https://bugreport.java.com/bugreport/"}},"version":"18.0.1.1","vm":{"compressedOopsMode":"32-bit","info":"mixed mode, sharing","name":"OpenJDK 64-Bit Server VM","specification":{"name":"Java Virtual Machine Specification","vendor":"Oracle Corporation","version":"18"},"vendor":"Oracle Corporation","version":"18.0.1.1+2-6"}},"jdk":{"debug":"release"},"kafka":{"consumer":{"auto":{"offset":{"reset":"earliest"}},"bootstrap":{"servers":"PLAINTEXT://localhost:57546"},"group":{"id":"test_group_consumer"},"topicIn":"test_topic_in"},"producer":{"bootstrap":{"servers":"PLAINTEXT://localhost:57546"},"topicOut":"test_topic_out"}},"line":{"separator":"\r\n"},"native":{"encoding":"Cp1251"},"org":{"gradle":{"internal":{"worker":{"tmpdir":"P:\\Projects\\JetBrains\\IntelliJIDEA\\RPKS_2\\git_Clone\\JavaServiceFiltering\\build\\tmp\\test\\work"}},"native":"false","test":{"worker":"38"}}},"os":{"arch":"amd64","name":"Windows 11","version":"10.0"},"path":{"separator":";"},"sun":{"arch":{"data":{"model":"64"}},"boot":{"library":{"path":"C:\\Users\\eliza\\.jdks\\openjdk-18.0.1.1\\bin"}},"cpu":{"endian":"little","isalist":"amd64"},"io":{"unicode":{"encoding":"UnicodeLittle"}},"java":{"command":"worker.org.gradle.process.internal.worker.GradleWorkerMain 'Gradle Test Executor 38'","launcher":"SUN_STANDARD"},"jnu":{"encoding":"Cp1251"},"management":{"compiler":"HotSpot 64-Bit Tiered Compilers"},"os":{"patch":{"level":""}}},"user":{"country":"RU","dir":"P:\\Projects\\JetBrains\\IntelliJIDEA\\RPKS_2\\git_Clone\\JavaServiceFiltering","home":"C:\\Users\\eliza","language":"ru","name":"eliza","script":"","timezone":"Europe/Moscow","variant":""}}))
19:25:06.342 [pool-2-thread-1] INFO  r.m.l.rpks.impl.ServiceFiltering - CONSUMER_SETTINGS_WAS_READ: ConsumerSettings(bootstrapServers=PLAINTEXT://localhost:57546, groupId=test_group_consumer, autoOffsetReset=earliest, topicIn=test_topic_in, updateIntervalSec=100)
19:25:06.352 [pool-2-thread-1] INFO  r.m.l.rpks.impl.ServiceFiltering - PRODUCER_SETTINGS_WAS_READ: ProducerSettings(bootstrapServers=PLAINTEXT://localhost:57546, topicOut=test_topic_out, updateIntervalSec=100)
19:25:06.363 [pool-2-thread-1] INFO  r.m.l.rpks.impl.ServiceFiltering - DB_SETTINGS_WAS_READ: DBSettings(jdbcUrl=jdbc:postgresql://localhost:57543/test_db?loggerLevel=OFF, user=user, password=password, driver=org.postgresql.Driver, tableName=filter_rules)
19:25:06.372 [pool-3-thread-1] INFO  r.m.lessons.rpks.impl.WriterToKafka - START_WRITE_MESSAGE_IN_KAFKA_TOPIC test_topic_out
19:25:06.373 [pool-3-thread-2] INFO  r.m.l.rpks.impl.ReaderFromKafka - CONSUMER_SETTINGS:ConsumerSettings(bootstrapServers=PLAINTEXT://localhost:57546, groupId=test_group_consumer, autoOffsetReset=earliest, topicIn=test_topic_in, updateIntervalSec=100)
19:25:06.374 [pool-3-thread-2] INFO  r.m.l.rpks.impl.ReaderFromKafka - KAFKA_CONSUMER_START_READING_FROM_TOPIC test_topic_in
19:25:06.375 [pool-2-thread-1] INFO  r.mai.lessons.rpks.impl.ReaderFromDB - HIKARY_CREATE
19:25:06.438 [pool-2-thread-1] INFO  r.mai.lessons.rpks.impl.ReaderFromDB - HIKARY_CREATE
19:25:06.439 [pool-2-thread-1] INFO  r.mai.lessons.rpks.impl.ReaderFromDB - CONTEXT_MADE
19:25:06.497 [pool-2-thread-1] INFO  r.mai.lessons.rpks.impl.ReaderFromDB - RULLES_CREATE:1
19:25:06.500 [pool-2-thread-1] INFO  r.mai.lessons.rpks.impl.ReaderFromDB - FIND_RULE:Rule(filterId=1, ruleId=1, fieldName=name, filterFunctionName=not_equals, filterValue=alex)
19:25:06.501 [pool-2-thread-1] INFO  r.mai.lessons.rpks.impl.ReaderFromDB - MAKE_RULES_FROM_DB
19:25:06.507 [pool-2-thread-1] INFO  r.m.l.rpks.impl.ServiceFiltering - ADD_RULE
19:25:06.774 [pool-2-thread-2] INFO  ru.mai.lessons.rpks.ServiceTest - Remaining attempts 10
19:25:06.963 [pool-3-thread-2] INFO  r.m.l.rpks.impl.ReaderFromKafka - MASSAGE_FROM_KAFKA_TOPIC test_topic_in : {"name":"alex"}
19:25:06.965 [pool-3-thread-2] INFO  r.m.l.rpks.impl.ReaderFromKafka - MASSAGE_FROM_KAFKA_TOPIC test_topic_in : {"name":"alex"}
19:25:06.966 [pool-3-thread-2] INFO  r.m.l.rpks.impl.ReaderFromKafka - MASSAGE_FROM_KAFKA_TOPIC test_topic_in : {"name":"alex", "age":19, "sex":"M"}
19:25:06.966 [pool-3-thread-1] INFO  r.m.lessons.rpks.impl.WriterToKafka - KAFKA_PRODUCER_START_PROCESSING_MASSAGE: {"name":"alex"}
19:25:06.966 [pool-3-thread-2] INFO  r.m.l.rpks.impl.ReaderFromKafka - MASSAGE_FROM_KAFKA_TOPIC test_topic_in : {"name":"alex", "age":19, "sex":"M"}
19:25:06.966 [pool-3-thread-2] INFO  r.m.l.rpks.impl.ReaderFromKafka - MASSAGE_FROM_KAFKA_TOPIC test_topic_in : {"name":"alex", "age":null}
19:25:06.967 [pool-3-thread-2] INFO  r.m.l.rpks.impl.ReaderFromKafka - MASSAGE_FROM_KAFKA_TOPIC test_topic_in : {"name":"alex", "age":null}
19:25:06.967 [pool-3-thread-2] INFO  r.m.l.rpks.impl.ReaderFromKafka - MASSAGE_FROM_KAFKA_TOPIC test_topic_in : {"name":"alex", "sex":"M"}
19:25:06.967 [pool-3-thread-2] INFO  r.m.l.rpks.impl.ReaderFromKafka - MASSAGE_FROM_KAFKA_TOPIC test_topic_in : {"name":"alex", "sex":"M"}
19:25:06.967 [pool-3-thread-2] INFO  r.m.l.rpks.impl.ReaderFromKafka - MASSAGE_FROM_KAFKA_TOPIC test_topic_in : {"name":"alex", "age":, "sex":null}
19:25:06.967 [pool-3-thread-2] INFO  r.m.l.rpks.impl.ReaderFromKafka - MASSAGE_FROM_KAFKA_TOPIC test_topic_in : {"name":"alex", "age":, "sex":null}
19:25:06.967 [pool-3-thread-2] INFO  r.m.l.rpks.impl.ReaderFromKafka - MASSAGE_FROM_KAFKA_TOPIC test_topic_in : {"name":"no_alex", "age":18, "sex":"M"}
19:25:06.967 [pool-3-thread-2] INFO  r.m.l.rpks.impl.ReaderFromKafka - MASSAGE_FROM_KAFKA_TOPIC test_topic_in : {"name":"no_alex", "age":18, "sex":"M"}
19:25:06.974 [pool-3-thread-1] INFO  r.m.l.rpks.impl.ProcessorOfRule - jsonValueOfname: alex
19:25:06.975 [pool-3-thread-1] INFO  r.m.l.rpks.impl.ProcessorOfRule - NOT_EQUALS:
19:25:06.975 [pool-3-thread-1] INFO  r.m.l.rpks.impl.ProcessorOfRule - EQUALS:
19:25:06.976 [pool-3-thread-1] INFO  r.m.lessons.rpks.impl.WriterToKafka - KAFKA_PRODUCER_END_PROCESSING_MASSAGE: {"name":"alex"}
19:25:06.976 [pool-3-thread-1] INFO  r.m.lessons.rpks.impl.WriterToKafka - KAFKA_PRODUCER_START_PROCESSING_MASSAGE: {"name":"alex", "age":19, "sex":"M"}
19:25:06.976 [pool-3-thread-1] INFO  r.m.l.rpks.impl.ProcessorOfRule - jsonValueOfname: alex
19:25:06.976 [pool-3-thread-1] INFO  r.m.l.rpks.impl.ProcessorOfRule - NOT_EQUALS:
19:25:06.976 [pool-3-thread-1] INFO  r.m.l.rpks.impl.ProcessorOfRule - EQUALS:
19:25:06.976 [pool-3-thread-1] INFO  r.m.lessons.rpks.impl.WriterToKafka - KAFKA_PRODUCER_END_PROCESSING_MASSAGE: {"name":"alex", "age":19, "sex":"M"}
19:25:06.976 [pool-3-thread-1] INFO  r.m.lessons.rpks.impl.WriterToKafka - KAFKA_PRODUCER_START_PROCESSING_MASSAGE: {"name":"alex", "age":null}
19:25:06.977 [pool-3-thread-1] INFO  r.m.l.rpks.impl.ProcessorOfRule - jsonValueOfname: alex
19:25:06.977 [pool-3-thread-1] INFO  r.m.l.rpks.impl.ProcessorOfRule - NOT_EQUALS:
19:25:06.977 [pool-3-thread-1] INFO  r.m.l.rpks.impl.ProcessorOfRule - EQUALS:
19:25:06.977 [pool-3-thread-1] INFO  r.m.lessons.rpks.impl.WriterToKafka - KAFKA_PRODUCER_END_PROCESSING_MASSAGE: {"name":"alex", "age":null}
19:25:06.978 [pool-3-thread-1] INFO  r.m.lessons.rpks.impl.WriterToKafka - KAFKA_PRODUCER_START_PROCESSING_MASSAGE: {"name":"alex", "sex":"M"}
19:25:06.978 [pool-3-thread-1] INFO  r.m.l.rpks.impl.ProcessorOfRule - jsonValueOfname: alex
19:25:06.978 [pool-3-thread-1] INFO  r.m.l.rpks.impl.ProcessorOfRule - NOT_EQUALS:
19:25:06.978 [pool-3-thread-1] INFO  r.m.l.rpks.impl.ProcessorOfRule - EQUALS:
19:25:06.978 [pool-3-thread-1] INFO  r.m.lessons.rpks.impl.WriterToKafka - KAFKA_PRODUCER_END_PROCESSING_MASSAGE: {"name":"alex", "sex":"M"}
19:25:06.978 [pool-3-thread-1] INFO  r.m.lessons.rpks.impl.WriterToKafka - KAFKA_PRODUCER_START_PROCESSING_MASSAGE: {"name":"alex", "age":, "sex":null}
19:25:06.979 [pool-3-thread-1] INFO  r.m.l.rpks.impl.ProcessorOfRule - jsonValueOfname: alex
19:25:06.979 [pool-3-thread-1] INFO  r.m.l.rpks.impl.ProcessorOfRule - NOT_EQUALS:
19:25:06.979 [pool-3-thread-1] INFO  r.m.l.rpks.impl.ProcessorOfRule - EQUALS:
19:25:06.979 [pool-3-thread-1] INFO  r.m.lessons.rpks.impl.WriterToKafka - KAFKA_PRODUCER_END_PROCESSING_MASSAGE: {"name":"alex", "age":, "sex":null}
19:25:06.979 [pool-3-thread-1] INFO  r.m.lessons.rpks.impl.WriterToKafka - KAFKA_PRODUCER_START_PROCESSING_MASSAGE: {"name":"no_alex", "age":18, "sex":"M"}
19:25:06.979 [pool-3-thread-1] INFO  r.m.l.rpks.impl.ProcessorOfRule - jsonValueOfname: no_alex
19:25:06.980 [pool-3-thread-1] INFO  r.m.l.rpks.impl.ProcessorOfRule - NOT_EQUALS:
19:25:06.980 [pool-3-thread-1] INFO  r.m.l.rpks.impl.ProcessorOfRule - EQUALS:
19:25:06.980 [pool-3-thread-1] INFO  r.m.lessons.rpks.impl.WriterToKafka - KAFKA_PRODUCER_END_PROCESSING_MASSAGE: {"name":"no_alex", "age":18, "sex":"M"}
19:25:06.995 [pool-3-thread-1] INFO  r.m.lessons.rpks.impl.WriterToKafka - KAFKA_PRODUCER_SEND_MASSAGE: {"name":"no_alex", "age":18, "sex":"M"}
19:25:07.810 [pool-2-thread-2] INFO  ru.mai.lessons.rpks.ServiceTest - Read messages 1
19:25:07.812 [pool-2-thread-1] WARN  r.m.l.rpks.impl.ServiceFiltering - CANT_SLEEP:sleep interrupted
19:25:07.813 [pool-2-thread-1] INFO  r.mai.lessons.rpks.impl.ReaderFromDB - HIKARY_CREATE
19:25:07.847 [pool-2-thread-1] INFO  r.mai.lessons.rpks.impl.ReaderFromDB - HIKARY_CREATE
19:25:07.847 [pool-2-thread-1] INFO  r.mai.lessons.rpks.impl.ReaderFromDB - CONTEXT_MADE
19:25:07.864 [pool-2-thread-1] INFO  r.mai.lessons.rpks.impl.ReaderFromDB - RULLES_CREATE:0
19:25:07.864 [pool-2-thread-1] INFO  r.mai.lessons.rpks.impl.ReaderFromDB - MAKE_RULES_FROM_DB
19:25:07.865 [pool-2-thread-1] INFO  r.m.l.rpks.impl.ServiceFiltering - ADD_RULE
19:25:07.866 [pool-2-thread-1] WARN  r.m.l.rpks.impl.ServiceFiltering - CANT_SLEEP:sleep interrupted
19:25:07.866 [pool-2-thread-1] INFO  r.mai.lessons.rpks.impl.ReaderFromDB - HIKARY_CREATE
19:25:07.898 [pool-2-thread-1] INFO  r.mai.lessons.rpks.impl.ReaderFromDB - HIKARY_CREATE
19:25:07.899 [pool-2-thread-1] INFO  r.mai.lessons.rpks.impl.ReaderFromDB - CONTEXT_MADE
19:25:07.915 [pool-2-thread-1] INFO  r.mai.lessons.rpks.impl.ReaderFromDB - RULLES_CREATE:0
19:25:07.916 [pool-2-thread-1] INFO  r.mai.lessons.rpks.impl.ReaderFromDB - MAKE_RULES_FROM_DB
19:25:07.917 [pool-2-thread-1] INFO  r.m.l.rpks.impl.ServiceFiltering - ADD_RULE
19:25:07.917 [pool-2-thread-1] WARN  r.m.l.rpks.impl.ServiceFiltering - CANT_SLEEP:sleep interrupted
19:25:07.918 [pool-2-thread-1] INFO  r.mai.lessons.rpks.impl.ReaderFromDB - HIKARY_CREATE
19:25:07.977 [pool-2-thread-1] INFO  r.mai.lessons.rpks.impl.ReaderFromDB - HIKARY_CREATE
19:25:07.978 [pool-2-thread-1] INFO  r.mai.lessons.rpks.impl.ReaderFromDB - CONTEXT_MADE
19:25:07.996 [pool-2-thread-1] INFO  r.mai.lessons.rpks.impl.ReaderFromDB - RULLES_CREATE:0
19:25:07.997 [pool-2-thread-1] INFO  r.mai.lessons.rpks.impl.ReaderFromDB - MAKE_RULES_FROM_DB
19:25:07.997 [pool-2-thread-1] INFO  r.m.l.rpks.impl.ServiceFiltering - ADD_RULE
19:25:07.998 [pool-2-thread-1] WARN  r.m.l.rpks.impl.ServiceFiltering - CANT_SLEEP:sleep interrupted
19:25:07.998 [pool-2-thread-1] INFO  r.mai.lessons.rpks.impl.ReaderFromDB - HIKARY_CREATE
19:25:08.038 [pool-2-thread-1] INFO  r.mai.lessons.rpks.impl.ReaderFromDB - HIKARY_CREATE
19:25:08.039 [pool-2-thread-1] INFO  r.mai.lessons.rpks.impl.ReaderFromDB - CONTEXT_MADE
19:25:08.057 [pool-2-thread-1] INFO  r.mai.lessons.rpks.impl.ReaderFromDB - RULLES_CREATE:0
19:25:08.057 [pool-2-thread-1] INFO  r.mai.lessons.rpks.impl.ReaderFromDB - MAKE_RULES_FROM_DB
19:25:08.058 [pool-2-thread-1] INFO  r.m.l.rpks.impl.ServiceFiltering - ADD_RULE
19:25:08.059 [pool-2-thread-1] WARN  r.m.l.rpks.impl.ServiceFiltering - CANT_SLEEP:sleep interrupted
19:25:08.060 [pool-2-thread-1] INFO  r.mai.lessons.rpks.impl.ReaderFromDB - HIKARY_CREATE
19:25:08.092 [pool-2-thread-1] INFO  r.mai.lessons.rpks.impl.ReaderFromDB - HIKARY_CREATE
19:25:08.092 [pool-2-thread-1] INFO  r.mai.lessons.rpks.impl.ReaderFromDB - CONTEXT_MADE
19:25:08.107 [pool-2-thread-1] INFO  r.mai.lessons.rpks.impl.ReaderFromDB - RULLES_CREATE:0
19:25:08.108 [pool-2-thread-1] INFO  r.mai.lessons.rpks.impl.ReaderFromDB - MAKE_RULES_FROM_DB
19:25:08.108 [pool-2-thread-1] INFO  r.m.l.rpks.impl.ServiceFiltering - ADD_RULE
19:25:08.109 [pool-2-thread-1] WARN  r.m.l.rpks.impl.ServiceFiltering - CANT_SLEEP:sleep interrupted
19:25:08.109 [pool-2-thread-1] INFO  r.mai.lessons.rpks.impl.ReaderFromDB - HIKARY_CREATE
19:25:08.147 [pool-2-thread-1] INFO  r.mai.lessons.rpks.impl.ReaderFromDB - HIKARY_CREATE
19:25:08.148 [pool-2-thread-1] INFO  r.mai.lessons.rpks.impl.ReaderFromDB - CONTEXT_MADE
19:25:08.166 [pool-2-thread-1] INFO  r.mai.lessons.rpks.impl.ReaderFromDB - RULLES_CREATE:0
19:25:08.166 [pool-2-thread-1] INFO  r.mai.lessons.rpks.impl.ReaderFromDB - MAKE_RULES_FROM_DB
19:25:08.167 [pool-2-thread-1] INFO  r.m.l.rpks.impl.ServiceFiltering - ADD_RULE
19:25:08.168 [pool-2-thread-1] WARN  r.m.l.rpks.impl.ServiceFiltering - CANT_SLEEP:sleep interrupted
19:25:08.168 [pool-2-thread-1] INFO  r.mai.lessons.rpks.impl.ReaderFromDB - HIKARY_CREATE
19:25:08.202 [pool-2-thread-1] INFO  r.mai.lessons.rpks.impl.ReaderFromDB - HIKARY_CREATE
19:25:08.203 [pool-2-thread-1] INFO  r.mai.lessons.rpks.impl.ReaderFromDB - CONTEXT_MADE
19:25:08.226 [pool-2-thread-1] INFO  r.mai.lessons.rpks.impl.ReaderFromDB - RULLES_CREATE:0
19:25:08.227 [pool-2-thread-1] INFO  r.mai.lessons.rpks.impl.ReaderFromDB - MAKE_RULES_FROM_DB
19:25:08.227 [pool-2-thread-1] INFO  r.m.l.rpks.impl.ServiceFiltering - ADD_RULE
19:25:08.228 [pool-2-thread-1] WARN  r.m.l.rpks.impl.ServiceFiltering - CANT_SLEEP:sleep interrupted
19:25:08.228 [pool-2-thread-1] INFO  r.mai.lessons.rpks.impl.ReaderFromDB - HIKARY_CREATE
19:25:08.257 [pool-2-thread-1] INFO  r.mai.lessons.rpks.impl.ReaderFromDB - HIKARY_CREATE
19:25:08.258 [pool-2-thread-1] INFO  r.mai.lessons.rpks.impl.ReaderFromDB - CONTEXT_MADE
19:25:08.276 [pool-2-thread-1] INFO  r.mai.lessons.rpks.impl.ReaderFromDB - RULLES_CREATE:0
19:25:08.276 [pool-2-thread-1] INFO  r.mai.lessons.rpks.impl.ReaderFromDB - MAKE_RULES_FROM_DB
19:25:08.277 [pool-2-thread-1] INFO  r.m.l.rpks.impl.ServiceFiltering - ADD_RULE
19:25:08.277 [pool-2-thread-1] WARN  r.m.l.rpks.impl.ServiceFiltering - CANT_SLEEP:sleep interrupted
19:25:08.277 [pool-2-thread-1] INFO  r.mai.lessons.rpks.impl.ReaderFromDB - HIKARY_CREATE
19:25:08.310 [pool-2-thread-1] INFO  r.mai.lessons.rpks.impl.ReaderFromDB - HIKARY_CREATE
19:25:08.310 [pool-2-thread-1] INFO  r.mai.lessons.rpks.impl.ReaderFromDB - CONTEXT_MADE
19:25:08.337 [pool-2-thread-1] INFO  r.mai.lessons.rpks.impl.ReaderFromDB - RULLES_CREATE:0
19:25:08.338 [pool-2-thread-1] INFO  r.mai.lessons.rpks.impl.ReaderFromDB - MAKE_RULES_FROM_DB
19:25:08.339 [pool-2-thread-1] INFO  r.m.l.rpks.impl.ServiceFiltering - ADD_RULE
19:25:08.339 [pool-2-thread-1] WARN  r.m.l.rpks.impl.ServiceFiltering - CANT_SLEEP:sleep interrupted
19:25:08.339 [pool-2-thread-1] INFO  r.mai.lessons.rpks.impl.ReaderFromDB - HIKARY_CREATE
19:25:08.375 [pool-2-thread-1] INFO  r.mai.lessons.rpks.impl.ReaderFromDB - HIKARY_CREATE
19:25:08.376 [pool-2-thread-1] INFO  r.mai.lessons.rpks.impl.ReaderFromDB - CONTEXT_MADE
19:25:08.397 [pool-2-thread-1] INFO  r.mai.lessons.rpks.impl.ReaderFromDB - RULLES_CREATE:0
19:25:08.398 [pool-2-thread-1] INFO  r.mai.lessons.rpks.impl.ReaderFromDB - MAKE_RULES_FROM_DB
19:25:08.399 [pool-2-thread-1] INFO  r.m.l.rpks.impl.ServiceFiltering - ADD_RULE
19:25:08.399 [pool-2-thread-1] WARN  r.m.l.rpks.impl.ServiceFiltering - CANT_SLEEP:sleep interrupted
19:25:08.400 [pool-2-thread-1] INFO  r.mai.lessons.rpks.impl.ReaderFromDB - HIKARY_CREATE
19:25:08.432 [pool-2-thread-1] INFO  r.mai.lessons.rpks.impl.ReaderFromDB - HIKARY_CREATE
19:25:08.433 [pool-2-thread-1] INFO  r.mai.lessons.rpks.impl.ReaderFromDB - CONTEXT_MADE
19:25:08.446 [pool-2-thread-1] INFO  r.mai.lessons.rpks.impl.ReaderFromDB - RULLES_CREATE:0
19:25:08.447 [pool-2-thread-1] INFO  r.mai.lessons.rpks.impl.ReaderFromDB - MAKE_RULES_FROM_DB
19:25:08.447 [pool-2-thread-1] INFO  r.m.l.rpks.impl.ServiceFiltering - ADD_RULE
19:25:08.448 [pool-2-thread-1] WARN  r.m.l.rpks.impl.ServiceFiltering - CANT_SLEEP:sleep interrupted
19:25:08.448 [pool-2-thread-1] INFO  r.mai.lessons.rpks.impl.ReaderFromDB - HIKARY_CREATE
19:25:08.479 [pool-2-thread-1] INFO  r.mai.lessons.rpks.impl.ReaderFromDB - HIKARY_CREATE
19:25:08.479 [pool-2-thread-1] INFO  r.mai.lessons.rpks.impl.ReaderFromDB - CONTEXT_MADE
19:25:08.512 [pool-2-thread-1] INFO  r.mai.lessons.rpks.impl.ReaderFromDB - RULLES_CREATE:0
19:25:08.512 [pool-2-thread-1] INFO  r.mai.lessons.rpks.impl.ReaderFromDB - MAKE_RULES_FROM_DB
19:25:08.513 [pool-2-thread-1] INFO  r.m.l.rpks.impl.ServiceFiltering - ADD_RULE
19:25:08.514 [pool-2-thread-1] WARN  r.m.l.rpks.impl.ServiceFiltering - CANT_SLEEP:sleep interrupted
19:25:08.514 [pool-2-thread-1] INFO  r.mai.lessons.rpks.impl.ReaderFromDB - HIKARY_CREATE
19:25:08.565 [pool-2-thread-1] INFO  r.mai.lessons.rpks.impl.ReaderFromDB - HIKARY_CREATE
19:25:08.565 [pool-2-thread-1] INFO  r.mai.lessons.rpks.impl.ReaderFromDB - CONTEXT_MADE
19:25:08.587 [pool-2-thread-1] INFO  r.mai.lessons.rpks.impl.ReaderFromDB - RULLES_CREATE:0
19:25:08.587 [pool-2-thread-1] INFO  r.mai.lessons.rpks.impl.ReaderFromDB - MAKE_RULES_FROM_DB
19:25:08.588 [pool-2-thread-1] INFO  r.m.l.rpks.impl.ServiceFiltering - ADD_RULE
19:25:08.588 [pool-2-thread-1] WARN  r.m.l.rpks.impl.ServiceFiltering - CANT_SLEEP:sleep interrupted
19:25:08.588 [pool-2-thread-1] INFO  r.mai.lessons.rpks.impl.ReaderFromDB - HIKARY_CREATE
19:25:08.624 [pool-2-thread-1] INFO  r.mai.lessons.rpks.impl.ReaderFromDB - HIKARY_CREATE
19:25:08.624 [pool-2-thread-1] INFO  r.mai.lessons.rpks.impl.ReaderFromDB - CONTEXT_MADE
19:25:08.642 [pool-2-thread-1] INFO  r.mai.lessons.rpks.impl.ReaderFromDB - RULLES_CREATE:0
19:25:08.643 [pool-2-thread-1] INFO  r.mai.lessons.rpks.impl.ReaderFromDB - MAKE_RULES_FROM_DB
19:25:08.644 [pool-2-thread-1] INFO  r.m.l.rpks.impl.ServiceFiltering - ADD_RULE
19:25:08.644 [pool-2-thread-1] WARN  r.m.l.rpks.impl.ServiceFiltering - CANT_SLEEP:sleep interrupted
19:25:08.644 [pool-2-thread-1] INFO  r.mai.lessons.rpks.impl.ReaderFromDB - HIKARY_CREATE
19:25:08.671 [pool-2-thread-1] ERROR com.zaxxer.hikari.pool.HikariPool - HikariPool-17 - Exception during pool initialization.
org.postgresql.util.PSQLException: Ошибка при попытке подсоединения.
	at org.postgresql.core.v3.ConnectionFactoryImpl.openConnectionImpl(ConnectionFactoryImpl.java:354)
	at org.postgresql.core.ConnectionFactory.openConnection(ConnectionFactory.java:54)
	at org.postgresql.jdbc.PgConnection.<init>(PgConnection.java:253)
	at org.postgresql.Driver.makeConnection(Driver.java:434)
	at org.postgresql.Driver.connect(Driver.java:291)
	at com.zaxxer.hikari.util.DriverDataSource.getConnection(DriverDataSource.java:138)
	at com.zaxxer.hikari.pool.PoolBase.newConnection(PoolBase.java:359)
	at com.zaxxer.hikari.pool.PoolBase.newPoolEntry(PoolBase.java:201)
	at com.zaxxer.hikari.pool.HikariPool.createPoolEntry(HikariPool.java:470)
	at com.zaxxer.hikari.pool.HikariPool.checkFailFast(HikariPool.java:561)
	at com.zaxxer.hikari.pool.HikariPool.<init>(HikariPool.java:100)
	at com.zaxxer.hikari.HikariDataSource.<init>(HikariDataSource.java:81)
	at ru.mai.lessons.rpks.impl.ReaderFromDB.readRulesFromDB(ReaderFromDB.java:29)
	at ru.mai.lessons.rpks.impl.ServiceFiltering.start(ServiceFiltering.java:43)
	at ru.mai.lessons.rpks.ServiceTest.lambda$testStartService$49(ServiceTest.java:1335)
	at java.base/java.util.concurrent.FutureTask.run(FutureTask.java:264)
	at java.base/java.util.concurrent.ThreadPoolExecutor.runWorker(ThreadPoolExecutor.java:1136)
	at java.base/java.util.concurrent.ThreadPoolExecutor$Worker.run(ThreadPoolExecutor.java:635)
	at java.base/java.lang.Thread.run(Thread.java:833)
Caused by: java.io.EOFException: null
	at org.postgresql.core.PGStream.receiveChar(PGStream.java:467)
	at org.postgresql.core.v3.ConnectionFactoryImpl.enableSSL(ConnectionFactoryImpl.java:589)
	at org.postgresql.core.v3.ConnectionFactoryImpl.tryConnect(ConnectionFactoryImpl.java:191)
	at org.postgresql.core.v3.ConnectionFactoryImpl.openConnectionImpl(ConnectionFactoryImpl.java:258)
	... 18 common frames omitted
19:25:30.914 [Test worker] INFO  ru.mai.lessons.rpks.ServiceTest - Topics: [(name=test_topic_in, numPartitions=3, replicationFactor=1, replicasAssignments=null, configs=null), (name=test_topic_out, numPartitions=3, replicationFactor=1, replicasAssignments=null, configs=null)], replica factor 1, partitions 3
19:25:30.965 [Test worker] INFO  ru.mai.lessons.rpks.ServiceTest - Topic not exist. Create topics [(name=test_topic_in, numPartitions=3, replicationFactor=1, replicasAssignments=null, configs=null), (name=test_topic_out, numPartitions=3, replicationFactor=1, replicasAssignments=null, configs=null)]
19:25:32.058 [pool-4-thread-1] INFO  r.m.l.rpks.impl.ServiceFiltering - CONFIG:Config(SimpleConfigObject({"application":{"updateIntervalSec":10},"com":{"zaxxer":{"hikari":{"pool_number":"1"}}},"db":{"driver":"org.postgresql.Driver","jdbcUrl":"jdbc:postgresql://localhost:57608/test_db?loggerLevel=OFF","password":"password","user":"user"},"file":{"encoding":"windows-1251","separator":"\\"},"java":{"class":{"path":"C:\\\\Users\\\\eliza\\\\.gradle\\\\caches\\\\7.5.1\\\\workerMain\\\\gradle-worker.jar;P:\\\\Projects\\\\JetBrains\\\\IntelliJIDEA\\\\RPKS_2\\\\git_Clone\\\\JavaServiceFiltering\\\\build\\\\classes\\\\java\\\\test;P:\\\\Projects\\\\JetBrains\\\\IntelliJIDEA\\\\RPKS_2\\\\git_Clone\\\\JavaServiceFiltering\\\\build\\\\resources\\\\test;P:\\\\Projects\\\\JetBrains\\\\IntelliJIDEA\\\\RPKS_2\\\\git_Clone\\\\JavaServiceFiltering\\\\build\\\\classes\\\\java\\\\main;P:\\\\Projects\\\\JetBrains\\\\IntelliJIDEA\\\\RPKS_2\\\\git_Clone\\\\JavaServiceFiltering\\\\build\\\\resources\\\\main;C:\\\\Users\\\\eliza\\\\.gradle\\\\caches\\\\modules-2\\\\files-2.1\\\\org.apache.kafka\\\\kafka-clients\\\\3.4.0\\\\69aebfca9da335f6617f9e5e7a4b45f16e8c86b5\\\\kafka-clients-3.4.0.jar;C:\\\\Users\\\\eliza\\\\.gradle\\\\caches\\\\modules-2\\\\files-2.1\\\\ch.qos.logback\\\\logback-classic\\\\1.4.5\\\\28e7dc0b208d6c3f15beefd73976e064b4ecfa9b\\\\logback-classic-1.4.5.jar;C:\\\\Users\\\\eliza\\\\.gradle\\\\caches\\\\modules-2\\\\files-2.1\\\\com.typesafe\\\\config\\\\1.4.2\\\\4c40a633e7994cfb0354244efb6d03fcb11c3ecf\\\\config-1.4.2.jar;C:\\\\Users\\\\eliza\\\\.gradle\\\\caches\\\\modules-2\\\\files-2.1\\\\org.postgresql\\\\postgresql\\\\42.5.4\\\\15015a54f15e340a9a8a6a2c5457429cb1176b8\\\\postgresql-42.5.4.jar;C:\\\\Users\\\\eliza\\\\.gradle\\\\caches\\\\modules-2\\\\files-2.1\\\\com.zaxxer\\\\HikariCP\\\\5.0.1\\\\a74c7f0a37046846e88d54f7cb6ea6d565c65f9c\\\\HikariCP-5.0.1.jar;C:\\\\Users\\\\eliza\\\\.gradle\\\\caches\\\\modules-2\\\\files-2.1\\\\org.jooq\\\\jooq\\\\3.17.8\\\\6add040365183a3c0a043e11c6069a46b992df39\\\\jooq-3.17.8.jar;C:\\\\Users\\\\eliza\\\\.gradle\\\\caches\\\\modules-2\\\\files-2.1\\\\org.testcontainers\\\\junit-jupiter\\\\1.17.6\\\\94e9894bc665909e208959390ea6540309ce231e\\\\junit-jupiter-1.17.6.jar;C:\\\\Users\\\\eliza\\\\.gradle\\\\caches\\\\modules-2\\\\files-2.1\\\\org.testcontainers\\\\kafka\\\\1.17.6\\\\1975b93708e99340690690177a9c7bbf5aabc823\\\\kafka-1.17.6.jar;C:\\\\Users\\\\eliza\\\\.gradle\\\\caches\\\\modules-2\\\\files-2.1\\\\org.testcontainers\\\\postgresql\\\\1.17.6\\\\cd8aba02d8d46159ab85535d34a1e4217322f9a5\\\\postgresql-1.17.6.jar;C:\\\\Users\\\\eliza\\\\.gradle\\\\caches\\\\modules-2\\\\files-2.1\\\\org.testcontainers\\\\jdbc\\\\1.17.6\\\\1510482e46f5f70909693fc695a2369751510785\\\\jdbc-1.17.6.jar;C:\\\\Users\\\\eliza\\\\.gradle\\\\caches\\\\modules-2\\\\files-2.1\\\\org.testcontainers\\\\database-commons\\\\1.17.6\\\\8a4cd2cda51c2cc3092b1c22f4ee8148be4db410\\\\database-commons-1.17.6.jar;C:\\\\Users\\\\eliza\\\\.gradle\\\\caches\\\\modules-2\\\\files-2.1\\\\org.testcontainers\\\\testcontainers\\\\1.17.6\\\\11b28972d2d8bddd5a7d3b6e21016fbe13bc8e8b\\\\testcontainers-1.17.6.jar;C:\\\\Users\\\\eliza\\\\.gradle\\\\caches\\\\modules-2\\\\files-2.1\\\\com.github.docker-java\\\\docker-java-api\\\\3.2.13\\\\5817ef8f770cb7e740d590090bf352df9491f3c1\\\\docker-java-api-3.2.13.jar;C:\\\\Users\\\\eliza\\\\.gradle\\\\caches\\\\modules-2\\\\files-2.1\\\\com.fasterxml.jackson.core\\\\jackson-annotations\\\\2.14.2\\\\a7aae9525864930723e3453ab799521fdfd9d873\\\\jackson-annotations-2.14.2.jar;C:\\\\Users\\\\eliza\\\\.gradle\\\\caches\\\\modules-2\\\\files-2.1\\\\com.fasterxml.jackson.core\\\\jackson-core\\\\2.14.2\\\\f804090e6399ce0cf78242db086017512dd71fcc\\\\jackson-core-2.14.2.jar;C:\\\\Users\\\\eliza\\\\.gradle\\\\caches\\\\modules-2\\\\files-2.1\\\\org.junit.jupiter\\\\junit-jupiter-engine\\\\5.9.1\\\\1bf771097bde296c3ab174861954e8aafaaf2e94\\\\junit-jupiter-engine-5.9.1.jar;C:\\\\Users\\\\eliza\\\\.gradle\\\\caches\\\\modules-2\\\\files-2.1\\\\org.junit.platform\\\\junit-platform-engine\\\\1.9.1\\\\83591e5089d6cea5f324aa3ecca9b19d5a275803\\\\junit-platform-engine-1.9.1.jar;C:\\\\Users\\\\eliza\\\\.gradle\\\\caches\\\\modules-2\\\\files-2.1\\\\org.junit.platform\\\\junit-platform-commons\\\\1.9.1\\\\3145f821b5cd10abcdc5f925baa5fffa6f1b628f\\\\junit-platform-commons-1.9.1.jar;C:\\\\Users\\\\eliza\\\\.gradle\\\\caches\\\\modules-2\\\\files-2.1\\\\org.junit.jupiter\\\\junit-jupiter-api\\\\5.9.1\\\\7bb53fbc0173e9f6a9d21d58297af94b1f2f9ce1\\\\junit-jupiter-api-5.9.1.jar;C:\\\\Users\\\\eliza\\\\.gradle\\\\caches\\\\modules-2\\\\files-2.1\\\\com.github.luben\\\\zstd-jni\\\\1.5.2-1\\\\fad786abc1d1b81570e8d9a2fc8a1ef479bc27b6\\\\zstd-jni-1.5.2-1.jar;C:\\\\Users\\\\eliza\\\\.gradle\\\\caches\\\\modules-2\\\\files-2.1\\\\org.lz4\\\\lz4-java\\\\1.8.0\\\\4b986a99445e49ea5fbf5d149c4b63f6ed6c6780\\\\lz4-java-1.8.0.jar;C:\\\\Users\\\\eliza\\\\.gradle\\\\caches\\\\modules-2\\\\files-2.1\\\\org.xerial.snappy\\\\snappy-java\\\\1.1.8.4\\\\66f0d56454509f6e36175f2331572e250e04a6cc\\\\snappy-java-1.1.8.4.jar;C:\\\\Users\\\\eliza\\\\.gradle\\\\caches\\\\modules-2\\\\files-2.1\\\\com.github.docker-java\\\\docker-java-transport-zerodep\\\\3.2.13\\\\4cbc2c09d6c264767a39624066987ed4a152bc68\\\\docker-java-transport-zerodep-3.2.13.jar;C:\\\\Users\\\\eliza\\\\.gradle\\\\caches\\\\modules-2\\\\files-2.1\\\\org.slf4j\\\\slf4j-api\\\\2.0.4\\\\30d5eb5360bd113ce96f9e49e3431993bbf1b247\\\\slf4j-api-2.0.4.jar;C:\\\\Users\\\\eliza\\\\.gradle\\\\caches\\\\modules-2\\\\files-2.1\\\\ch.qos.logback\\\\logback-core\\\\1.4.5\\\\e9bb2ea70f84401314da4300343b0a246c8954da\\\\logback-core-1.4.5.jar;C:\\\\Users\\\\eliza\\\\.gradle\\\\caches\\\\modules-2\\\\files-2.1\\\\org.checkerframework\\\\checker-qual\\\\3.5.0\\\\2f50520c8abea66fbd8d26e481d3aef5c673b510\\\\checker-qual-3.5.0.jar;C:\\\\Users\\\\eliza\\\\.gradle\\\\caches\\\\modules-2\\\\files-2.1\\\\io.r2dbc\\\\r2dbc-spi\\\\0.9.1.RELEASE\\\\689338f54890e6981d9d98d059c1a94007a0b809\\\\r2dbc-spi-0.9.1.RELEASE.jar;C:\\\\Users\\\\eliza\\\\.gradle\\\\caches\\\\modules-2\\\\files-2.1\\\\jakarta.xml.bind\\\\jakarta.xml.bind-api\\\\3.0.0\\\\9275db6e21287df61690989254a0b46d8d31e99a\\\\jakarta.xml.bind-api-3.0.0.jar;C:\\\\Users\\\\eliza\\\\.gradle\\\\caches\\\\modules-2\\\\files-2.1\\\\junit\\\\junit\\\\4.13.2\\\\8ac9e16d933b6fb43bc7f576336b8f4d7eb5ba12\\\\junit-4.13.2.jar;C:\\\\Users\\\\eliza\\\\.gradle\\\\caches\\\\modules-2\\\\files-2.1\\\\org.apache.commons\\\\commons-compress\\\\1.22\\\\691a8b4e6cf4248c3bc72c8b719337d5cb7359fa\\\\commons-compress-1.22.jar;C:\\\\Users\\\\eliza\\\\.gradle\\\\caches\\\\modules-2\\\\files-2.1\\\\org.rnorth.duct-tape\\\\duct-tape\\\\1.0.8\\\\92edc22a9ab2f3e17c9bf700aaee377d50e8b530\\\\duct-tape-1.0.8.jar;C:\\\\Users\\\\eliza\\\\.gradle\\\\caches\\\\modules-2\\\\files-2.1\\\\org.reactivestreams\\\\reactive-streams\\\\1.0.3\\\\d9fb7a7926ffa635b3dcaa5049fb2bfa25b3e7d0\\\\reactive-streams-1.0.3.jar;C:\\\\Users\\\\eliza\\\\.gradle\\\\caches\\\\modules-2\\\\files-2.1\\\\com.sun.activation\\\\jakarta.activation\\\\2.0.0\\\\f4e7519148dee347c7666f336210deedb8aca09d\\\\jakarta.activation-2.0.0.jar;C:\\\\Users\\\\eliza\\\\.gradle\\\\caches\\\\modules-2\\\\files-2.1\\\\org.hamcrest\\\\hamcrest-core\\\\1.3\\\\42a25dc3219429f0e5d060061f71acb49bf010a0\\\\hamcrest-core-1.3.jar;C:\\\\Users\\\\eliza\\\\.gradle\\\\caches\\\\modules-2\\\\files-2.1\\\\org.jetbrains\\\\annotations\\\\17.0.0\\\\8ceead41f4e71821919dbdb7a9847608f1a938cb\\\\annotations-17.0.0.jar;C:\\\\Users\\\\eliza\\\\.gradle\\\\caches\\\\modules-2\\\\files-2.1\\\\com.github.docker-java\\\\docker-java-transport\\\\3.2.13\\\\e9d308d1822181a9d48c99739f5eca014ec89199\\\\docker-java-transport-3.2.13.jar;C:\\\\Users\\\\eliza\\\\.gradle\\\\caches\\\\modules-2\\\\files-2.1\\\\net.java.dev.jna\\\\jna\\\\5.8.0\\\\3551d8d827e54858214107541d3aff9c615cb615\\\\jna-5.8.0.jar;C:\\\\Users\\\\eliza\\\\.gradle\\\\caches\\\\modules-2\\\\files-2.1\\\\org.opentest4j\\\\opentest4j\\\\1.2.0\\\\28c11eb91f9b6d8e200631d46e20a7f407f2a046\\\\opentest4j-1.2.0.jar","version":"62.0"},"home":"C:\\Users\\eliza\\.jdks\\openjdk-18.0.1.1","io":{"tmpdir":"C:\\Users\\eliza\\AppData\\Local\\Temp\\"},"library":{"path":"C:\\Users\\eliza\\.jdks\\openjdk-18.0.1.1\\bin;C:\\WINDOWS\\Sun\\Java\\bin;C:\\WINDOWS\\system32;C:\\WINDOWS;;;;C:\\Windows\\system32;C:\\Windows;C:\\Windows\\System32\\Wbem;C:\\Windows\\System32\\WindowsPowerShell\\v1.0\\;C:\\Windows\\System32\\OpenSSH\\;C:\\Program Files\\Microsoft SQL Server\\150\\Tools\\Binn\\;C:\\Program Files\\dotnet\\;C:\\Program Files\\Git\\cmd;C:\\Program Files\\Git\\mingw64\\bin;C:\\Program Files\\Git\\usr\\bin;P:\\Programs\\MySql\\bin;C:\\WINDOWS\\system32;C:\\WINDOWS;C:\\WINDOWS\\System32\\Wbem;C:\\WINDOWS\\System32\\WindowsPowerShell\\v1.0\\;C:\\WINDOWS\\System32\\OpenSSH\\;C:\\Program Files\\PowerShell\\7\\;C:\\Program Files\\Docker\\Docker\\resources\\bin;C:\\Users\\eliza\\AppData\\Local\\Programs\\Python\\Python38\\Scripts\\;C:\\Users\\eliza\\AppData\\Local\\Programs\\Python\\Python38\\;C:\\Users\\eliza\\AppData\\Local\\Microsoft\\WindowsApps;P:\\Programs\\JetBrains\\PyCharm 2022.1.3\\Program Files\\JetBrains\\PyCharm 2022.1.3\\bin;;P:\\Programs\\JetBrains\\IntelliJ IDEA 2023.1.2\\bin;;P:\\Programs\\JetBrains\\CLion 2022.2.4\\bin;;C:\\Users\\eliza\\.dotnet\\tools;C:\\texlive\\2022\\bin\\win32;P:\\Programs\\JetBrains\\Rider 2022.2.4\\bin;;C:\\ProgramData\\eliza\\GitHubDesktop\\bin;C:\\Users\\eliza\\AppData\\Local\\GitHubDesktop\\bin;P:\\Programs\\JetBrains\\DataGrip 2022.2.5\\bin;;;P:\\Programs\\JetBrains\\Gateway 2023.1\\JetBrains Gateway 2023.1\\bin;;."},"runtime":{"name":"OpenJDK Runtime Environment","version":"18.0.1.1+2-6"},"specification":{"name":"Java Platform API Specification","vendor":"Oracle Corporation","version":"18"},"vendor":{"url":{"bug":"https://bugreport.java.com/bugreport/"}},"version":"18.0.1.1","vm":{"compressedOopsMode":"32-bit","info":"mixed mode, sharing","name":"OpenJDK 64-Bit Server VM","specification":{"name":"Java Virtual Machine Specification","vendor":"Oracle Corporation","version":"18"},"vendor":"Oracle Corporation","version":"18.0.1.1+2-6"}},"jdk":{"debug":"release"},"kafka":{"consumer":{"auto":{"offset":{"reset":"earliest"}},"bootstrap":{"servers":"PLAINTEXT://localhost:57617"},"group":{"id":"test_group_consumer"},"topicIn":"test_topic_in"},"producer":{"bootstrap":{"servers":"PLAINTEXT://localhost:57617"},"topicOut":"test_topic_out"}},"line":{"separator":"\r\n"},"native":{"encoding":"Cp1251"},"org":{"gradle":{"internal":{"worker":{"tmpdir":"P:\\Projects\\JetBrains\\IntelliJIDEA\\RPKS_2\\git_Clone\\JavaServiceFiltering\\build\\tmp\\test\\work"}},"native":"false","test":{"worker":"38"}}},"os":{"arch":"amd64","name":"Windows 11","version":"10.0"},"path":{"separator":";"},"sun":{"arch":{"data":{"model":"64"}},"boot":{"library":{"path":"C:\\Users\\eliza\\.jdks\\openjdk-18.0.1.1\\bin"}},"cpu":{"endian":"little","isalist":"amd64"},"io":{"unicode":{"encoding":"UnicodeLittle"}},"java":{"command":"worker.org.gradle.process.internal.worker.GradleWorkerMain 'Gradle Test Executor 38'","launcher":"SUN_STANDARD"},"jnu":{"encoding":"Cp1251"},"management":{"compiler":"HotSpot 64-Bit Tiered Compilers"},"os":{"patch":{"level":""}}},"user":{"country":"RU","dir":"P:\\Projects\\JetBrains\\IntelliJIDEA\\RPKS_2\\git_Clone\\JavaServiceFiltering","home":"C:\\Users\\eliza","language":"ru","name":"eliza","script":"","timezone":"Europe/Moscow","variant":""}}))
19:25:32.061 [pool-4-thread-1] INFO  r.m.l.rpks.impl.ServiceFiltering - CONSUMER_SETTINGS_WAS_READ: ConsumerSettings(bootstrapServers=PLAINTEXT://localhost:57617, groupId=test_group_consumer, autoOffsetReset=earliest, topicIn=test_topic_in, updateIntervalSec=100)
19:25:32.061 [pool-4-thread-1] INFO  r.m.l.rpks.impl.ServiceFiltering - PRODUCER_SETTINGS_WAS_READ: ProducerSettings(bootstrapServers=PLAINTEXT://localhost:57617, topicOut=test_topic_out, updateIntervalSec=100)
19:25:32.062 [pool-4-thread-1] INFO  r.m.l.rpks.impl.ServiceFiltering - DB_SETTINGS_WAS_READ: DBSettings(jdbcUrl=jdbc:postgresql://localhost:57608/test_db?loggerLevel=OFF, user=user, password=password, driver=org.postgresql.Driver, tableName=filter_rules)
19:25:32.062 [pool-4-thread-1] INFO  r.mai.lessons.rpks.impl.ReaderFromDB - HIKARY_CREATE
19:25:32.063 [pool-5-thread-1] INFO  r.m.lessons.rpks.impl.WriterToKafka - START_WRITE_MESSAGE_IN_KAFKA_TOPIC test_topic_out
19:25:32.064 [pool-5-thread-2] INFO  r.m.l.rpks.impl.ReaderFromKafka - CONSUMER_SETTINGS:ConsumerSettings(bootstrapServers=PLAINTEXT://localhost:57617, groupId=test_group_consumer, autoOffsetReset=earliest, topicIn=test_topic_in, updateIntervalSec=100)
19:25:32.064 [pool-5-thread-2] INFO  r.m.l.rpks.impl.ReaderFromKafka - KAFKA_CONSUMER_START_READING_FROM_TOPIC test_topic_in
19:25:32.111 [pool-4-thread-1] INFO  r.mai.lessons.rpks.impl.ReaderFromDB - HIKARY_CREATE
19:25:32.112 [pool-4-thread-1] INFO  r.mai.lessons.rpks.impl.ReaderFromDB - CONTEXT_MADE
19:25:32.218 [pool-4-thread-1] INFO  r.mai.lessons.rpks.impl.ReaderFromDB - RULLES_CREATE:0
19:25:32.219 [pool-4-thread-1] INFO  r.mai.lessons.rpks.impl.ReaderFromDB - MAKE_RULES_FROM_DB
19:25:32.353 [pool-4-thread-1] INFO  r.m.l.rpks.impl.ServiceFiltering - ADD_RULE
19:25:32.825 [pool-4-thread-2] INFO  ru.mai.lessons.rpks.ServiceTest - Remaining attempts 10
19:25:33.173 [pool-5-thread-2] INFO  r.m.l.rpks.impl.ReaderFromKafka - MASSAGE_FROM_KAFKA_TOPIC test_topic_in : {"name":null, "sex":"M"}
19:25:33.173 [pool-5-thread-2] INFO  r.m.l.rpks.impl.ReaderFromKafka - MASSAGE_FROM_KAFKA_TOPIC test_topic_in : {"name":null, "sex":"M"}
19:25:33.173 [pool-5-thread-2] INFO  r.m.l.rpks.impl.ReaderFromKafka - MASSAGE_FROM_KAFKA_TOPIC test_topic_in : {"name":"alex_ivanov", "age":20, "sex":"M"}
19:25:33.173 [pool-5-thread-1] INFO  r.m.lessons.rpks.impl.WriterToKafka - KAFKA_PRODUCER_START_PROCESSING_MASSAGE: {"name":null, "sex":"M"}
19:25:33.173 [pool-5-thread-2] INFO  r.m.l.rpks.impl.ReaderFromKafka - MASSAGE_FROM_KAFKA_TOPIC test_topic_in : {"name":"alex_ivanov", "age":20, "sex":"M"}
19:25:33.174 [pool-5-thread-2] INFO  r.m.l.rpks.impl.ReaderFromKafka - MASSAGE_FROM_KAFKA_TOPIC test_topic_in : {"name":"alex", "age":null, "sex":"M"}
19:25:33.174 [pool-5-thread-2] INFO  r.m.l.rpks.impl.ReaderFromKafka - MASSAGE_FROM_KAFKA_TOPIC test_topic_in : {"name":"alex", "age":null, "sex":"M"}
19:25:33.174 [pool-5-thread-2] INFO  r.m.l.rpks.impl.ReaderFromKafka - MASSAGE_FROM_KAFKA_TOPIC test_topic_in : 
19:25:33.174 [pool-5-thread-2] INFO  r.m.l.rpks.impl.ReaderFromKafka - MASSAGE_FROM_KAFKA_TOPIC test_topic_in : 
19:25:33.174 [pool-5-thread-2] INFO  r.m.l.rpks.impl.ReaderFromKafka - MASSAGE_FROM_KAFKA_TOPIC test_topic_in : {"age":18, "sex":"M"}
19:25:33.174 [pool-5-thread-2] INFO  r.m.l.rpks.impl.ReaderFromKafka - MASSAGE_FROM_KAFKA_TOPIC test_topic_in : {"age":18, "sex":"M"}
19:25:33.174 [pool-5-thread-2] INFO  r.m.l.rpks.impl.ReaderFromKafka - MASSAGE_FROM_KAFKA_TOPIC test_topic_in : {"name":"alex", "age":, "sex":"M"}
19:25:33.174 [pool-5-thread-2] INFO  r.m.l.rpks.impl.ReaderFromKafka - MASSAGE_FROM_KAFKA_TOPIC test_topic_in : {"name":"alex", "age":, "sex":"M"}
19:25:33.174 [pool-5-thread-1] INFO  r.m.lessons.rpks.impl.WriterToKafka - KAFKA_PRODUCER_END_PROCESSING_MASSAGE: {"name":null, "sex":"M"}
19:25:33.174 [pool-5-thread-2] INFO  r.m.l.rpks.impl.ReaderFromKafka - MASSAGE_FROM_KAFKA_TOPIC test_topic_in : {"name":"pushkin", "age":19, "sex":"M"}
19:25:33.174 [pool-5-thread-2] INFO  r.m.l.rpks.impl.ReaderFromKafka - MASSAGE_FROM_KAFKA_TOPIC test_topic_in : {"name":"pushkin", "age":19, "sex":"M"}
19:25:33.175 [pool-5-thread-2] INFO  r.m.l.rpks.impl.ReaderFromKafka - MASSAGE_FROM_KAFKA_TOPIC test_topic_in : {"name":"", "age":"", "sex":"M"}
19:25:33.175 [pool-5-thread-2] INFO  r.m.l.rpks.impl.ReaderFromKafka - MASSAGE_FROM_KAFKA_TOPIC test_topic_in : {"name":"", "age":"", "sex":"M"}
19:25:33.174 [pool-5-thread-1] INFO  r.m.lessons.rpks.impl.WriterToKafka - KAFKA_PRODUCER_START_PROCESSING_MASSAGE: {"name":"alex_ivanov", "age":20, "sex":"M"}
19:25:33.176 [pool-5-thread-1] INFO  r.m.lessons.rpks.impl.WriterToKafka - KAFKA_PRODUCER_END_PROCESSING_MASSAGE: {"name":"alex_ivanov", "age":20, "sex":"M"}
19:25:33.176 [pool-5-thread-1] INFO  r.m.lessons.rpks.impl.WriterToKafka - KAFKA_PRODUCER_START_PROCESSING_MASSAGE: {"name":"alex", "age":null, "sex":"M"}
19:25:33.177 [pool-5-thread-1] INFO  r.m.lessons.rpks.impl.WriterToKafka - KAFKA_PRODUCER_END_PROCESSING_MASSAGE: {"name":"alex", "age":null, "sex":"M"}
19:25:33.177 [pool-5-thread-1] INFO  r.m.lessons.rpks.impl.WriterToKafka - KAFKA_PRODUCER_START_PROCESSING_MASSAGE: 
19:25:33.178 [pool-5-thread-1] WARN  r.m.lessons.rpks.impl.WriterToKafka - NOT_CORRECT_MASSAGE:
19:25:33.178 [pool-5-thread-1] INFO  r.m.lessons.rpks.impl.WriterToKafka - KAFKA_PRODUCER_END_PROCESSING_MASSAGE: 
19:25:33.178 [pool-5-thread-1] INFO  r.m.lessons.rpks.impl.WriterToKafka - KAFKA_PRODUCER_START_PROCESSING_MASSAGE: {"age":18, "sex":"M"}
19:25:33.178 [pool-5-thread-1] INFO  r.m.lessons.rpks.impl.WriterToKafka - KAFKA_PRODUCER_END_PROCESSING_MASSAGE: {"age":18, "sex":"M"}
19:25:33.179 [pool-5-thread-1] INFO  r.m.lessons.rpks.impl.WriterToKafka - KAFKA_PRODUCER_START_PROCESSING_MASSAGE: {"name":"alex", "age":, "sex":"M"}
19:25:33.179 [pool-5-thread-1] INFO  r.m.lessons.rpks.impl.WriterToKafka - KAFKA_PRODUCER_END_PROCESSING_MASSAGE: {"name":"alex", "age":, "sex":"M"}
19:25:33.179 [pool-5-thread-1] INFO  r.m.lessons.rpks.impl.WriterToKafka - KAFKA_PRODUCER_START_PROCESSING_MASSAGE: {"name":"pushkin", "age":19, "sex":"M"}
19:25:33.179 [pool-5-thread-1] INFO  r.m.lessons.rpks.impl.WriterToKafka - KAFKA_PRODUCER_END_PROCESSING_MASSAGE: {"name":"pushkin", "age":19, "sex":"M"}
19:25:33.180 [pool-5-thread-1] INFO  r.m.lessons.rpks.impl.WriterToKafka - KAFKA_PRODUCER_START_PROCESSING_MASSAGE: {"name":"", "age":"", "sex":"M"}
19:25:33.180 [pool-5-thread-1] INFO  r.m.lessons.rpks.impl.WriterToKafka - KAFKA_PRODUCER_END_PROCESSING_MASSAGE: {"name":"", "age":"", "sex":"M"}
19:25:33.945 [pool-4-thread-2] INFO  ru.mai.lessons.rpks.ServiceTest - Remaining attempts 9
19:25:35.063 [pool-4-thread-2] INFO  ru.mai.lessons.rpks.ServiceTest - Remaining attempts 8
19:25:36.186 [pool-4-thread-2] INFO  ru.mai.lessons.rpks.ServiceTest - Remaining attempts 7
19:25:37.312 [pool-4-thread-2] INFO  ru.mai.lessons.rpks.ServiceTest - Remaining attempts 6
19:25:38.436 [pool-4-thread-2] INFO  ru.mai.lessons.rpks.ServiceTest - Remaining attempts 5
19:25:39.558 [pool-4-thread-2] INFO  ru.mai.lessons.rpks.ServiceTest - Remaining attempts 4
19:25:40.680 [pool-4-thread-2] INFO  ru.mai.lessons.rpks.ServiceTest - Remaining attempts 3
19:25:41.800 [pool-4-thread-2] INFO  ru.mai.lessons.rpks.ServiceTest - Remaining attempts 2
19:25:42.366 [pool-4-thread-1] INFO  r.mai.lessons.rpks.impl.ReaderFromDB - HIKARY_CREATE
19:25:42.405 [pool-4-thread-1] INFO  r.mai.lessons.rpks.impl.ReaderFromDB - HIKARY_CREATE
19:25:42.406 [pool-4-thread-1] INFO  r.mai.lessons.rpks.impl.ReaderFromDB - CONTEXT_MADE
19:25:42.426 [pool-4-thread-1] INFO  r.mai.lessons.rpks.impl.ReaderFromDB - RULLES_CREATE:0
19:25:42.426 [pool-4-thread-1] INFO  r.mai.lessons.rpks.impl.ReaderFromDB - MAKE_RULES_FROM_DB
19:25:42.428 [pool-4-thread-1] INFO  r.m.l.rpks.impl.ServiceFiltering - ADD_RULE
19:25:42.905 [pool-4-thread-2] INFO  ru.mai.lessons.rpks.ServiceTest - Remaining attempts 1
19:25:43.911 [pool-4-thread-1] WARN  r.m.l.rpks.impl.ServiceFiltering - CANT_SLEEP:sleep interrupted
19:25:43.912 [pool-4-thread-1] INFO  r.mai.lessons.rpks.impl.ReaderFromDB - HIKARY_CREATE
19:25:43.953 [pool-4-thread-1] INFO  r.mai.lessons.rpks.impl.ReaderFromDB - HIKARY_CREATE
19:25:43.953 [pool-4-thread-1] INFO  r.mai.lessons.rpks.impl.ReaderFromDB - CONTEXT_MADE
19:25:43.971 [pool-4-thread-1] INFO  r.mai.lessons.rpks.impl.ReaderFromDB - RULLES_CREATE:0
19:25:43.972 [pool-4-thread-1] INFO  r.mai.lessons.rpks.impl.ReaderFromDB - MAKE_RULES_FROM_DB
19:25:43.972 [pool-4-thread-1] INFO  r.m.l.rpks.impl.ServiceFiltering - ADD_RULE
19:25:43.972 [pool-4-thread-1] WARN  r.m.l.rpks.impl.ServiceFiltering - CANT_SLEEP:sleep interrupted
19:25:43.972 [pool-4-thread-1] INFO  r.mai.lessons.rpks.impl.ReaderFromDB - HIKARY_CREATE
19:25:44.005 [pool-4-thread-1] INFO  r.mai.lessons.rpks.impl.ReaderFromDB - HIKARY_CREATE
19:25:44.005 [pool-4-thread-1] INFO  r.mai.lessons.rpks.impl.ReaderFromDB - CONTEXT_MADE
19:25:44.019 [pool-4-thread-1] INFO  r.mai.lessons.rpks.impl.ReaderFromDB - RULLES_CREATE:0
19:25:44.019 [pool-4-thread-1] INFO  r.mai.lessons.rpks.impl.ReaderFromDB - MAKE_RULES_FROM_DB
19:25:44.020 [pool-4-thread-1] INFO  r.m.l.rpks.impl.ServiceFiltering - ADD_RULE
19:25:44.021 [pool-4-thread-1] WARN  r.m.l.rpks.impl.ServiceFiltering - CANT_SLEEP:sleep interrupted
19:25:44.021 [pool-4-thread-1] INFO  r.mai.lessons.rpks.impl.ReaderFromDB - HIKARY_CREATE
19:25:44.056 [pool-4-thread-1] INFO  r.mai.lessons.rpks.impl.ReaderFromDB - HIKARY_CREATE
19:25:44.057 [pool-4-thread-1] INFO  r.mai.lessons.rpks.impl.ReaderFromDB - CONTEXT_MADE
19:25:44.075 [pool-4-thread-1] INFO  r.mai.lessons.rpks.impl.ReaderFromDB - RULLES_CREATE:0
19:25:44.076 [pool-4-thread-1] INFO  r.mai.lessons.rpks.impl.ReaderFromDB - MAKE_RULES_FROM_DB
19:25:44.077 [pool-4-thread-1] INFO  r.m.l.rpks.impl.ServiceFiltering - ADD_RULE
19:25:44.077 [pool-4-thread-1] WARN  r.m.l.rpks.impl.ServiceFiltering - CANT_SLEEP:sleep interrupted
19:25:44.077 [pool-4-thread-1] INFO  r.mai.lessons.rpks.impl.ReaderFromDB - HIKARY_CREATE
19:25:44.114 [pool-4-thread-1] INFO  r.mai.lessons.rpks.impl.ReaderFromDB - HIKARY_CREATE
19:25:44.115 [pool-4-thread-1] INFO  r.mai.lessons.rpks.impl.ReaderFromDB - CONTEXT_MADE
19:25:44.133 [pool-4-thread-1] INFO  r.mai.lessons.rpks.impl.ReaderFromDB - RULLES_CREATE:0
19:25:44.133 [pool-4-thread-1] INFO  r.mai.lessons.rpks.impl.ReaderFromDB - MAKE_RULES_FROM_DB
19:25:44.133 [pool-4-thread-1] INFO  r.m.l.rpks.impl.ServiceFiltering - ADD_RULE
19:25:44.134 [pool-4-thread-1] WARN  r.m.l.rpks.impl.ServiceFiltering - CANT_SLEEP:sleep interrupted
19:25:44.134 [pool-4-thread-1] INFO  r.mai.lessons.rpks.impl.ReaderFromDB - HIKARY_CREATE
19:25:44.169 [pool-4-thread-1] INFO  r.mai.lessons.rpks.impl.ReaderFromDB - HIKARY_CREATE
19:25:44.169 [pool-4-thread-1] INFO  r.mai.lessons.rpks.impl.ReaderFromDB - CONTEXT_MADE
19:25:44.187 [pool-4-thread-1] INFO  r.mai.lessons.rpks.impl.ReaderFromDB - RULLES_CREATE:0
19:25:44.187 [pool-4-thread-1] INFO  r.mai.lessons.rpks.impl.ReaderFromDB - MAKE_RULES_FROM_DB
19:25:44.188 [pool-4-thread-1] INFO  r.m.l.rpks.impl.ServiceFiltering - ADD_RULE
19:25:44.189 [pool-4-thread-1] WARN  r.m.l.rpks.impl.ServiceFiltering - CANT_SLEEP:sleep interrupted
19:25:44.189 [pool-4-thread-1] INFO  r.mai.lessons.rpks.impl.ReaderFromDB - HIKARY_CREATE
19:25:44.222 [pool-4-thread-1] INFO  r.mai.lessons.rpks.impl.ReaderFromDB - HIKARY_CREATE
19:25:44.222 [pool-4-thread-1] INFO  r.mai.lessons.rpks.impl.ReaderFromDB - CONTEXT_MADE
19:25:44.237 [pool-4-thread-1] INFO  r.mai.lessons.rpks.impl.ReaderFromDB - RULLES_CREATE:0
19:25:44.237 [pool-4-thread-1] INFO  r.mai.lessons.rpks.impl.ReaderFromDB - MAKE_RULES_FROM_DB
19:25:44.237 [pool-4-thread-1] INFO  r.m.l.rpks.impl.ServiceFiltering - ADD_RULE
19:25:44.238 [pool-4-thread-1] WARN  r.m.l.rpks.impl.ServiceFiltering - CANT_SLEEP:sleep interrupted
19:25:44.238 [pool-4-thread-1] INFO  r.mai.lessons.rpks.impl.ReaderFromDB - HIKARY_CREATE
19:25:44.266 [pool-4-thread-1] INFO  r.mai.lessons.rpks.impl.ReaderFromDB - HIKARY_CREATE
19:25:44.266 [pool-4-thread-1] INFO  r.mai.lessons.rpks.impl.ReaderFromDB - CONTEXT_MADE
19:25:44.280 [pool-4-thread-1] INFO  r.mai.lessons.rpks.impl.ReaderFromDB - RULLES_CREATE:0
19:25:44.280 [pool-4-thread-1] INFO  r.mai.lessons.rpks.impl.ReaderFromDB - MAKE_RULES_FROM_DB
19:25:44.281 [pool-4-thread-1] INFO  r.m.l.rpks.impl.ServiceFiltering - ADD_RULE
19:25:44.281 [pool-4-thread-1] WARN  r.m.l.rpks.impl.ServiceFiltering - CANT_SLEEP:sleep interrupted
19:25:44.281 [pool-4-thread-1] INFO  r.mai.lessons.rpks.impl.ReaderFromDB - HIKARY_CREATE
19:25:44.311 [pool-4-thread-1] INFO  r.mai.lessons.rpks.impl.ReaderFromDB - HIKARY_CREATE
19:25:44.312 [pool-4-thread-1] INFO  r.mai.lessons.rpks.impl.ReaderFromDB - CONTEXT_MADE
19:25:44.327 [pool-4-thread-1] INFO  r.mai.lessons.rpks.impl.ReaderFromDB - RULLES_CREATE:0
19:25:44.327 [pool-4-thread-1] INFO  r.mai.lessons.rpks.impl.ReaderFromDB - MAKE_RULES_FROM_DB
19:25:44.328 [pool-4-thread-1] INFO  r.m.l.rpks.impl.ServiceFiltering - ADD_RULE
19:25:44.328 [pool-4-thread-1] WARN  r.m.l.rpks.impl.ServiceFiltering - CANT_SLEEP:sleep interrupted
19:25:44.328 [pool-4-thread-1] INFO  r.mai.lessons.rpks.impl.ReaderFromDB - HIKARY_CREATE
19:25:44.357 [pool-4-thread-1] INFO  r.mai.lessons.rpks.impl.ReaderFromDB - HIKARY_CREATE
19:25:44.357 [pool-4-thread-1] INFO  r.mai.lessons.rpks.impl.ReaderFromDB - CONTEXT_MADE
19:25:44.375 [pool-4-thread-1] INFO  r.mai.lessons.rpks.impl.ReaderFromDB - RULLES_CREATE:0
19:25:44.375 [pool-4-thread-1] INFO  r.mai.lessons.rpks.impl.ReaderFromDB - MAKE_RULES_FROM_DB
19:25:44.375 [pool-4-thread-1] INFO  r.m.l.rpks.impl.ServiceFiltering - ADD_RULE
19:25:44.376 [pool-4-thread-1] WARN  r.m.l.rpks.impl.ServiceFiltering - CANT_SLEEP:sleep interrupted
19:25:44.376 [pool-4-thread-1] INFO  r.mai.lessons.rpks.impl.ReaderFromDB - HIKARY_CREATE
19:25:44.406 [pool-4-thread-1] INFO  r.mai.lessons.rpks.impl.ReaderFromDB - HIKARY_CREATE
19:25:44.407 [pool-4-thread-1] INFO  r.mai.lessons.rpks.impl.ReaderFromDB - CONTEXT_MADE
19:25:44.430 [pool-4-thread-1] INFO  r.mai.lessons.rpks.impl.ReaderFromDB - RULLES_CREATE:0
19:25:44.430 [pool-4-thread-1] INFO  r.mai.lessons.rpks.impl.ReaderFromDB - MAKE_RULES_FROM_DB
19:25:44.431 [pool-4-thread-1] INFO  r.m.l.rpks.impl.ServiceFiltering - ADD_RULE
19:25:44.431 [pool-4-thread-1] WARN  r.m.l.rpks.impl.ServiceFiltering - CANT_SLEEP:sleep interrupted
19:25:44.432 [pool-4-thread-1] INFO  r.mai.lessons.rpks.impl.ReaderFromDB - HIKARY_CREATE
19:25:44.461 [pool-4-thread-1] INFO  r.mai.lessons.rpks.impl.ReaderFromDB - HIKARY_CREATE
19:25:44.461 [pool-4-thread-1] INFO  r.mai.lessons.rpks.impl.ReaderFromDB - CONTEXT_MADE
19:25:44.481 [pool-4-thread-1] INFO  r.mai.lessons.rpks.impl.ReaderFromDB - RULLES_CREATE:0
19:25:44.481 [pool-4-thread-1] INFO  r.mai.lessons.rpks.impl.ReaderFromDB - MAKE_RULES_FROM_DB
19:25:44.481 [pool-4-thread-1] INFO  r.m.l.rpks.impl.ServiceFiltering - ADD_RULE
19:25:44.481 [pool-4-thread-1] WARN  r.m.l.rpks.impl.ServiceFiltering - CANT_SLEEP:sleep interrupted
19:25:44.481 [pool-4-thread-1] INFO  r.mai.lessons.rpks.impl.ReaderFromDB - HIKARY_CREATE
19:25:44.510 [pool-4-thread-1] INFO  r.mai.lessons.rpks.impl.ReaderFromDB - HIKARY_CREATE
19:25:44.510 [pool-4-thread-1] INFO  r.mai.lessons.rpks.impl.ReaderFromDB - CONTEXT_MADE
19:25:44.524 [pool-4-thread-1] INFO  r.mai.lessons.rpks.impl.ReaderFromDB - RULLES_CREATE:0
19:25:44.524 [pool-4-thread-1] INFO  r.mai.lessons.rpks.impl.ReaderFromDB - MAKE_RULES_FROM_DB
19:25:44.526 [pool-4-thread-1] INFO  r.m.l.rpks.impl.ServiceFiltering - ADD_RULE
19:25:44.526 [pool-4-thread-1] WARN  r.m.l.rpks.impl.ServiceFiltering - CANT_SLEEP:sleep interrupted
19:25:44.526 [pool-4-thread-1] INFO  r.mai.lessons.rpks.impl.ReaderFromDB - HIKARY_CREATE
19:25:44.555 [pool-4-thread-1] INFO  r.mai.lessons.rpks.impl.ReaderFromDB - HIKARY_CREATE
19:25:44.555 [pool-4-thread-1] INFO  r.mai.lessons.rpks.impl.ReaderFromDB - CONTEXT_MADE
19:25:44.569 [pool-4-thread-1] INFO  r.mai.lessons.rpks.impl.ReaderFromDB - RULLES_CREATE:0
19:25:44.569 [pool-4-thread-1] INFO  r.mai.lessons.rpks.impl.ReaderFromDB - MAKE_RULES_FROM_DB
19:25:44.570 [pool-4-thread-1] INFO  r.m.l.rpks.impl.ServiceFiltering - ADD_RULE
19:25:44.570 [pool-4-thread-1] WARN  r.m.l.rpks.impl.ServiceFiltering - CANT_SLEEP:sleep interrupted
19:25:44.570 [pool-4-thread-1] INFO  r.mai.lessons.rpks.impl.ReaderFromDB - HIKARY_CREATE
19:25:44.601 [pool-4-thread-1] INFO  r.mai.lessons.rpks.impl.ReaderFromDB - HIKARY_CREATE
19:25:44.602 [pool-4-thread-1] INFO  r.mai.lessons.rpks.impl.ReaderFromDB - CONTEXT_MADE
19:25:44.629 [pool-4-thread-1] INFO  r.mai.lessons.rpks.impl.ReaderFromDB - RULLES_CREATE:0
19:25:44.630 [pool-4-thread-1] INFO  r.mai.lessons.rpks.impl.ReaderFromDB - MAKE_RULES_FROM_DB
19:25:44.631 [pool-4-thread-1] INFO  r.m.l.rpks.impl.ServiceFiltering - ADD_RULE
19:25:44.631 [pool-4-thread-1] WARN  r.m.l.rpks.impl.ServiceFiltering - CANT_SLEEP:sleep interrupted
19:25:44.634 [pool-4-thread-1] INFO  r.mai.lessons.rpks.impl.ReaderFromDB - HIKARY_CREATE
19:25:44.692 [pool-4-thread-1] INFO  r.mai.lessons.rpks.impl.ReaderFromDB - HIKARY_CREATE
19:25:44.692 [pool-4-thread-1] INFO  r.mai.lessons.rpks.impl.ReaderFromDB - CONTEXT_MADE
19:25:44.711 [pool-4-thread-1] INFO  r.mai.lessons.rpks.impl.ReaderFromDB - RULLES_CREATE:0
19:25:44.712 [pool-4-thread-1] INFO  r.mai.lessons.rpks.impl.ReaderFromDB - MAKE_RULES_FROM_DB
19:25:44.712 [pool-4-thread-1] INFO  r.m.l.rpks.impl.ServiceFiltering - ADD_RULE
19:25:44.712 [pool-4-thread-1] WARN  r.m.l.rpks.impl.ServiceFiltering - CANT_SLEEP:sleep interrupted
19:25:44.712 [pool-4-thread-1] INFO  r.mai.lessons.rpks.impl.ReaderFromDB - HIKARY_CREATE
19:25:44.755 [pool-4-thread-1] INFO  r.mai.lessons.rpks.impl.ReaderFromDB - HIKARY_CREATE
19:25:44.755 [pool-4-thread-1] INFO  r.mai.lessons.rpks.impl.ReaderFromDB - CONTEXT_MADE
19:26:07.664 [Test worker] INFO  ru.mai.lessons.rpks.ServiceTest - Topics: [(name=test_topic_in, numPartitions=3, replicationFactor=1, replicasAssignments=null, configs=null), (name=test_topic_out, numPartitions=3, replicationFactor=1, replicasAssignments=null, configs=null)], replica factor 1, partitions 3
19:26:07.718 [Test worker] INFO  ru.mai.lessons.rpks.ServiceTest - Topic not exist. Create topics [(name=test_topic_in, numPartitions=3, replicationFactor=1, replicasAssignments=null, configs=null), (name=test_topic_out, numPartitions=3, replicationFactor=1, replicasAssignments=null, configs=null)]
19:26:08.604 [Test worker] INFO  ru.mai.lessons.rpks.ServiceTest - Create filtering rule 1
19:26:08.636 [Test worker] INFO  ru.mai.lessons.rpks.ServiceTest - Check rule from DB
19:26:08.642 [Test worker] INFO  ru.mai.lessons.rpks.ServiceTest - Create filtering rule 1
19:26:08.674 [Test worker] INFO  ru.mai.lessons.rpks.ServiceTest - Check rule from DB
19:26:08.682 [pool-6-thread-1] INFO  r.m.l.rpks.impl.ServiceFiltering - CONFIG:Config(SimpleConfigObject({"application":{"updateIntervalSec":10},"com":{"zaxxer":{"hikari":{"pool_number":"1"}}},"db":{"driver":"org.postgresql.Driver","jdbcUrl":"jdbc:postgresql://localhost:57766/test_db?loggerLevel=OFF","password":"password","user":"user"},"file":{"encoding":"windows-1251","separator":"\\"},"java":{"class":{"path":"C:\\\\Users\\\\eliza\\\\.gradle\\\\caches\\\\7.5.1\\\\workerMain\\\\gradle-worker.jar;P:\\\\Projects\\\\JetBrains\\\\IntelliJIDEA\\\\RPKS_2\\\\git_Clone\\\\JavaServiceFiltering\\\\build\\\\classes\\\\java\\\\test;P:\\\\Projects\\\\JetBrains\\\\IntelliJIDEA\\\\RPKS_2\\\\git_Clone\\\\JavaServiceFiltering\\\\build\\\\resources\\\\test;P:\\\\Projects\\\\JetBrains\\\\IntelliJIDEA\\\\RPKS_2\\\\git_Clone\\\\JavaServiceFiltering\\\\build\\\\classes\\\\java\\\\main;P:\\\\Projects\\\\JetBrains\\\\IntelliJIDEA\\\\RPKS_2\\\\git_Clone\\\\JavaServiceFiltering\\\\build\\\\resources\\\\main;C:\\\\Users\\\\eliza\\\\.gradle\\\\caches\\\\modules-2\\\\files-2.1\\\\org.apache.kafka\\\\kafka-clients\\\\3.4.0\\\\69aebfca9da335f6617f9e5e7a4b45f16e8c86b5\\\\kafka-clients-3.4.0.jar;C:\\\\Users\\\\eliza\\\\.gradle\\\\caches\\\\modules-2\\\\files-2.1\\\\ch.qos.logback\\\\logback-classic\\\\1.4.5\\\\28e7dc0b208d6c3f15beefd73976e064b4ecfa9b\\\\logback-classic-1.4.5.jar;C:\\\\Users\\\\eliza\\\\.gradle\\\\caches\\\\modules-2\\\\files-2.1\\\\com.typesafe\\\\config\\\\1.4.2\\\\4c40a633e7994cfb0354244efb6d03fcb11c3ecf\\\\config-1.4.2.jar;C:\\\\Users\\\\eliza\\\\.gradle\\\\caches\\\\modules-2\\\\files-2.1\\\\org.postgresql\\\\postgresql\\\\42.5.4\\\\15015a54f15e340a9a8a6a2c5457429cb1176b8\\\\postgresql-42.5.4.jar;C:\\\\Users\\\\eliza\\\\.gradle\\\\caches\\\\modules-2\\\\files-2.1\\\\com.zaxxer\\\\HikariCP\\\\5.0.1\\\\a74c7f0a37046846e88d54f7cb6ea6d565c65f9c\\\\HikariCP-5.0.1.jar;C:\\\\Users\\\\eliza\\\\.gradle\\\\caches\\\\modules-2\\\\files-2.1\\\\org.jooq\\\\jooq\\\\3.17.8\\\\6add040365183a3c0a043e11c6069a46b992df39\\\\jooq-3.17.8.jar;C:\\\\Users\\\\eliza\\\\.gradle\\\\caches\\\\modules-2\\\\files-2.1\\\\org.testcontainers\\\\junit-jupiter\\\\1.17.6\\\\94e9894bc665909e208959390ea6540309ce231e\\\\junit-jupiter-1.17.6.jar;C:\\\\Users\\\\eliza\\\\.gradle\\\\caches\\\\modules-2\\\\files-2.1\\\\org.testcontainers\\\\kafka\\\\1.17.6\\\\1975b93708e99340690690177a9c7bbf5aabc823\\\\kafka-1.17.6.jar;C:\\\\Users\\\\eliza\\\\.gradle\\\\caches\\\\modules-2\\\\files-2.1\\\\org.testcontainers\\\\postgresql\\\\1.17.6\\\\cd8aba02d8d46159ab85535d34a1e4217322f9a5\\\\postgresql-1.17.6.jar;C:\\\\Users\\\\eliza\\\\.gradle\\\\caches\\\\modules-2\\\\files-2.1\\\\org.testcontainers\\\\jdbc\\\\1.17.6\\\\1510482e46f5f70909693fc695a2369751510785\\\\jdbc-1.17.6.jar;C:\\\\Users\\\\eliza\\\\.gradle\\\\caches\\\\modules-2\\\\files-2.1\\\\org.testcontainers\\\\database-commons\\\\1.17.6\\\\8a4cd2cda51c2cc3092b1c22f4ee8148be4db410\\\\database-commons-1.17.6.jar;C:\\\\Users\\\\eliza\\\\.gradle\\\\caches\\\\modules-2\\\\files-2.1\\\\org.testcontainers\\\\testcontainers\\\\1.17.6\\\\11b28972d2d8bddd5a7d3b6e21016fbe13bc8e8b\\\\testcontainers-1.17.6.jar;C:\\\\Users\\\\eliza\\\\.gradle\\\\caches\\\\modules-2\\\\files-2.1\\\\com.github.docker-java\\\\docker-java-api\\\\3.2.13\\\\5817ef8f770cb7e740d590090bf352df9491f3c1\\\\docker-java-api-3.2.13.jar;C:\\\\Users\\\\eliza\\\\.gradle\\\\caches\\\\modules-2\\\\files-2.1\\\\com.fasterxml.jackson.core\\\\jackson-annotations\\\\2.14.2\\\\a7aae9525864930723e3453ab799521fdfd9d873\\\\jackson-annotations-2.14.2.jar;C:\\\\Users\\\\eliza\\\\.gradle\\\\caches\\\\modules-2\\\\files-2.1\\\\com.fasterxml.jackson.core\\\\jackson-core\\\\2.14.2\\\\f804090e6399ce0cf78242db086017512dd71fcc\\\\jackson-core-2.14.2.jar;C:\\\\Users\\\\eliza\\\\.gradle\\\\caches\\\\modules-2\\\\files-2.1\\\\org.junit.jupiter\\\\junit-jupiter-engine\\\\5.9.1\\\\1bf771097bde296c3ab174861954e8aafaaf2e94\\\\junit-jupiter-engine-5.9.1.jar;C:\\\\Users\\\\eliza\\\\.gradle\\\\caches\\\\modules-2\\\\files-2.1\\\\org.junit.platform\\\\junit-platform-engine\\\\1.9.1\\\\83591e5089d6cea5f324aa3ecca9b19d5a275803\\\\junit-platform-engine-1.9.1.jar;C:\\\\Users\\\\eliza\\\\.gradle\\\\caches\\\\modules-2\\\\files-2.1\\\\org.junit.platform\\\\junit-platform-commons\\\\1.9.1\\\\3145f821b5cd10abcdc5f925baa5fffa6f1b628f\\\\junit-platform-commons-1.9.1.jar;C:\\\\Users\\\\eliza\\\\.gradle\\\\caches\\\\modules-2\\\\files-2.1\\\\org.junit.jupiter\\\\junit-jupiter-api\\\\5.9.1\\\\7bb53fbc0173e9f6a9d21d58297af94b1f2f9ce1\\\\junit-jupiter-api-5.9.1.jar;C:\\\\Users\\\\eliza\\\\.gradle\\\\caches\\\\modules-2\\\\files-2.1\\\\com.github.luben\\\\zstd-jni\\\\1.5.2-1\\\\fad786abc1d1b81570e8d9a2fc8a1ef479bc27b6\\\\zstd-jni-1.5.2-1.jar;C:\\\\Users\\\\eliza\\\\.gradle\\\\caches\\\\modules-2\\\\files-2.1\\\\org.lz4\\\\lz4-java\\\\1.8.0\\\\4b986a99445e49ea5fbf5d149c4b63f6ed6c6780\\\\lz4-java-1.8.0.jar;C:\\\\Users\\\\eliza\\\\.gradle\\\\caches\\\\modules-2\\\\files-2.1\\\\org.xerial.snappy\\\\snappy-java\\\\1.1.8.4\\\\66f0d56454509f6e36175f2331572e250e04a6cc\\\\snappy-java-1.1.8.4.jar;C:\\\\Users\\\\eliza\\\\.gradle\\\\caches\\\\modules-2\\\\files-2.1\\\\com.github.docker-java\\\\docker-java-transport-zerodep\\\\3.2.13\\\\4cbc2c09d6c264767a39624066987ed4a152bc68\\\\docker-java-transport-zerodep-3.2.13.jar;C:\\\\Users\\\\eliza\\\\.gradle\\\\caches\\\\modules-2\\\\files-2.1\\\\org.slf4j\\\\slf4j-api\\\\2.0.4\\\\30d5eb5360bd113ce96f9e49e3431993bbf1b247\\\\slf4j-api-2.0.4.jar;C:\\\\Users\\\\eliza\\\\.gradle\\\\caches\\\\modules-2\\\\files-2.1\\\\ch.qos.logback\\\\logback-core\\\\1.4.5\\\\e9bb2ea70f84401314da4300343b0a246c8954da\\\\logback-core-1.4.5.jar;C:\\\\Users\\\\eliza\\\\.gradle\\\\caches\\\\modules-2\\\\files-2.1\\\\org.checkerframework\\\\checker-qual\\\\3.5.0\\\\2f50520c8abea66fbd8d26e481d3aef5c673b510\\\\checker-qual-3.5.0.jar;C:\\\\Users\\\\eliza\\\\.gradle\\\\caches\\\\modules-2\\\\files-2.1\\\\io.r2dbc\\\\r2dbc-spi\\\\0.9.1.RELEASE\\\\689338f54890e6981d9d98d059c1a94007a0b809\\\\r2dbc-spi-0.9.1.RELEASE.jar;C:\\\\Users\\\\eliza\\\\.gradle\\\\caches\\\\modules-2\\\\files-2.1\\\\jakarta.xml.bind\\\\jakarta.xml.bind-api\\\\3.0.0\\\\9275db6e21287df61690989254a0b46d8d31e99a\\\\jakarta.xml.bind-api-3.0.0.jar;C:\\\\Users\\\\eliza\\\\.gradle\\\\caches\\\\modules-2\\\\files-2.1\\\\junit\\\\junit\\\\4.13.2\\\\8ac9e16d933b6fb43bc7f576336b8f4d7eb5ba12\\\\junit-4.13.2.jar;C:\\\\Users\\\\eliza\\\\.gradle\\\\caches\\\\modules-2\\\\files-2.1\\\\org.apache.commons\\\\commons-compress\\\\1.22\\\\691a8b4e6cf4248c3bc72c8b719337d5cb7359fa\\\\commons-compress-1.22.jar;C:\\\\Users\\\\eliza\\\\.gradle\\\\caches\\\\modules-2\\\\files-2.1\\\\org.rnorth.duct-tape\\\\duct-tape\\\\1.0.8\\\\92edc22a9ab2f3e17c9bf700aaee377d50e8b530\\\\duct-tape-1.0.8.jar;C:\\\\Users\\\\eliza\\\\.gradle\\\\caches\\\\modules-2\\\\files-2.1\\\\org.reactivestreams\\\\reactive-streams\\\\1.0.3\\\\d9fb7a7926ffa635b3dcaa5049fb2bfa25b3e7d0\\\\reactive-streams-1.0.3.jar;C:\\\\Users\\\\eliza\\\\.gradle\\\\caches\\\\modules-2\\\\files-2.1\\\\com.sun.activation\\\\jakarta.activation\\\\2.0.0\\\\f4e7519148dee347c7666f336210deedb8aca09d\\\\jakarta.activation-2.0.0.jar;C:\\\\Users\\\\eliza\\\\.gradle\\\\caches\\\\modules-2\\\\files-2.1\\\\org.hamcrest\\\\hamcrest-core\\\\1.3\\\\42a25dc3219429f0e5d060061f71acb49bf010a0\\\\hamcrest-core-1.3.jar;C:\\\\Users\\\\eliza\\\\.gradle\\\\caches\\\\modules-2\\\\files-2.1\\\\org.jetbrains\\\\annotations\\\\17.0.0\\\\8ceead41f4e71821919dbdb7a9847608f1a938cb\\\\annotations-17.0.0.jar;C:\\\\Users\\\\eliza\\\\.gradle\\\\caches\\\\modules-2\\\\files-2.1\\\\com.github.docker-java\\\\docker-java-transport\\\\3.2.13\\\\e9d308d1822181a9d48c99739f5eca014ec89199\\\\docker-java-transport-3.2.13.jar;C:\\\\Users\\\\eliza\\\\.gradle\\\\caches\\\\modules-2\\\\files-2.1\\\\net.java.dev.jna\\\\jna\\\\5.8.0\\\\3551d8d827e54858214107541d3aff9c615cb615\\\\jna-5.8.0.jar;C:\\\\Users\\\\eliza\\\\.gradle\\\\caches\\\\modules-2\\\\files-2.1\\\\org.opentest4j\\\\opentest4j\\\\1.2.0\\\\28c11eb91f9b6d8e200631d46e20a7f407f2a046\\\\opentest4j-1.2.0.jar","version":"62.0"},"home":"C:\\Users\\eliza\\.jdks\\openjdk-18.0.1.1","io":{"tmpdir":"C:\\Users\\eliza\\AppData\\Local\\Temp\\"},"library":{"path":"C:\\Users\\eliza\\.jdks\\openjdk-18.0.1.1\\bin;C:\\WINDOWS\\Sun\\Java\\bin;C:\\WINDOWS\\system32;C:\\WINDOWS;;;;C:\\Windows\\system32;C:\\Windows;C:\\Windows\\System32\\Wbem;C:\\Windows\\System32\\WindowsPowerShell\\v1.0\\;C:\\Windows\\System32\\OpenSSH\\;C:\\Program Files\\Microsoft SQL Server\\150\\Tools\\Binn\\;C:\\Program Files\\dotnet\\;C:\\Program Files\\Git\\cmd;C:\\Program Files\\Git\\mingw64\\bin;C:\\Program Files\\Git\\usr\\bin;P:\\Programs\\MySql\\bin;C:\\WINDOWS\\system32;C:\\WINDOWS;C:\\WINDOWS\\System32\\Wbem;C:\\WINDOWS\\System32\\WindowsPowerShell\\v1.0\\;C:\\WINDOWS\\System32\\OpenSSH\\;C:\\Program Files\\PowerShell\\7\\;C:\\Program Files\\Docker\\Docker\\resources\\bin;C:\\Users\\eliza\\AppData\\Local\\Programs\\Python\\Python38\\Scripts\\;C:\\Users\\eliza\\AppData\\Local\\Programs\\Python\\Python38\\;C:\\Users\\eliza\\AppData\\Local\\Microsoft\\WindowsApps;P:\\Programs\\JetBrains\\PyCharm 2022.1.3\\Program Files\\JetBrains\\PyCharm 2022.1.3\\bin;;P:\\Programs\\JetBrains\\IntelliJ IDEA 2023.1.2\\bin;;P:\\Programs\\JetBrains\\CLion 2022.2.4\\bin;;C:\\Users\\eliza\\.dotnet\\tools;C:\\texlive\\2022\\bin\\win32;P:\\Programs\\JetBrains\\Rider 2022.2.4\\bin;;C:\\ProgramData\\eliza\\GitHubDesktop\\bin;C:\\Users\\eliza\\AppData\\Local\\GitHubDesktop\\bin;P:\\Programs\\JetBrains\\DataGrip 2022.2.5\\bin;;;P:\\Programs\\JetBrains\\Gateway 2023.1\\JetBrains Gateway 2023.1\\bin;;."},"runtime":{"name":"OpenJDK Runtime Environment","version":"18.0.1.1+2-6"},"specification":{"name":"Java Platform API Specification","vendor":"Oracle Corporation","version":"18"},"vendor":{"url":{"bug":"https://bugreport.java.com/bugreport/"}},"version":"18.0.1.1","vm":{"compressedOopsMode":"32-bit","info":"mixed mode, sharing","name":"OpenJDK 64-Bit Server VM","specification":{"name":"Java Virtual Machine Specification","vendor":"Oracle Corporation","version":"18"},"vendor":"Oracle Corporation","version":"18.0.1.1+2-6"}},"jdk":{"debug":"release"},"kafka":{"consumer":{"auto":{"offset":{"reset":"earliest"}},"bootstrap":{"servers":"PLAINTEXT://localhost:57784"},"group":{"id":"test_group_consumer"},"topicIn":"test_topic_in"},"producer":{"bootstrap":{"servers":"PLAINTEXT://localhost:57784"},"topicOut":"test_topic_out"}},"line":{"separator":"\r\n"},"native":{"encoding":"Cp1251"},"org":{"gradle":{"internal":{"worker":{"tmpdir":"P:\\Projects\\JetBrains\\IntelliJIDEA\\RPKS_2\\git_Clone\\JavaServiceFiltering\\build\\tmp\\test\\work"}},"native":"false","test":{"worker":"38"}}},"os":{"arch":"amd64","name":"Windows 11","version":"10.0"},"path":{"separator":";"},"sun":{"arch":{"data":{"model":"64"}},"boot":{"library":{"path":"C:\\Users\\eliza\\.jdks\\openjdk-18.0.1.1\\bin"}},"cpu":{"endian":"little","isalist":"amd64"},"io":{"unicode":{"encoding":"UnicodeLittle"}},"java":{"command":"worker.org.gradle.process.internal.worker.GradleWorkerMain 'Gradle Test Executor 38'","launcher":"SUN_STANDARD"},"jnu":{"encoding":"Cp1251"},"management":{"compiler":"HotSpot 64-Bit Tiered Compilers"},"os":{"patch":{"level":""}}},"user":{"country":"RU","dir":"P:\\Projects\\JetBrains\\IntelliJIDEA\\RPKS_2\\git_Clone\\JavaServiceFiltering","home":"C:\\Users\\eliza","language":"ru","name":"eliza","script":"","timezone":"Europe/Moscow","variant":""}}))
19:26:08.683 [pool-6-thread-1] INFO  r.m.l.rpks.impl.ServiceFiltering - CONSUMER_SETTINGS_WAS_READ: ConsumerSettings(bootstrapServers=PLAINTEXT://localhost:57784, groupId=test_group_consumer, autoOffsetReset=earliest, topicIn=test_topic_in, updateIntervalSec=100)
19:26:08.683 [pool-6-thread-1] INFO  r.m.l.rpks.impl.ServiceFiltering - PRODUCER_SETTINGS_WAS_READ: ProducerSettings(bootstrapServers=PLAINTEXT://localhost:57784, topicOut=test_topic_out, updateIntervalSec=100)
19:26:08.683 [pool-6-thread-1] INFO  r.m.l.rpks.impl.ServiceFiltering - DB_SETTINGS_WAS_READ: DBSettings(jdbcUrl=jdbc:postgresql://localhost:57766/test_db?loggerLevel=OFF, user=user, password=password, driver=org.postgresql.Driver, tableName=filter_rules)
19:26:08.684 [pool-6-thread-1] INFO  r.mai.lessons.rpks.impl.ReaderFromDB - HIKARY_CREATE
19:26:08.685 [pool-7-thread-2] INFO  r.m.l.rpks.impl.ReaderFromKafka - CONSUMER_SETTINGS:ConsumerSettings(bootstrapServers=PLAINTEXT://localhost:57784, groupId=test_group_consumer, autoOffsetReset=earliest, topicIn=test_topic_in, updateIntervalSec=100)
19:26:08.685 [pool-7-thread-2] INFO  r.m.l.rpks.impl.ReaderFromKafka - KAFKA_CONSUMER_START_READING_FROM_TOPIC test_topic_in
[...]
\\\commons-compress-1.22.jar;C:\\\\Users\\\\eliza\\\\.gradle\\\\caches\\\\modules-2\\\\files-2.1\\\\org.rnorth.duct-tape\\\\duct-tape\\\\1.0.8\\\\92edc22a9ab2f3e17c9bf700aaee377d50e8b530\\\\duct-tape-1.0.8.jar;C:\\\\Users\\\\eliza\\\\.gradle\\\\caches\\\\modules-2\\\\files-2.1\\\\org.reactivestreams\\\\reactive-streams\\\\1.0.3\\\\d9fb7a7926ffa635b3dcaa5049fb2bfa25b3e7d0\\\\reactive-streams-1.0.3.jar;C:\\\\Users\\\\eliza\\\\.gradle\\\\caches\\\\modules-2\\\\files-2.1\\\\com.sun.activation\\\\jakarta.activation\\\\2.0.0\\\\f4e7519148dee347c7666f336210deedb8aca09d\\\\jakarta.activation-2.0.0.jar;C:\\\\Users\\\\eliza\\\\.gradle\\\\caches\\\\modules-2\\\\files-2.1\\\\org.hamcrest\\\\hamcrest-core\\\\1.3\\\\42a25dc3219429f0e5d060061f71acb49bf010a0\\\\hamcrest-core-1.3.jar;C:\\\\Users\\\\eliza\\\\.gradle\\\\caches\\\\modules-2\\\\files-2.1\\\\org.jetbrains\\\\annotations\\\\17.0.0\\\\8ceead41f4e71821919dbdb7a9847608f1a938cb\\\\annotations-17.0.0.jar;C:\\\\Users\\\\eliza\\\\.gradle\\\\caches\\\\modules-2\\\\files-2.1\\\\com.github.docker-java\\\\docker-java-transport\\\\3.2.13\\\\e9d308d1822181a9d48c99739f5eca014ec89199\\\\docker-java-transport-3.2.13.jar;C:\\\\Users\\\\eliza\\\\.gradle\\\\caches\\\\modules-2\\\\files-2.1\\\\net.java.dev.jna\\\\jna\\\\5.8.0\\\\3551d8d827e54858214107541d3aff9c615cb615\\\\jna-5.8.0.jar;C:\\\\Users\\\\eliza\\\\.gradle\\\\caches\\\\modules-2\\\\files-2.1\\\\org.opentest4j\\\\opentest4j\\\\1.2.0\\\\28c11eb91f9b6d8e200631d46e20a7f407f2a046\\\\opentest4j-1.2.0.jar","version":"62.0"},"home":"C:\\Users\\eliza\\.jdks\\openjdk-18.0.1.1","io":{"tmpdir":"C:\\Users\\eliza\\AppData\\Local\\Temp\\"},"library":{"path":"C:\\Users\\eliza\\.jdks\\openjdk-18.0.1.1\\bin;C:\\WINDOWS\\Sun\\Java\\bin;C:\\WINDOWS\\system32;C:\\WINDOWS;;;;C:\\Windows\\system32;C:\\Windows;C:\\Windows\\System32\\Wbem;C:\\Windows\\System32\\WindowsPowerShell\\v1.0\\;C:\\Windows\\System32\\OpenSSH\\;C:\\Program Files\\Microsoft SQL Server\\150\\Tools\\Binn\\;C:\\Program Files\\dotnet\\;C:\\Program Files\\Git\\cmd;C:\\Program Files\\Git\\mingw64\\bin;C:\\Program Files\\Git\\usr\\bin;P:\\Programs\\MySql\\bin;C:\\WINDOWS\\system32;C:\\WINDOWS;C:\\WINDOWS\\System32\\Wbem;C:\\WINDOWS\\System32\\WindowsPowerShell\\v1.0\\;C:\\WINDOWS\\System32\\OpenSSH\\;C:\\Program Files\\PowerShell\\7\\;C:\\Program Files\\Docker\\Docker\\resources\\bin;C:\\Users\\eliza\\AppData\\Local\\Programs\\Python\\Python38\\Scripts\\;C:\\Users\\eliza\\AppData\\Local\\Programs\\Python\\Python38\\;C:\\Users\\eliza\\AppData\\Local\\Microsoft\\WindowsApps;P:\\Programs\\JetBrains\\PyCharm 2022.1.3\\Program Files\\JetBrains\\PyCharm 2022.1.3\\bin;;P:\\Programs\\JetBrains\\IntelliJ IDEA 2023.1.2\\bin;;P:\\Programs\\JetBrains\\CLion 2022.2.4\\bin;;C:\\Users\\eliza\\.dotnet\\tools;C:\\texlive\\2022\\bin\\win32;P:\\Programs\\JetBrains\\Rider 2022.2.4\\bin;;C:\\ProgramData\\eliza\\GitHubDesktop\\bin;C:\\Users\\eliza\\AppData\\Local\\GitHubDesktop\\bin;P:\\Programs\\JetBrains\\DataGrip 2022.2.5\\bin;;;P:\\Programs\\JetBrains\\Gateway 2023.1\\JetBrains Gateway 2023.1\\bin;;."},"runtime":{"name":"OpenJDK Runtime Environment","version":"18.0.1.1+2-6"},"specification":{"name":"Java Platform API Specification","vendor":"Oracle Corporation","version":"18"},"vendor":{"url":{"bug":"https://bugreport.java.com/bugreport/"}},"version":"18.0.1.1","vm":{"compressedOopsMode":"32-bit","info":"mixed mode, sharing","name":"OpenJDK 64-Bit Server VM","specification":{"name":"Java Virtual Machine Specification","vendor":"Oracle Corporation","version":"18"},"vendor":"Oracle Corporation","version":"18.0.1.1+2-6"}},"jdk":{"debug":"release"},"kafka":{"consumer":{"auto":{"offset":{"reset":"earliest"}},"bootstrap":{"servers":"PLAINTEXT://localhost:55178"},"group":{"id":"test_group_consumer"},"topicIn":"test_topic_in"},"producer":{"bootstrap":{"servers":"PLAINTEXT://localhost:55178"},"topicOut":"test_topic_out"}},"line":{"separator":"\r\n"},"native":{"encoding":"Cp1251"},"org":{"gradle":{"internal":{"worker":{"tmpdir":"P:\\Projects\\JetBrains\\IntelliJIDEA\\RPKS_2\\git_Clone\\JavaServiceFiltering\\build\\tmp\\test\\work"}},"native":"false","test":{"worker":"38"}}},"os":{"arch":"amd64","name":"Windows 11","version":"10.0"},"path":{"separator":";"},"sun":{"arch":{"data":{"model":"64"}},"boot":{"library":{"path":"C:\\Users\\eliza\\.jdks\\openjdk-18.0.1.1\\bin"}},"cpu":{"endian":"little","isalist":"amd64"},"io":{"unicode":{"encoding":"UnicodeLittle"}},"java":{"command":"worker.org.gradle.process.internal.worker.GradleWorkerMain 'Gradle Test Executor 38'","launcher":"SUN_STANDARD"},"jnu":{"encoding":"Cp1251"},"management":{"compiler":"HotSpot 64-Bit Tiered Compilers"},"os":{"patch":{"level":""}}},"user":{"country":"RU","dir":"P:\\Projects\\JetBrains\\IntelliJIDEA\\RPKS_2\\git_Clone\\JavaServiceFiltering","home":"C:\\Users\\eliza","language":"ru","name":"eliza","script":"","timezone":"Europe/Moscow","variant":""}}))
19:38:56.960 [pool-30-thread-1] INFO  r.m.l.rpks.impl.ServiceFiltering - CONSUMER_SETTINGS_WAS_READ: ConsumerSettings(bootstrapServers=PLAINTEXT://localhost:55178, groupId=test_group_consumer, autoOffsetReset=earliest, topicIn=test_topic_in, updateIntervalSec=100)
19:38:56.960 [pool-30-thread-1] INFO  r.m.l.rpks.impl.ServiceFiltering - PRODUCER_SETTINGS_WAS_READ: ProducerSettings(bootstrapServers=PLAINTEXT://localhost:55178, topicOut=test_topic_out, updateIntervalSec=100)
19:38:56.960 [pool-30-thread-1] INFO  r.m.l.rpks.impl.ServiceFiltering - DB_SETTINGS_WAS_READ: DBSettings(jdbcUrl=jdbc:postgresql://localhost:54401/test_db?loggerLevel=OFF, user=user, password=password, driver=org.postgresql.Driver, tableName=filter_rules)
19:38:56.962 [pool-30-thread-1] INFO  r.mai.lessons.rpks.impl.ReaderFromDB - HIKARY_CREATE
19:38:57.024 [pool-31-thread-1] INFO  r.m.lessons.rpks.impl.WriterToKafka - START_WRITE_MESSAGE_IN_KAFKA_TOPIC test_topic_out
19:38:57.064 [pool-31-thread-2] INFO  r.m.l.rpks.impl.ReaderFromKafka - CONSUMER_SETTINGS:ConsumerSettings(bootstrapServers=PLAINTEXT://localhost:55178, groupId=test_group_consumer, autoOffsetReset=earliest, topicIn=test_topic_in, updateIntervalSec=100)
19:38:57.065 [pool-31-thread-2] INFO  r.m.l.rpks.impl.ReaderFromKafka - KAFKA_CONSUMER_START_READING_FROM_TOPIC test_topic_in
19:38:57.556 [pool-30-thread-1] INFO  r.mai.lessons.rpks.impl.ReaderFromDB - HIKARY_CREATE
19:38:57.556 [pool-30-thread-1] INFO  r.mai.lessons.rpks.impl.ReaderFromDB - CONTEXT_MADE
19:38:57.794 [pool-30-thread-1] INFO  r.mai.lessons.rpks.impl.ReaderFromDB - RULLES_CREATE:2
19:38:57.794 [pool-30-thread-1] INFO  r.mai.lessons.rpks.impl.ReaderFromDB - FIND_RULE:Rule(filterId=1, ruleId=1, fieldName=name, filterFunctionName=contains, filterValue=alexander)
19:38:57.794 [pool-30-thread-1] INFO  r.mai.lessons.rpks.impl.ReaderFromDB - FIND_RULE:Rule(filterId=1, ruleId=2, fieldName=name, filterFunctionName=contains, filterValue=pushkin)
19:38:57.794 [pool-30-thread-1] INFO  r.mai.lessons.rpks.impl.ReaderFromDB - MAKE_RULES_FROM_DB
19:38:57.939 [pool-30-thread-1] INFO  r.m.l.rpks.impl.ServiceFiltering - ADD_RULE
19:38:58.170 [pool-30-thread-2] INFO  ru.mai.lessons.rpks.ServiceTest - Remaining attempts 10
19:38:59.269 [pool-31-thread-2] INFO  r.m.l.rpks.impl.ReaderFromKafka - MASSAGE_FROM_KAFKA_TOPIC test_topic_in : {"name":null, "age":18, "sex":"M"}
19:38:59.269 [pool-31-thread-2] INFO  r.m.l.rpks.impl.ReaderFromKafka - MASSAGE_FROM_KAFKA_TOPIC test_topic_in : {"name":null, "age":18, "sex":"M"}
19:38:59.269 [pool-31-thread-1] INFO  r.m.lessons.rpks.impl.WriterToKafka - KAFKA_PRODUCER_START_PROCESSING_MASSAGE: {"name":null, "age":18, "sex":"M"}
19:38:59.269 [pool-31-thread-2] INFO  r.m.l.rpks.impl.ReaderFromKafka - MASSAGE_FROM_KAFKA_TOPIC test_topic_in : {"name":"", "age":18, "sex":"M"}
19:38:59.269 [pool-31-thread-2] INFO  r.m.l.rpks.impl.ReaderFromKafka - MASSAGE_FROM_KAFKA_TOPIC test_topic_in : {"name":"", "age":18, "sex":"M"}
19:38:59.269 [pool-31-thread-2] INFO  r.m.l.rpks.impl.ReaderFromKafka - MASSAGE_FROM_KAFKA_TOPIC test_topic_in : {"name":"pushkin", "age":18, "sex":"M"}
19:38:59.269 [pool-31-thread-2] INFO  r.m.l.rpks.impl.ReaderFromKafka - MASSAGE_FROM_KAFKA_TOPIC test_topic_in : {"name":"pushkin", "age":18, "sex":"M"}
19:38:59.269 [pool-31-thread-2] INFO  r.m.l.rpks.impl.ReaderFromKafka - MASSAGE_FROM_KAFKA_TOPIC test_topic_in : {"name":"alexander", "age":18, "sex":"M"}
19:38:59.269 [pool-31-thread-2] INFO  r.m.l.rpks.impl.ReaderFromKafka - MASSAGE_FROM_KAFKA_TOPIC test_topic_in : {"name":"alexander", "age":18, "sex":"M"}
19:38:59.269 [pool-31-thread-2] INFO  r.m.l.rpks.impl.ReaderFromKafka - MASSAGE_FROM_KAFKA_TOPIC test_topic_in : 
19:38:59.269 [pool-31-thread-2] INFO  r.m.l.rpks.impl.ReaderFromKafka - MASSAGE_FROM_KAFKA_TOPIC test_topic_in : 
19:38:59.269 [pool-31-thread-2] INFO  r.m.l.rpks.impl.ReaderFromKafka - MASSAGE_FROM_KAFKA_TOPIC test_topic_in : {"age":18, "sex":"M"}
19:38:59.269 [pool-31-thread-2] INFO  r.m.l.rpks.impl.ReaderFromKafka - MASSAGE_FROM_KAFKA_TOPIC test_topic_in : {"age":18, "sex":"M"}
19:38:59.269 [pool-31-thread-2] INFO  r.m.l.rpks.impl.ReaderFromKafka - MASSAGE_FROM_KAFKA_TOPIC test_topic_in : {"name":"alexander_pushkin", "age":18, "sex":"M"}
19:38:59.269 [pool-31-thread-1] INFO  r.m.lessons.rpks.impl.WriterToKafka - KAFKA_PRODUCER_END_PROCESSING_MASSAGE: {"name":null, "age":18, "sex":"M"}
19:38:59.269 [pool-31-thread-2] INFO  r.m.l.rpks.impl.ReaderFromKafka - MASSAGE_FROM_KAFKA_TOPIC test_topic_in : {"name":"alexander_pushkin", "age":18, "sex":"M"}
19:38:59.269 [pool-31-thread-1] INFO  r.m.lessons.rpks.impl.WriterToKafka - KAFKA_PRODUCER_START_PROCESSING_MASSAGE: {"name":"", "age":18, "sex":"M"}
19:38:59.269 [pool-31-thread-1] INFO  r.m.l.rpks.impl.ProcessorOfRule - jsonValueOfname: 
19:38:59.269 [pool-31-thread-1] INFO  r.m.l.rpks.impl.ProcessorOfRule - CONTAINS:
19:38:59.269 [pool-31-thread-1] INFO  r.m.lessons.rpks.impl.WriterToKafka - KAFKA_PRODUCER_END_PROCESSING_MASSAGE: {"name":"", "age":18, "sex":"M"}
19:38:59.269 [pool-31-thread-1] INFO  r.m.lessons.rpks.impl.WriterToKafka - KAFKA_PRODUCER_START_PROCESSING_MASSAGE: {"name":"pushkin", "age":18, "sex":"M"}
19:38:59.269 [pool-31-thread-1] INFO  r.m.l.rpks.impl.ProcessorOfRule - jsonValueOfname: pushkin
19:38:59.269 [pool-31-thread-1] INFO  r.m.l.rpks.impl.ProcessorOfRule - CONTAINS:
19:38:59.269 [pool-31-thread-1] INFO  r.m.lessons.rpks.impl.WriterToKafka - KAFKA_PRODUCER_END_PROCESSING_MASSAGE: {"name":"pushkin", "age":18, "sex":"M"}
19:38:59.269 [pool-31-thread-1] INFO  r.m.lessons.rpks.impl.WriterToKafka - KAFKA_PRODUCER_START_PROCESSING_MASSAGE: {"name":"alexander", "age":18, "sex":"M"}
19:38:59.269 [pool-31-thread-1] INFO  r.m.l.rpks.impl.ProcessorOfRule - jsonValueOfname: alexander
19:38:59.269 [pool-31-thread-1] INFO  r.m.l.rpks.impl.ProcessorOfRule - CONTAINS:
19:38:59.270 [pool-31-thread-1] INFO  r.m.l.rpks.impl.ProcessorOfRule - jsonValueOfname: alexander
19:38:59.270 [pool-31-thread-1] INFO  r.m.l.rpks.impl.ProcessorOfRule - CONTAINS:
19:38:59.270 [pool-31-thread-1] INFO  r.m.lessons.rpks.impl.WriterToKafka - KAFKA_PRODUCER_END_PROCESSING_MASSAGE: {"name":"alexander", "age":18, "sex":"M"}
19:38:59.270 [pool-31-thread-1] INFO  r.m.lessons.rpks.impl.WriterToKafka - KAFKA_PRODUCER_START_PROCESSING_MASSAGE: 
19:38:59.270 [pool-31-thread-1] WARN  r.m.lessons.rpks.impl.WriterToKafka - NOT_CORRECT_MASSAGE:
19:38:59.270 [pool-31-thread-1] INFO  r.m.lessons.rpks.impl.WriterToKafka - KAFKA_PRODUCER_END_PROCESSING_MASSAGE: 
19:38:59.270 [pool-31-thread-1] INFO  r.m.lessons.rpks.impl.WriterToKafka - KAFKA_PRODUCER_START_PROCESSING_MASSAGE: {"age":18, "sex":"M"}
19:38:59.270 [pool-31-thread-1] INFO  r.m.lessons.rpks.impl.WriterToKafka - KAFKA_PRODUCER_END_PROCESSING_MASSAGE: {"age":18, "sex":"M"}
19:38:59.270 [pool-31-thread-1] INFO  r.m.lessons.rpks.impl.WriterToKafka - KAFKA_PRODUCER_START_PROCESSING_MASSAGE: {"name":"alexander_pushkin", "age":18, "sex":"M"}
19:38:59.270 [pool-31-thread-1] INFO  r.m.l.rpks.impl.ProcessorOfRule - jsonValueOfname: alexander_pushkin
19:38:59.270 [pool-31-thread-1] INFO  r.m.l.rpks.impl.ProcessorOfRule - CONTAINS:
19:38:59.270 [pool-31-thread-1] INFO  r.m.l.rpks.impl.ProcessorOfRule - jsonValueOfname: alexander_pushkin
19:38:59.270 [pool-31-thread-1] INFO  r.m.l.rpks.impl.ProcessorOfRule - CONTAINS:
19:38:59.270 [pool-31-thread-1] INFO  r.m.lessons.rpks.impl.WriterToKafka - KAFKA_PRODUCER_END_PROCESSING_MASSAGE: {"name":"alexander_pushkin", "age":18, "sex":"M"}
19:38:59.335 [pool-30-thread-2] INFO  ru.mai.lessons.rpks.ServiceTest - Remaining attempts 9
19:38:59.565 [pool-31-thread-1] INFO  r.m.lessons.rpks.impl.WriterToKafka - KAFKA_PRODUCER_SEND_MASSAGE: {"name":"alexander_pushkin", "age":18, "sex":"M"}
19:39:00.455 [pool-30-thread-2] INFO  ru.mai.lessons.rpks.ServiceTest - Remaining attempts 8
19:39:01.607 [pool-30-thread-2] INFO  ru.mai.lessons.rpks.ServiceTest - Remaining attempts 7
19:39:02.765 [pool-30-thread-2] INFO  ru.mai.lessons.rpks.ServiceTest - Remaining attempts 6
19:39:03.913 [pool-30-thread-2] INFO  ru.mai.lessons.rpks.ServiceTest - Read messages 1
19:39:03.913 [pool-30-thread-1] WARN  r.m.l.rpks.impl.ServiceFiltering - CANT_SLEEP:sleep interrupted
19:39:03.914 [pool-30-thread-1] INFO  r.mai.lessons.rpks.impl.ReaderFromDB - HIKARY_CREATE
19:39:04.627 [pool-30-thread-1] INFO  r.mai.lessons.rpks.impl.ReaderFromDB - HIKARY_CREATE
19:39:04.628 [pool-30-thread-1] INFO  r.mai.lessons.rpks.impl.ReaderFromDB - CONTEXT_MADE
19:39:04.790 [pool-30-thread-1] INFO  r.mai.lessons.rpks.impl.ReaderFromDB - RULLES_CREATE:0
19:39:04.790 [pool-30-thread-1] INFO  r.mai.lessons.rpks.impl.ReaderFromDB - MAKE_RULES_FROM_DB
19:39:04.790 [pool-30-thread-1] INFO  r.m.l.rpks.impl.ServiceFiltering - ADD_RULE
19:39:04.790 [pool-30-thread-1] WARN  r.m.l.rpks.impl.ServiceFiltering - CANT_SLEEP:sleep interrupted
19:39:04.790 [pool-30-thread-1] INFO  r.mai.lessons.rpks.impl.ReaderFromDB - HIKARY_CREATE
19:39:05.606 [pool-30-thread-1] INFO  r.mai.lessons.rpks.impl.ReaderFromDB - HIKARY_CREATE
19:39:05.606 [pool-30-thread-1] INFO  r.mai.lessons.rpks.impl.ReaderFromDB - CONTEXT_MADE
19:39:05.769 [pool-30-thread-1] INFO  r.mai.lessons.rpks.impl.ReaderFromDB - RULLES_CREATE:0
19:39:05.769 [pool-30-thread-1] INFO  r.mai.lessons.rpks.impl.ReaderFromDB - MAKE_RULES_FROM_DB
19:39:05.769 [pool-30-thread-1] INFO  r.m.l.rpks.impl.ServiceFiltering - ADD_RULE
19:39:05.770 [pool-30-thread-1] WARN  r.m.l.rpks.impl.ServiceFiltering - CANT_SLEEP:sleep interrupted
19:39:05.770 [pool-30-thread-1] INFO  r.mai.lessons.rpks.impl.ReaderFromDB - HIKARY_CREATE
19:39:06.604 [pool-30-thread-1] INFO  r.mai.lessons.rpks.impl.ReaderFromDB - HIKARY_CREATE
19:39:06.604 [pool-30-thread-1] INFO  r.mai.lessons.rpks.impl.ReaderFromDB - CONTEXT_MADE
19:39:06.746 [pool-30-thread-1] INFO  r.mai.lessons.rpks.impl.ReaderFromDB - RULLES_CREATE:0
19:39:06.746 [pool-30-thread-1] INFO  r.mai.lessons.rpks.impl.ReaderFromDB - MAKE_RULES_FROM_DB
19:39:06.747 [pool-30-thread-1] INFO  r.m.l.rpks.impl.ServiceFiltering - ADD_RULE
19:39:06.747 [pool-30-thread-1] WARN  r.m.l.rpks.impl.ServiceFiltering - CANT_SLEEP:sleep interrupted
19:39:06.747 [pool-30-thread-1] INFO  r.mai.lessons.rpks.impl.ReaderFromDB - HIKARY_CREATE
19:39:07.674 [pool-30-thread-1] INFO  r.mai.lessons.rpks.impl.ReaderFromDB - HIKARY_CREATE
19:39:07.674 [pool-30-thread-1] INFO  r.mai.lessons.rpks.impl.ReaderFromDB - CONTEXT_MADE
19:39:07.877 [pool-30-thread-1] INFO  r.mai.lessons.rpks.impl.ReaderFromDB - RULLES_CREATE:0
19:39:07.877 [pool-30-thread-1] INFO  r.mai.lessons.rpks.impl.ReaderFromDB - MAKE_RULES_FROM_DB
19:39:07.878 [pool-30-thread-1] INFO  r.m.l.rpks.impl.ServiceFiltering - ADD_RULE
19:39:07.878 [pool-30-thread-1] WARN  r.m.l.rpks.impl.ServiceFiltering - CANT_SLEEP:sleep interrupted
19:39:07.878 [pool-30-thread-1] INFO  r.mai.lessons.rpks.impl.ReaderFromDB - HIKARY_CREATE
19:39:08.620 [pool-30-thread-1] INFO  r.mai.lessons.rpks.impl.ReaderFromDB - HIKARY_CREATE
19:39:08.620 [pool-30-thread-1] INFO  r.mai.lessons.rpks.impl.ReaderFromDB - CONTEXT_MADE
19:39:08.843 [pool-30-thread-1] INFO  r.mai.lessons.rpks.impl.ReaderFromDB - RULLES_CREATE:0
19:39:08.843 [pool-30-thread-1] INFO  r.mai.lessons.rpks.impl.ReaderFromDB - MAKE_RULES_FROM_DB
19:39:08.843 [pool-30-thread-1] INFO  r.m.l.rpks.impl.ServiceFiltering - ADD_RULE
19:39:08.843 [pool-30-thread-1] WARN  r.m.l.rpks.impl.ServiceFiltering - CANT_SLEEP:sleep interrupted
19:39:08.843 [pool-30-thread-1] INFO  r.mai.lessons.rpks.impl.ReaderFromDB - HIKARY_CREATE
19:39:09.646 [pool-30-thread-1] INFO  r.mai.lessons.rpks.impl.ReaderFromDB - HIKARY_CREATE
19:39:09.647 [pool-30-thread-1] INFO  r.mai.lessons.rpks.impl.ReaderFromDB - CONTEXT_MADE
19:39:09.792 [pool-30-thread-1] INFO  r.mai.lessons.rpks.impl.ReaderFromDB - RULLES_CREATE:0
19:39:09.792 [pool-30-thread-1] INFO  r.mai.lessons.rpks.impl.ReaderFromDB - MAKE_RULES_FROM_DB
19:39:09.792 [pool-30-thread-1] INFO  r.m.l.rpks.impl.ServiceFiltering - ADD_RULE
19:39:09.792 [pool-30-thread-1] WARN  r.m.l.rpks.impl.ServiceFiltering - CANT_SLEEP:sleep interrupted
19:39:09.792 [pool-30-thread-1] INFO  r.mai.lessons.rpks.impl.ReaderFromDB - HIKARY_CREATE
19:39:10.515 [pool-30-thread-1] ERROR com.zaxxer.hikari.pool.HikariPool - HikariPool-181 - Error thrown while acquiring connection from data source
org.postgresql.util.PSQLException: Соединение уже было закрыто
	at org.postgresql.jdbc.PgConnection.checkClosed(PgConnection.java:956)
	at org.postgresql.jdbc.PgConnection.setTransactionIsolation(PgConnection.java:1015)
	at com.zaxxer.hikari.pool.PoolBase.setupConnection(PoolBase.java:414)
	at com.zaxxer.hikari.pool.PoolBase.newConnection(PoolBase.java:364)
	at com.zaxxer.hikari.pool.PoolBase.newPoolEntry(PoolBase.java:201)
	at com.zaxxer.hikari.pool.HikariPool.createPoolEntry(HikariPool.java:470)
	at com.zaxxer.hikari.pool.HikariPool.checkFailFast(HikariPool.java:561)
	at com.zaxxer.hikari.pool.HikariPool.<init>(HikariPool.java:100)
	at com.zaxxer.hikari.HikariDataSource.<init>(HikariDataSource.java:81)
	at ru.mai.lessons.rpks.impl.ReaderFromDB.readRulesFromDB(ReaderFromDB.java:29)
	at ru.mai.lessons.rpks.impl.ServiceFiltering.start(ServiceFiltering.java:43)
	at ru.mai.lessons.rpks.ServiceTest.lambda$testStartService$49(ServiceTest.java:1335)
	at java.base/java.util.concurrent.FutureTask.run(FutureTask.java:264)
	at java.base/java.util.concurrent.ThreadPoolExecutor.runWorker(ThreadPoolExecutor.java:1136)
	at java.base/java.util.concurrent.ThreadPoolExecutor$Worker.run(ThreadPoolExecutor.java:635)
	at java.base/java.lang.Thread.run(Thread.java:833)
19:39:10.515 [pool-30-thread-1] ERROR com.zaxxer.hikari.pool.HikariPool - HikariPool-181 - Exception during pool initialization.
org.postgresql.util.PSQLException: Соединение уже было закрыто
	at org.postgresql.jdbc.PgConnection.checkClosed(PgConnection.java:956)
	at org.postgresql.jdbc.PgConnection.setTransactionIsolation(PgConnection.java:1015)
	at com.zaxxer.hikari.pool.PoolBase.setupConnection(PoolBase.java:414)
	at com.zaxxer.hikari.pool.PoolBase.newConnection(PoolBase.java:364)
	at com.zaxxer.hikari.pool.PoolBase.newPoolEntry(PoolBase.java:201)
	at com.zaxxer.hikari.pool.HikariPool.createPoolEntry(HikariPool.java:470)
	at com.zaxxer.hikari.pool.HikariPool.checkFailFast(HikariPool.java:561)
	at com.zaxxer.hikari.pool.HikariPool.<init>(HikariPool.java:100)
	at com.zaxxer.hikari.HikariDataSource.<init>(HikariDataSource.java:81)
	at ru.mai.lessons.rpks.impl.ReaderFromDB.readRulesFromDB(ReaderFromDB.java:29)
	at ru.mai.lessons.rpks.impl.ServiceFiltering.start(ServiceFiltering.java:43)
	at ru.mai.lessons.rpks.ServiceTest.lambda$testStartService$49(ServiceTest.java:1335)
	at java.base/java.util.concurrent.FutureTask.run(FutureTask.java:264)
	at java.base/java.util.concurrent.ThreadPoolExecutor.runWorker(ThreadPoolExecutor.java:1136)
	at java.base/java.util.concurrent.ThreadPoolExecutor$Worker.run(ThreadPoolExecutor.java:635)
	at java.base/java.lang.Thread.run(Thread.java:833)
]]></system-out>
  <system-err><![CDATA[]]></system-err>
</testsuite>
