<?xml version="1.0" encoding="UTF-8"?>
<testsuite name="ru.mai.lessons.rpks.ServiceTest" tests="18" skipped="0" failures="0" errors="0" timestamp="2023-06-20T19:48:47" hostname="DESKTOP-I0GQ2V9" time="257.882">
  <properties/>
  <testcase name="testKafkaWriteReadMessage()" classname="ru.mai.lessons.rpks.ServiceTest" time="14.75"/>
  <testcase name="testServiceFilteringNotEquals()" classname="ru.mai.lessons.rpks.ServiceTest" time="12.235"/>
  <testcase name="testServiceFilteringNotRules()" classname="ru.mai.lessons.rpks.ServiceTest" time="21.901"/>
  <testcase name="testServiceFilteringContainsNotEqualsTwoRules()" classname="ru.mai.lessons.rpks.ServiceTest" time="11.175"/>
  <testcase name="testServiceFilteringAddNewRule()" classname="ru.mai.lessons.rpks.ServiceTest" time="31.415"/>
  <testcase name="testServiceFilteringContainsNotContainsTwoRules()" classname="ru.mai.lessons.rpks.ServiceTest" time="12.042"/>
  <testcase name="testStartPostgreSQL()" classname="ru.mai.lessons.rpks.ServiceTest" time="9.803"/>
  <testcase name="testServiceFilteringUpdateRule()" classname="ru.mai.lessons.rpks.ServiceTest" time="31.432"/>
  <testcase name="testServiceFilteringNotContains()" classname="ru.mai.lessons.rpks.ServiceTest" time="11.65"/>
  <testcase name="testServiceFilteringEqualsNotContainsTwoRules()" classname="ru.mai.lessons.rpks.ServiceTest" time="11.745"/>
  <testcase name="testServiceFilteringContains()" classname="ru.mai.lessons.rpks.ServiceTest" time="11.961"/>
  <testcase name="testServiceFilteringEqualsContainsTwoRules()" classname="ru.mai.lessons.rpks.ServiceTest" time="11.738"/>
  <testcase name="testServiceFilteringEquals()" classname="ru.mai.lessons.rpks.ServiceTest" time="11.428"/>
  <testcase name="testPostgreSQLReadValues()" classname="ru.mai.lessons.rpks.ServiceTest" time="9.905"/>
  <testcase name="testServiceFilteringEqualsTwoRules()" classname="ru.mai.lessons.rpks.ServiceTest" time="11.647"/>
  <testcase name="testServiceFilteringEqualsNotEqualsTwoRules()" classname="ru.mai.lessons.rpks.ServiceTest" time="11.6"/>
  <testcase name="testServiceFilteringContainsTwoRules()" classname="ru.mai.lessons.rpks.ServiceTest" time="11.885"/>
  <testcase name="testStartKafka()" classname="ru.mai.lessons.rpks.ServiceTest" time="9.557"/>
  <system-out><![CDATA[22:48:47,312 |-INFO in ch.qos.logback.classic.LoggerContext[default] - This is logback-classic version 1.4.5
22:48:47,333 |-INFO in ch.qos.logback.classic.LoggerContext[default] - Could NOT find resource [logback-test.xml]
22:48:47,336 |-INFO in ch.qos.logback.classic.LoggerContext[default] - Found resource [logback.xml] at [file:/D:/IntelliJ%20IDEA/Projects/JavaServiceFiltering/build/resources/test/logback.xml]
22:48:47,434 |-INFO in ch.qos.logback.core.model.processor.AppenderModelHandler - Processing appender named [CONSOLE]
22:48:47,435 |-INFO in ch.qos.logback.core.model.processor.AppenderModelHandler - About to instantiate appender of type [ch.qos.logback.core.ConsoleAppender]
22:48:47,468 |-WARN in ch.qos.logback.core.ConsoleAppender[CONSOLE] - This appender no longer admits a layout as a sub-component, set an encoder instead.
22:48:47,468 |-WARN in ch.qos.logback.core.ConsoleAppender[CONSOLE] - To ensure compatibility, wrapping your layout in LayoutWrappingEncoder.
22:48:47,468 |-WARN in ch.qos.logback.core.ConsoleAppender[CONSOLE] - See also http://logback.qos.ch/codes.html#layoutInsteadOfEncoder for details
22:48:47,468 |-INFO in ch.qos.logback.classic.model.processor.LoggerModelHandler - Setting level of logger [ru.mai.lessons.rpks] to INFO
22:48:47,471 |-INFO in ch.qos.logback.classic.model.processor.LoggerModelHandler - Setting additivity of logger [ru.mai.lessons.rpks] to false
22:48:47,471 |-INFO in ch.qos.logback.core.model.processor.AppenderRefModelHandler - Attaching appender named [CONSOLE] to Logger[ru.mai.lessons.rpks]
22:48:47,472 |-INFO in ch.qos.logback.classic.model.processor.RootLoggerModelHandler - Setting level of ROOT logger to ERROR
22:48:47,472 |-INFO in ch.qos.logback.core.model.processor.AppenderRefModelHandler - Attaching appender named [CONSOLE] to Logger[ROOT]
22:48:47,472 |-INFO in ch.qos.logback.core.model.processor.DefaultProcessor@333dd51e - End of configuration.
22:48:47,473 |-INFO in ch.qos.logback.classic.joran.JoranConfigurator@52d645b1 - Registering current configuration as safe fallback point

22:48:57.773 [Test worker] INFO  ru.mai.lessons.rpks.ServiceTest - Bootstrap.servers: PLAINTEXT://localhost:62679
22:48:57.776 [Test worker] INFO  ru.mai.lessons.rpks.ServiceTest - Topics: [(name=test_topic_in, numPartitions=3, replicationFactor=1, replicasAssignments=null, configs=null), (name=test_topic_out, numPartitions=3, replicationFactor=1, replicasAssignments=null, configs=null)], replica factor 1, partitions 3
22:48:58.031 [Test worker] INFO  ru.mai.lessons.rpks.ServiceTest - Creating topics
22:48:58.539 [Test worker] INFO  ru.mai.lessons.rpks.ServiceTest - Created topics
22:48:58.539 [Test worker] INFO  ru.mai.lessons.rpks.ServiceTest - Sending message
22:48:58.624 [Test worker] INFO  ru.mai.lessons.rpks.ServiceTest - Sent message
22:48:58.624 [Test worker] INFO  ru.mai.lessons.rpks.ServiceTest - Consumer subscribe
22:48:58.625 [Test worker] INFO  ru.mai.lessons.rpks.ServiceTest - Consumer start reading
22:48:58.734 [Test worker] INFO  ru.mai.lessons.rpks.ServiceTest - Remaining attempts 10
22:48:59.844 [Test worker] INFO  ru.mai.lessons.rpks.ServiceTest - Remaining attempts 9
22:49:00.850 [Test worker] INFO  ru.mai.lessons.rpks.ServiceTest - Read messages 1
22:49:10.551 [Test worker] INFO  ru.mai.lessons.rpks.ServiceTest - Topics: [(name=test_topic_in, numPartitions=3, replicationFactor=1, replicasAssignments=null, configs=null), (name=test_topic_out, numPartitions=3, replicationFactor=1, replicasAssignments=null, configs=null)], replica factor 1, partitions 3
22:49:11.330 [Test worker] INFO  ru.mai.lessons.rpks.ServiceTest - Topic not exist. Create topics [(name=test_topic_in, numPartitions=3, replicationFactor=1, replicasAssignments=null, configs=null), (name=test_topic_out, numPartitions=3, replicationFactor=1, replicasAssignments=null, configs=null)]
22:49:11.627 [Test worker] INFO  ru.mai.lessons.rpks.ServiceTest - Create filtering rule 1
22:49:11.652 [Test worker] INFO  ru.mai.lessons.rpks.ServiceTest - Check rule from DB
22:49:11.934 [pool-2-thread-2] INFO  ru.mai.lessons.rpks.ServiceTest - Remaining attempts 10
22:49:12.974 [pool-2-thread-2] INFO  ru.mai.lessons.rpks.ServiceTest - Read messages 1
22:49:23.066 [Test worker] INFO  ru.mai.lessons.rpks.ServiceTest - Topics: [(name=test_topic_in, numPartitions=3, replicationFactor=1, replicasAssignments=null, configs=null), (name=test_topic_out, numPartitions=3, replicationFactor=1, replicasAssignments=null, configs=null)], replica factor 1, partitions 3
22:49:23.092 [Test worker] INFO  ru.mai.lessons.rpks.ServiceTest - Topic not exist. Create topics [(name=test_topic_in, numPartitions=3, replicationFactor=1, replicasAssignments=null, configs=null), (name=test_topic_out, numPartitions=3, replicationFactor=1, replicasAssignments=null, configs=null)]
22:49:23.553 [pool-5-thread-1] INFO  r.mai.lessons.rpks.impl.DbReaderImpl - Error! Rules not found!
22:49:23.559 [pool-6-thread-1] INFO  r.mai.lessons.rpks.impl.DbReaderImpl - Error! Rules not found!
22:49:23.818 [pool-5-thread-2] INFO  ru.mai.lessons.rpks.ServiceTest - Remaining attempts 10
22:49:24.934 [pool-5-thread-2] INFO  ru.mai.lessons.rpks.ServiceTest - Remaining attempts 9
22:49:26.051 [pool-5-thread-2] INFO  ru.mai.lessons.rpks.ServiceTest - Remaining attempts 8
22:49:27.158 [pool-5-thread-2] INFO  ru.mai.lessons.rpks.ServiceTest - Remaining attempts 7
22:49:28.271 [pool-5-thread-2] INFO  ru.mai.lessons.rpks.ServiceTest - Remaining attempts 6
22:49:29.388 [pool-5-thread-2] INFO  ru.mai.lessons.rpks.ServiceTest - Remaining attempts 5
22:49:30.511 [pool-5-thread-2] INFO  ru.mai.lessons.rpks.ServiceTest - Remaining attempts 4
22:49:31.636 [pool-5-thread-2] INFO  ru.mai.lessons.rpks.ServiceTest - Remaining attempts 3
22:49:32.750 [pool-5-thread-2] INFO  ru.mai.lessons.rpks.ServiceTest - Remaining attempts 2
22:49:33.571 [pool-6-thread-1] INFO  r.mai.lessons.rpks.impl.DbReaderImpl - Error! Rules not found!
22:49:33.861 [pool-5-thread-2] INFO  ru.mai.lessons.rpks.ServiceTest - Remaining attempts 1
22:49:44.543 [Test worker] INFO  ru.mai.lessons.rpks.ServiceTest - Topics: [(name=test_topic_in, numPartitions=3, replicationFactor=1, replicasAssignments=null, configs=null), (name=test_topic_out, numPartitions=3, replicationFactor=1, replicasAssignments=null, configs=null)], replica factor 1, partitions 3
22:49:44.566 [Test worker] INFO  ru.mai.lessons.rpks.ServiceTest - Topic not exist. Create topics [(name=test_topic_in, numPartitions=3, replicationFactor=1, replicasAssignments=null, configs=null), (name=test_topic_out, numPartitions=3, replicationFactor=1, replicasAssignments=null, configs=null)]
22:49:44.875 [Test worker] INFO  ru.mai.lessons.rpks.ServiceTest - Create filtering rule 1
22:49:44.891 [Test worker] INFO  ru.mai.lessons.rpks.ServiceTest - Check rule from DB
22:49:44.894 [Test worker] INFO  ru.mai.lessons.rpks.ServiceTest - Create filtering rule 1
22:49:44.921 [Test worker] INFO  ru.mai.lessons.rpks.ServiceTest - Check rule from DB
22:49:45.135 [pool-8-thread-2] INFO  ru.mai.lessons.rpks.ServiceTest - Remaining attempts 10
22:49:46.143 [pool-8-thread-2] INFO  ru.mai.lessons.rpks.ServiceTest - Read messages 1
22:49:55.952 [Test worker] INFO  ru.mai.lessons.rpks.ServiceTest - Topics: [(name=test_topic_in, numPartitions=3, replicationFactor=1, replicasAssignments=null, configs=null), (name=test_topic_out, numPartitions=3, replicationFactor=1, replicasAssignments=null, configs=null)], replica factor 1, partitions 3
22:49:55.971 [Test worker] INFO  ru.mai.lessons.rpks.ServiceTest - Topic not exist. Create topics [(name=test_topic_in, numPartitions=3, replicationFactor=1, replicasAssignments=null, configs=null), (name=test_topic_out, numPartitions=3, replicationFactor=1, replicasAssignments=null, configs=null)]
22:49:56.282 [Test worker] INFO  ru.mai.lessons.rpks.ServiceTest - Create filtering rule 1
22:49:56.298 [Test worker] INFO  ru.mai.lessons.rpks.ServiceTest - Check rule from DB
22:49:56.512 [pool-11-thread-2] INFO  ru.mai.lessons.rpks.ServiceTest - Remaining attempts 10
22:49:57.530 [pool-11-thread-2] INFO  ru.mai.lessons.rpks.ServiceTest - Read messages 1
22:49:57.530 [Test worker] INFO  ru.mai.lessons.rpks.ServiceTest - Create filtering rule 1
22:49:57.534 [Test worker] INFO  ru.mai.lessons.rpks.ServiceTest - Check rule from DB
22:49:57.536 [Test worker] INFO  ru.mai.lessons.rpks.ServiceTest - Wait until application updated rules from DB
22:50:17.581 [pool-11-thread-1] INFO  ru.mai.lessons.rpks.ServiceTest - Read messages 1
22:50:28.023 [Test worker] INFO  ru.mai.lessons.rpks.ServiceTest - Topics: [(name=test_topic_in, numPartitions=3, replicationFactor=1, replicasAssignments=null, configs=null), (name=test_topic_out, numPartitions=3, replicationFactor=1, replicasAssignments=null, configs=null)], replica factor 1, partitions 3
22:50:28.042 [Test worker] INFO  ru.mai.lessons.rpks.ServiceTest - Topic not exist. Create topics [(name=test_topic_in, numPartitions=3, replicationFactor=1, replicasAssignments=null, configs=null), (name=test_topic_out, numPartitions=3, replicationFactor=1, replicasAssignments=null, configs=null)]
22:50:28.360 [Test worker] INFO  ru.mai.lessons.rpks.ServiceTest - Create filtering rule 1
22:50:28.375 [Test worker] INFO  ru.mai.lessons.rpks.ServiceTest - Check rule from DB
22:50:28.378 [Test worker] INFO  ru.mai.lessons.rpks.ServiceTest - Create filtering rule 1
22:50:28.410 [Test worker] INFO  ru.mai.lessons.rpks.ServiceTest - Check rule from DB
22:50:28.628 [pool-14-thread-2] INFO  ru.mai.lessons.rpks.ServiceTest - Remaining attempts 10
22:50:29.640 [pool-14-thread-2] INFO  ru.mai.lessons.rpks.ServiceTest - Read messages 1
22:50:49.158 [Test worker] INFO  ru.mai.lessons.rpks.ServiceTest - Topics: [(name=test_topic_in, numPartitions=3, replicationFactor=1, replicasAssignments=null, configs=null), (name=test_topic_out, numPartitions=3, replicationFactor=1, replicasAssignments=null, configs=null)], replica factor 1, partitions 3
22:50:49.181 [Test worker] INFO  ru.mai.lessons.rpks.ServiceTest - Topic not exist. Create topics [(name=test_topic_in, numPartitions=3, replicationFactor=1, replicasAssignments=null, configs=null), (name=test_topic_out, numPartitions=3, replicationFactor=1, replicasAssignments=null, configs=null)]
22:50:49.514 [Test worker] INFO  ru.mai.lessons.rpks.ServiceTest - Create filtering rule 1
22:50:49.529 [Test worker] INFO  ru.mai.lessons.rpks.ServiceTest - Check rule from DB
22:50:49.733 [pool-18-thread-2] INFO  ru.mai.lessons.rpks.ServiceTest - Remaining attempts 10
22:50:50.743 [pool-18-thread-2] INFO  ru.mai.lessons.rpks.ServiceTest - Read messages 1
22:50:50.747 [Test worker] INFO  ru.mai.lessons.rpks.ServiceTest - Create filtering rule 1
22:50:50.750 [Test worker] INFO  ru.mai.lessons.rpks.ServiceTest - Check rule from DB
22:50:50.752 [Test worker] INFO  ru.mai.lessons.rpks.ServiceTest - Wait until application updated rules from DB
22:51:10.790 [pool-18-thread-1] INFO  ru.mai.lessons.rpks.ServiceTest - Read messages 1
22:51:20.880 [Test worker] INFO  ru.mai.lessons.rpks.ServiceTest - Topics: [(name=test_topic_in, numPartitions=3, replicationFactor=1, replicasAssignments=null, configs=null), (name=test_topic_out, numPartitions=3, replicationFactor=1, replicasAssignments=null, configs=null)], replica factor 1, partitions 3
22:51:20.900 [Test worker] INFO  ru.mai.lessons.rpks.ServiceTest - Topic not exist. Create topics [(name=test_topic_in, numPartitions=3, replicationFactor=1, replicasAssignments=null, configs=null), (name=test_topic_out, numPartitions=3, replicationFactor=1, replicasAssignments=null, configs=null)]
22:51:21.246 [Test worker] INFO  ru.mai.lessons.rpks.ServiceTest - Create filtering rule 1
22:51:21.261 [Test worker] INFO  ru.mai.lessons.rpks.ServiceTest - Check rule from DB
22:51:21.469 [pool-21-thread-2] INFO  ru.mai.lessons.rpks.ServiceTest - Remaining attempts 10
22:51:22.487 [pool-21-thread-2] INFO  ru.mai.lessons.rpks.ServiceTest - Read messages 1
22:51:32.560 [Test worker] INFO  ru.mai.lessons.rpks.ServiceTest - Topics: [(name=test_topic_in, numPartitions=3, replicationFactor=1, replicasAssignments=null, configs=null), (name=test_topic_out, numPartitions=3, replicationFactor=1, replicasAssignments=null, configs=null)], replica factor 1, partitions 3
22:51:32.582 [Test worker] INFO  ru.mai.lessons.rpks.ServiceTest - Topic not exist. Create topics [(name=test_topic_in, numPartitions=3, replicationFactor=1, replicasAssignments=null, configs=null), (name=test_topic_out, numPartitions=3, replicationFactor=1, replicasAssignments=null, configs=null)]
22:51:32.935 [Test worker] INFO  ru.mai.lessons.rpks.ServiceTest - Create filtering rule 1
22:51:32.953 [Test worker] INFO  ru.mai.lessons.rpks.ServiceTest - Check rule from DB
22:51:32.955 [Test worker] INFO  ru.mai.lessons.rpks.ServiceTest - Create filtering rule 1
22:51:32.977 [Test worker] INFO  ru.mai.lessons.rpks.ServiceTest - Check rule from DB
22:51:33.216 [pool-24-thread-2] INFO  ru.mai.lessons.rpks.ServiceTest - Remaining attempts 10
22:51:34.229 [pool-24-thread-2] INFO  ru.mai.lessons.rpks.ServiceTest - Read messages 1
22:51:44.647 [Test worker] INFO  ru.mai.lessons.rpks.ServiceTest - Topics: [(name=test_topic_in, numPartitions=3, replicationFactor=1, replicasAssignments=null, configs=null), (name=test_topic_out, numPartitions=3, replicationFactor=1, replicasAssignments=null, configs=null)], replica factor 1, partitions 3
22:51:44.666 [Test worker] INFO  ru.mai.lessons.rpks.ServiceTest - Topic not exist. Create topics [(name=test_topic_in, numPartitions=3, replicationFactor=1, replicasAssignments=null, configs=null), (name=test_topic_out, numPartitions=3, replicationFactor=1, replicasAssignments=null, configs=null)]
22:51:44.990 [Test worker] INFO  ru.mai.lessons.rpks.ServiceTest - Create filtering rule 1
22:51:45.011 [Test worker] INFO  ru.mai.lessons.rpks.ServiceTest - Check rule from DB
22:51:45.209 [pool-27-thread-2] INFO  ru.mai.lessons.rpks.ServiceTest - Remaining attempts 10
22:51:46.229 [pool-27-thread-2] INFO  ru.mai.lessons.rpks.ServiceTest - Read messages 1
22:51:56.433 [Test worker] INFO  ru.mai.lessons.rpks.ServiceTest - Topics: [(name=test_topic_in, numPartitions=3, replicationFactor=1, replicasAssignments=null, configs=null), (name=test_topic_out, numPartitions=3, replicationFactor=1, replicasAssignments=null, configs=null)], replica factor 1, partitions 3
22:51:56.452 [Test worker] INFO  ru.mai.lessons.rpks.ServiceTest - Topic not exist. Create topics [(name=test_topic_in, numPartitions=3, replicationFactor=1, replicasAssignments=null, configs=null), (name=test_topic_out, numPartitions=3, replicationFactor=1, replicasAssignments=null, configs=null)]
22:51:56.757 [Test worker] INFO  ru.mai.lessons.rpks.ServiceTest - Create filtering rule 1
22:51:56.770 [Test worker] INFO  ru.mai.lessons.rpks.ServiceTest - Check rule from DB
22:51:56.772 [Test worker] INFO  ru.mai.lessons.rpks.ServiceTest - Create filtering rule 1
22:51:56.792 [Test worker] INFO  ru.mai.lessons.rpks.ServiceTest - Check rule from DB
22:51:56.999 [pool-30-thread-2] INFO  ru.mai.lessons.rpks.ServiceTest - Remaining attempts 10
22:51:58.010 [pool-30-thread-2] INFO  ru.mai.lessons.rpks.ServiceTest - Read messages 1
22:52:07.762 [Test worker] INFO  ru.mai.lessons.rpks.ServiceTest - Topics: [(name=test_topic_in, numPartitions=3, replicationFactor=1, replicasAssignments=null, configs=null), (name=test_topic_out, numPartitions=3, replicationFactor=1, replicasAssignments=null, configs=null)], replica factor 1, partitions 3
22:52:07.781 [Test worker] INFO  ru.mai.lessons.rpks.ServiceTest - Topic not exist. Create topics [(name=test_topic_in, numPartitions=3, replicationFactor=1, replicasAssignments=null, configs=null), (name=test_topic_out, numPartitions=3, replicationFactor=1, replicasAssignments=null, configs=null)]
22:52:08.110 [Test worker] INFO  ru.mai.lessons.rpks.ServiceTest - Create filtering rule 1
22:52:08.124 [Test worker] INFO  ru.mai.lessons.rpks.ServiceTest - Check rule from DB
22:52:08.340 [pool-33-thread-2] INFO  ru.mai.lessons.rpks.ServiceTest - Remaining attempts 10
22:52:09.350 [pool-33-thread-2] INFO  ru.mai.lessons.rpks.ServiceTest - Read messages 1
22:52:19.317 [Test worker] INFO  ru.mai.lessons.rpks.ServiceTest - Create filtering rule 1
22:52:19.331 [Test worker] INFO  ru.mai.lessons.rpks.ServiceTest - Check rule from DB
22:52:29.341 [Test worker] INFO  ru.mai.lessons.rpks.ServiceTest - Topics: [(name=test_topic_in, numPartitions=3, replicationFactor=1, replicasAssignments=null, configs=null), (name=test_topic_out, numPartitions=3, replicationFactor=1, replicasAssignments=null, configs=null)], replica factor 1, partitions 3
22:52:29.360 [Test worker] INFO  ru.mai.lessons.rpks.ServiceTest - Topic not exist. Create topics [(name=test_topic_in, numPartitions=3, replicationFactor=1, replicasAssignments=null, configs=null), (name=test_topic_out, numPartitions=3, replicationFactor=1, replicasAssignments=null, configs=null)]
22:52:29.702 [Test worker] INFO  ru.mai.lessons.rpks.ServiceTest - Create filtering rule 1
22:52:29.721 [Test worker] INFO  ru.mai.lessons.rpks.ServiceTest - Check rule from DB
22:52:29.724 [Test worker] INFO  ru.mai.lessons.rpks.ServiceTest - Create filtering rule 1
22:52:29.745 [Test worker] INFO  ru.mai.lessons.rpks.ServiceTest - Check rule from DB
22:52:29.952 [pool-37-thread-2] INFO  ru.mai.lessons.rpks.ServiceTest - Remaining attempts 10
22:52:30.957 [pool-37-thread-2] INFO  ru.mai.lessons.rpks.ServiceTest - Read messages 1
22:52:40.967 [Test worker] INFO  ru.mai.lessons.rpks.ServiceTest - Topics: [(name=test_topic_in, numPartitions=3, replicationFactor=1, replicasAssignments=null, configs=null), (name=test_topic_out, numPartitions=3, replicationFactor=1, replicasAssignments=null, configs=null)], replica factor 1, partitions 3
22:52:40.987 [Test worker] INFO  ru.mai.lessons.rpks.ServiceTest - Topic not exist. Create topics [(name=test_topic_in, numPartitions=3, replicationFactor=1, replicasAssignments=null, configs=null), (name=test_topic_out, numPartitions=3, replicationFactor=1, replicasAssignments=null, configs=null)]
22:52:41.293 [Test worker] INFO  ru.mai.lessons.rpks.ServiceTest - Create filtering rule 1
22:52:41.306 [Test worker] INFO  ru.mai.lessons.rpks.ServiceTest - Check rule from DB
22:52:41.308 [Test worker] INFO  ru.mai.lessons.rpks.ServiceTest - Create filtering rule 1
22:52:41.330 [Test worker] INFO  ru.mai.lessons.rpks.ServiceTest - Check rule from DB
22:52:41.537 [pool-40-thread-2] INFO  ru.mai.lessons.rpks.ServiceTest - Remaining attempts 10
22:52:42.547 [pool-40-thread-2] INFO  ru.mai.lessons.rpks.ServiceTest - Read messages 1
22:52:52.633 [Test worker] INFO  ru.mai.lessons.rpks.ServiceTest - Topics: [(name=test_topic_in, numPartitions=3, replicationFactor=1, replicasAssignments=null, configs=null), (name=test_topic_out, numPartitions=3, replicationFactor=1, replicasAssignments=null, configs=null)], replica factor 1, partitions 3
22:52:52.651 [Test worker] INFO  ru.mai.lessons.rpks.ServiceTest - Topic not exist. Create topics [(name=test_topic_in, numPartitions=3, replicationFactor=1, replicasAssignments=null, configs=null), (name=test_topic_out, numPartitions=3, replicationFactor=1, replicasAssignments=null, configs=null)]
22:52:53.008 [Test worker] INFO  ru.mai.lessons.rpks.ServiceTest - Create filtering rule 1
22:52:53.023 [Test worker] INFO  ru.mai.lessons.rpks.ServiceTest - Check rule from DB
22:52:53.025 [Test worker] INFO  ru.mai.lessons.rpks.ServiceTest - Create filtering rule 1
22:52:53.054 [Test worker] INFO  ru.mai.lessons.rpks.ServiceTest - Check rule from DB
22:52:53.266 [pool-43-thread-2] INFO  ru.mai.lessons.rpks.ServiceTest - Remaining attempts 10
22:52:54.270 [pool-43-thread-2] INFO  ru.mai.lessons.rpks.ServiceTest - Read messages 1
]]></system-out>
  <system-err><![CDATA[java.sql.SQLTransientConnectionException: HikariPool-2 - Connection is not available, request timed out after 30009ms.
	at com.zaxxer.hikari.pool.HikariPool.createTimeoutException(HikariPool.java:696)
	at com.zaxxer.hikari.pool.HikariPool.getConnection(HikariPool.java:181)
	at com.zaxxer.hikari.pool.HikariPool.getConnection(HikariPool.java:146)
	at com.zaxxer.hikari.HikariDataSource.getConnection(HikariDataSource.java:100)
	at ru.mai.lessons.rpks.impl.DbReaderImpl.getConnection(DbReaderImpl.java:36)
	at ru.mai.lessons.rpks.impl.DbReaderImpl.readRulesFromDB(DbReaderImpl.java:44)
	at ru.mai.lessons.rpks.impl.RulesUpdaterImpl.run(RulesUpdaterImpl.java:19)
	at java.base/java.util.concurrent.Executors$RunnableAdapter.call(Executors.java:577)
	at java.base/java.util.concurrent.FutureTask.runAndReset(FutureTask.java:358)
	at java.base/java.util.concurrent.ScheduledThreadPoolExecutor$ScheduledFutureTask.run(ScheduledThreadPoolExecutor.java:305)
	at java.base/java.util.concurrent.ThreadPoolExecutor.runWorker(ThreadPoolExecutor.java:1144)
	at java.base/java.util.concurrent.ThreadPoolExecutor$Worker.run(ThreadPoolExecutor.java:642)
	at java.base/java.lang.Thread.run(Thread.java:1589)
Caused by: org.postgresql.util.PSQLException: Подсоединение по адресу localhost:62695 отклонено. Проверьте что хост и порт указаны правильно и что postmaster принимает TCP/IP-подсоединения.
	at org.postgresql.core.v3.ConnectionFactoryImpl.openConnectionImpl(ConnectionFactoryImpl.java:342)
	at org.postgresql.core.ConnectionFactory.openConnection(ConnectionFactory.java:54)
	at org.postgresql.jdbc.PgConnection.<init>(PgConnection.java:253)
	at org.postgresql.Driver.makeConnection(Driver.java:434)
	at org.postgresql.Driver.connect(Driver.java:291)
	at com.zaxxer.hikari.util.DriverDataSource.getConnection(DriverDataSource.java:138)
	at com.zaxxer.hikari.pool.PoolBase.newConnection(PoolBase.java:359)
	at com.zaxxer.hikari.pool.PoolBase.newPoolEntry(PoolBase.java:201)
	at com.zaxxer.hikari.pool.HikariPool.createPoolEntry(HikariPool.java:470)
	at com.zaxxer.hikari.pool.HikariPool$PoolEntryCreator.call(HikariPool.java:733)
	at com.zaxxer.hikari.pool.HikariPool$PoolEntryCreator.call(HikariPool.java:712)
	at java.base/java.util.concurrent.FutureTask.run(FutureTask.java:317)
	... 3 more
Caused by: java.net.ConnectException: Connection refused: no further information
	at java.base/sun.nio.ch.Net.pollConnect(Native Method)
	at java.base/sun.nio.ch.Net.pollConnectNow(Net.java:672)
	at java.base/sun.nio.ch.NioSocketImpl.timedFinishConnect(NioSocketImpl.java:535)
	at java.base/sun.nio.ch.NioSocketImpl.connect(NioSocketImpl.java:585)
	at java.base/java.net.SocksSocketImpl.connect(SocksSocketImpl.java:327)
	at java.base/java.net.Socket.connect(Socket.java:666)
	at org.postgresql.core.PGStream.createSocket(PGStream.java:243)
	at org.postgresql.core.PGStream.<init>(PGStream.java:98)
	at org.postgresql.core.v3.ConnectionFactoryImpl.tryConnect(ConnectionFactoryImpl.java:132)
	at org.postgresql.core.v3.ConnectionFactoryImpl.openConnectionImpl(ConnectionFactoryImpl.java:258)
	... 14 more
java.sql.SQLTransientConnectionException: HikariPool-4 - Connection is not available, request timed out after 30003ms.
	at com.zaxxer.hikari.pool.HikariPool.createTimeoutException(HikariPool.java:696)
	at com.zaxxer.hikari.pool.HikariPool.getConnection(HikariPool.java:181)
	at com.zaxxer.hikari.pool.HikariPool.getConnection(HikariPool.java:146)
	at com.zaxxer.hikari.HikariDataSource.getConnection(HikariDataSource.java:100)
	at ru.mai.lessons.rpks.impl.DbReaderImpl.getConnection(DbReaderImpl.java:36)
	at ru.mai.lessons.rpks.impl.DbReaderImpl.readRulesFromDB(DbReaderImpl.java:44)
	at ru.mai.lessons.rpks.impl.RulesUpdaterImpl.run(RulesUpdaterImpl.java:19)
	at java.base/java.util.concurrent.Executors$RunnableAdapter.call(Executors.java:577)
	at java.base/java.util.concurrent.FutureTask.runAndReset(FutureTask.java:358)
	at java.base/java.util.concurrent.ScheduledThreadPoolExecutor$ScheduledFutureTask.run(ScheduledThreadPoolExecutor.java:305)
	at java.base/java.util.concurrent.ThreadPoolExecutor.runWorker(ThreadPoolExecutor.java:1144)
	at java.base/java.util.concurrent.ThreadPoolExecutor$Worker.run(ThreadPoolExecutor.java:642)
	at java.base/java.lang.Thread.run(Thread.java:1589)
Caused by: org.postgresql.util.PSQLException: Подсоединение по адресу localhost:62746 отклонено. Проверьте что хост и порт указаны правильно и что postmaster принимает TCP/IP-подсоединения.
	at org.postgresql.core.v3.ConnectionFactoryImpl.openConnectionImpl(ConnectionFactoryImpl.java:342)
	at org.postgresql.core.ConnectionFactory.openConnection(ConnectionFactory.java:54)
	at org.postgresql.jdbc.PgConnection.<init>(PgConnection.java:253)
	at org.postgresql.Driver.makeConnection(Driver.java:434)
	at org.postgresql.Driver.connect(Driver.java:291)
	at com.zaxxer.hikari.util.DriverDataSource.getConnection(DriverDataSource.java:138)
	at com.zaxxer.hikari.pool.PoolBase.newConnection(PoolBase.java:359)
	at com.zaxxer.hikari.pool.PoolBase.newPoolEntry(PoolBase.java:201)
	at com.zaxxer.hikari.pool.HikariPool.createPoolEntry(HikariPool.java:470)
	at com.zaxxer.hikari.pool.HikariPool$PoolEntryCreator.call(HikariPool.java:733)
	at com.zaxxer.hikari.pool.HikariPool$PoolEntryCreator.call(HikariPool.java:712)
	at java.base/java.util.concurrent.FutureTask.run(FutureTask.java:317)
	... 3 more
Caused by: java.net.ConnectException: Connection refused: no further information
	at java.base/sun.nio.ch.Net.pollConnect(Native Method)
	at java.base/sun.nio.ch.Net.pollConnectNow(Net.java:672)
	at java.base/sun.nio.ch.NioSocketImpl.timedFinishConnect(NioSocketImpl.java:535)
	at java.base/sun.nio.ch.NioSocketImpl.connect(NioSocketImpl.java:585)
	at java.base/java.net.SocksSocketImpl.connect(SocksSocketImpl.java:327)
	at java.base/java.net.Socket.connect(Socket.java:666)
	at org.postgresql.core.PGStream.createSocket(PGStream.java:243)
	at org.postgresql.core.PGStream.<init>(PGStream.java:98)
	at org.postgresql.core.v3.ConnectionFactoryImpl.tryConnect(ConnectionFactoryImpl.java:132)
	at org.postgresql.core.v3.ConnectionFactoryImpl.openConnectionImpl(ConnectionFactoryImpl.java:258)
	... 14 more
java.sql.SQLTransientConnectionException: HikariPool-6 - Connection is not available, request timed out after 30007ms.
	at com.zaxxer.hikari.pool.HikariPool.createTimeoutException(HikariPool.java:696)
	at com.zaxxer.hikari.pool.HikariPool.getConnection(HikariPool.java:181)
	at com.zaxxer.hikari.pool.HikariPool.getConnection(HikariPool.java:146)
	at com.zaxxer.hikari.HikariDataSource.getConnection(HikariDataSource.java:100)
	at ru.mai.lessons.rpks.impl.DbReaderImpl.getConnection(DbReaderImpl.java:36)
	at ru.mai.lessons.rpks.impl.DbReaderImpl.readRulesFromDB(DbReaderImpl.java:44)
	at ru.mai.lessons.rpks.impl.RulesUpdaterImpl.run(RulesUpdaterImpl.java:19)
	at java.base/java.util.concurrent.Executors$RunnableAdapter.call(Executors.java:577)
	at java.base/java.util.concurrent.FutureTask.runAndReset(FutureTask.java:358)
	at java.base/java.util.concurrent.ScheduledThreadPoolExecutor$ScheduledFutureTask.run(ScheduledThreadPoolExecutor.java:305)
	at java.base/java.util.concurrent.ThreadPoolExecutor.runWorker(ThreadPoolExecutor.java:1144)
	at java.base/java.util.concurrent.ThreadPoolExecutor$Worker.run(ThreadPoolExecutor.java:642)
	at java.base/java.lang.Thread.run(Thread.java:1589)
Caused by: org.postgresql.util.PSQLException: Подсоединение по адресу localhost:62870 отклонено. Проверьте что хост и порт указаны правильно и что postmaster принимает TCP/IP-подсоединения.
	at org.postgresql.core.v3.ConnectionFactoryImpl.openConnectionImpl(ConnectionFactoryImpl.java:342)
	at org.postgresql.core.ConnectionFactory.openConnection(ConnectionFactory.java:54)
	at org.postgresql.jdbc.PgConnection.<init>(PgConnection.java:253)
	at org.postgresql.Driver.makeConnection(Driver.java:434)
	at org.postgresql.Driver.connect(Driver.java:291)
	at com.zaxxer.hikari.util.DriverDataSource.getConnection(DriverDataSource.java:138)
	at com.zaxxer.hikari.pool.PoolBase.newConnection(PoolBase.java:359)
	at com.zaxxer.hikari.pool.PoolBase.newPoolEntry(PoolBase.java:201)
	at com.zaxxer.hikari.pool.HikariPool.createPoolEntry(HikariPool.java:470)
	at com.zaxxer.hikari.pool.HikariPool$PoolEntryCreator.call(HikariPool.java:733)
	at com.zaxxer.hikari.pool.HikariPool$PoolEntryCreator.call(HikariPool.java:712)
	at java.base/java.util.concurrent.FutureTask.run(FutureTask.java:317)
	... 3 more
Caused by: java.net.ConnectException: Connection refused: no further information
	at java.base/sun.nio.ch.Net.pollConnect(Native Method)
	at java.base/sun.nio.ch.Net.pollConnectNow(Net.java:672)
	at java.base/sun.nio.ch.NioSocketImpl.timedFinishConnect(NioSocketImpl.java:535)
	at java.base/sun.nio.ch.NioSocketImpl.connect(NioSocketImpl.java:585)
	at java.base/java.net.SocksSocketImpl.connect(SocksSocketImpl.java:327)
	at java.base/java.net.Socket.connect(Socket.java:666)
	at org.postgresql.core.PGStream.createSocket(PGStream.java:243)
	at org.postgresql.core.PGStream.<init>(PGStream.java:98)
	at org.postgresql.core.v3.ConnectionFactoryImpl.tryConnect(ConnectionFactoryImpl.java:132)
	at org.postgresql.core.v3.ConnectionFactoryImpl.openConnectionImpl(ConnectionFactoryImpl.java:258)
	... 14 more
java.sql.SQLTransientConnectionException: HikariPool-2 - Connection is not available, request timed out after 30000ms.
	at com.zaxxer.hikari.pool.HikariPool.createTimeoutException(HikariPool.java:696)
	at com.zaxxer.hikari.pool.HikariPool.getConnection(HikariPool.java:181)
	at com.zaxxer.hikari.pool.HikariPool.getConnection(HikariPool.java:146)
	at com.zaxxer.hikari.HikariDataSource.getConnection(HikariDataSource.java:100)
	at ru.mai.lessons.rpks.impl.DbReaderImpl.getConnection(DbReaderImpl.java:36)
	at ru.mai.lessons.rpks.impl.DbReaderImpl.readRulesFromDB(DbReaderImpl.java:44)
	at ru.mai.lessons.rpks.impl.RulesUpdaterImpl.run(RulesUpdaterImpl.java:19)
	at java.base/java.util.concurrent.Executors$RunnableAdapter.call(Executors.java:577)
	at java.base/java.util.concurrent.FutureTask.runAndReset(FutureTask.java:358)
	at java.base/java.util.concurrent.ScheduledThreadPoolExecutor$ScheduledFutureTask.run(ScheduledThreadPoolExecutor.java:305)
	at java.base/java.util.concurrent.ThreadPoolExecutor.runWorker(ThreadPoolExecutor.java:1144)
	at java.base/java.util.concurrent.ThreadPoolExecutor$Worker.run(ThreadPoolExecutor.java:642)
	at java.base/java.lang.Thread.run(Thread.java:1589)
Caused by: org.postgresql.util.PSQLException: Подсоединение по адресу localhost:62695 отклонено. Проверьте что хост и порт указаны правильно и что postmaster принимает TCP/IP-подсоединения.
	at org.postgresql.core.v3.ConnectionFactoryImpl.openConnectionImpl(ConnectionFactoryImpl.java:342)
	at org.postgresql.core.ConnectionFactory.openConnection(ConnectionFactory.java:54)
	at org.postgresql.jdbc.PgConnection.<init>(PgConnection.java:253)
	at org.postgresql.Driver.makeConnection(Driver.java:434)
	at org.postgresql.Driver.connect(Driver.java:291)
	at com.zaxxer.hikari.util.DriverDataSource.getConnection(DriverDataSource.java:138)
	at com.zaxxer.hikari.pool.PoolBase.newConnection(PoolBase.java:359)
	at com.zaxxer.hikari.pool.PoolBase.newPoolEntry(PoolBase.java:201)
	at com.zaxxer.hikari.pool.HikariPool.createPoolEntry(HikariPool.java:470)
	at com.zaxxer.hikari.pool.HikariPool$PoolEntryCreator.call(HikariPool.java:733)
	at com.zaxxer.hikari.pool.HikariPool$PoolEntryCreator.call(HikariPool.java:712)
	at java.base/java.util.concurrent.FutureTask.run(FutureTask.java:317)
	... 3 more
Caused by: java.net.ConnectException: Connection refused: no further information
	at java.base/sun.nio.ch.Net.pollConnect(Native Method)
	at java.base/sun.nio.ch.Net.pollConnectNow(Net.java:672)
	at java.base/sun.nio.ch.NioSocketImpl.timedFinishConnect(NioSocketImpl.java:535)
	at java.base/sun.nio.ch.NioSocketImpl.connect(NioSocketImpl.java:585)
	at java.base/java.net.SocksSocketImpl.connect(SocksSocketImpl.java:327)
	at java.base/java.net.Socket.connect(Socket.java:666)
	at org.postgresql.core.PGStream.createSocket(PGStream.java:243)
	at org.postgresql.core.PGStream.<init>(PGStream.java:98)
	at org.postgresql.core.v3.ConnectionFactoryImpl.tryConnect(ConnectionFactoryImpl.java:132)
	at org.postgresql.core.v3.ConnectionFactoryImpl.openConnectionImpl(ConnectionFactoryImpl.java:258)
	... 14 more
java.sql.SQLTransientConnectionException: HikariPool-4 - Connection is not available, request timed out after 30006ms.
	at com.zaxxer.hikari.pool.HikariPool.createTimeoutException(HikariPool.java:696)
	at com.zaxxer.hikari.pool.HikariPool.getConnection(HikariPool.java:181)
	at com.zaxxer.hikari.pool.HikariPool.getConnection(HikariPool.java:146)
	at com.zaxxer.hikari.HikariDataSource.getConnection(HikariDataSource.java:100)
	at ru.mai.lessons.rpks.impl.DbReaderImpl.getConnection(DbReaderImpl.java:36)
	at ru.mai.lessons.rpks.impl.DbReaderImpl.readRulesFromDB(DbReaderImpl.java:44)
	at ru.mai.lessons.rpks.impl.RulesUpdaterImpl.run(RulesUpdaterImpl.java:19)
	at java.base/java.util.concurrent.Executors$RunnableAdapter.call(Executors.java:577)
	at java.base/java.util.concurrent.FutureTask.runAndReset(FutureTask.java:358)
	at java.base/java.util.concurrent.ScheduledThreadPoolExecutor$ScheduledFutureTask.run(ScheduledThreadPoolExecutor.java:305)
	at java.base/java.util.concurrent.ThreadPoolExecutor.runWorker(ThreadPoolExecutor.java:1144)
	at java.base/java.util.concurrent.ThreadPoolExecutor$Worker.run(ThreadPoolExecutor.java:642)
	at java.base/java.lang.Thread.run(Thread.java:1589)
Caused by: org.postgresql.util.PSQLException: Подсоединение по адресу localhost:62746 отклонено. Проверьте что хост и порт указаны правильно и что postmaster принимает TCP/IP-подсоединения.
	at org.postgresql.core.v3.ConnectionFactoryImpl.openConnectionImpl(ConnectionFactoryImpl.java:342)
	at org.postgresql.core.ConnectionFactory.openConnection(ConnectionFactory.java:54)
	at org.postgresql.jdbc.PgConnection.<init>(PgConnection.java:253)
	at org.postgresql.Driver.makeConnection(Driver.java:434)
	at org.postgresql.Driver.connect(Driver.java:291)
	at com.zaxxer.hikari.util.DriverDataSource.getConnection(DriverDataSource.java:138)
	at com.zaxxer.hikari.pool.PoolBase.newConnection(PoolBase.java:359)
	at com.zaxxer.hikari.pool.PoolBase.newPoolEntry(PoolBase.java:201)
	at com.zaxxer.hikari.pool.HikariPool.createPoolEntry(HikariPool.java:470)
	at com.zaxxer.hikari.pool.HikariPool$PoolEntryCreator.call(HikariPool.java:733)
	at com.zaxxer.hikari.pool.HikariPool$PoolEntryCreator.call(HikariPool.java:712)
	at java.base/java.util.concurrent.FutureTask.run(FutureTask.java:317)
	... 3 more
Caused by: java.net.ConnectException: Connection refused: no further information
	at java.base/sun.nio.ch.Net.pollConnect(Native Method)
	at java.base/sun.nio.ch.Net.pollConnectNow(Net.java:672)
	at java.base/sun.nio.ch.NioSocketImpl.timedFinishConnect(NioSocketImpl.java:535)
	at java.base/sun.nio.ch.NioSocketImpl.connect(NioSocketImpl.java:585)
	at java.base/java.net.SocksSocketImpl.connect(SocksSocketImpl.java:327)
	at java.base/java.net.Socket.connect(Socket.java:666)
	at org.postgresql.core.PGStream.createSocket(PGStream.java:243)
	at org.postgresql.core.PGStream.<init>(PGStream.java:98)
	at org.postgresql.core.v3.ConnectionFactoryImpl.tryConnect(ConnectionFactoryImpl.java:132)
	at org.postgresql.core.v3.ConnectionFactoryImpl.openConnectionImpl(ConnectionFactoryImpl.java:258)
	... 14 more
java.sql.SQLTransientConnectionException: HikariPool-8 - Connection is not available, request timed out after 30013ms.
	at com.zaxxer.hikari.pool.HikariPool.createTimeoutException(HikariPool.java:696)
	at com.zaxxer.hikari.pool.HikariPool.getConnection(HikariPool.java:181)
	at com.zaxxer.hikari.pool.HikariPool.getConnection(HikariPool.java:146)
	at com.zaxxer.hikari.HikariDataSource.getConnection(HikariDataSource.java:100)
	at ru.mai.lessons.rpks.impl.DbReaderImpl.getConnection(DbReaderImpl.java:36)
	at ru.mai.lessons.rpks.impl.DbReaderImpl.readRulesFromDB(DbReaderImpl.java:44)
	at ru.mai.lessons.rpks.impl.RulesUpdaterImpl.run(RulesUpdaterImpl.java:19)
	at java.base/java.util.concurrent.Executors$RunnableAdapter.call(Executors.java:577)
	at java.base/java.util.concurrent.FutureTask.runAndReset(FutureTask.java:358)
	at java.base/java.util.concurrent.ScheduledThreadPoolExecutor$ScheduledFutureTask.run(ScheduledThreadPoolExecutor.java:305)
	at java.base/java.util.concurrent.ThreadPoolExecutor.runWorker(ThreadPoolExecutor.java:1144)
	at java.base/java.util.concurrent.ThreadPoolExecutor$Worker.run(ThreadPoolExecutor.java:642)
	at java.base/java.lang.Thread.run(Thread.java:1589)
Caused by: org.postgresql.util.PSQLException: Подсоединение по адресу localhost:62974 отклонено. Проверьте что хост и порт указаны правильно и что postmaster принимает TCP/IP-подсоединения.
	at org.postgresql.core.v3.ConnectionFactoryImpl.openConnectionImpl(ConnectionFactoryImpl.java:342)
	at org.postgresql.core.ConnectionFactory.openConnection(ConnectionFactory.java:54)
	at org.postgresql.jdbc.PgConnection.<init>(PgConnection.java:253)
	at org.postgresql.Driver.makeConnection(Driver.java:434)
	at org.postgresql.Driver.connect(Driver.java:291)
	at com.zaxxer.hikari.util.DriverDataSource.getConnection(DriverDataSource.java:138)
	at com.zaxxer.hikari.pool.PoolBase.newConnection(PoolBase.java:359)
	at com.zaxxer.hikari.pool.PoolBase.newPoolEntry(PoolBase.java:201)
	at com.zaxxer.hikari.pool.HikariPool.createPoolEntry(HikariPool.java:470)
	at com.zaxxer.hikari.pool.HikariPool$PoolEntryCreator.call(HikariPool.java:733)
	at com.zaxxer.hikari.pool.HikariPool$PoolEntryCreator.call(HikariPool.java:712)
	at java.base/java.util.concurrent.FutureTask.run(FutureTask.java:317)
	... 3 more
Caused by: java.net.ConnectException: Connection refused: no further information
	at java.base/sun.nio.ch.Net.pollConnect(Native Method)
	at java.base/sun.nio.ch.Net.pollConnectNow(Net.java:672)
	at java.base/sun.nio.ch.NioSocketImpl.timedFinishConnect(NioSocketImpl.java:535)
	at java.base/sun.nio.ch.NioSocketImpl.connect(NioSocketImpl.java:585)
	at java.base/java.net.SocksSocketImpl.connect(SocksSocketImpl.java:327)
	at java.base/java.net.Socket.connect(Socket.java:666)
	at org.postgresql.core.PGStream.createSocket(PGStream.java:243)
	at org.postgresql.core.PGStream.<init>(PGStream.java:98)
	at org.postgresql.core.v3.ConnectionFactoryImpl.tryConnect(ConnectionFactoryImpl.java:132)
	at org.postgresql.core.v3.ConnectionFactoryImpl.openConnectionImpl(ConnectionFactoryImpl.java:258)
	... 14 more
java.sql.SQLTransientConnectionException: HikariPool-6 - Connection is not available, request timed out after 30000ms.
	at com.zaxxer.hikari.pool.HikariPool.createTimeoutException(HikariPool.java:696)
	at com.zaxxer.hikari.pool.HikariPool.getConnection(HikariPool.java:181)
	at com.zaxxer.hikari.pool.HikariPool.getConnection(HikariPool.java:146)
	at com.zaxxer.hikari.HikariDataSource.getConnection(HikariDataSource.java:100)
	at ru.mai.lessons.rpks.impl.DbReaderImpl.getConnection(DbReaderImpl.java:36)
	at ru.mai.lessons.rpks.impl.DbReaderImpl.readRulesFromDB(DbReaderImpl.java:44)
	at ru.mai.lessons.rpks.impl.RulesUpdaterImpl.run(RulesUpdaterImpl.java:19)
	at java.base/java.util.concurrent.Executors$RunnableAdapter.call(Executors.java:577)
	at java.base/java.util.concurrent.FutureTask.runAndReset(FutureTask.java:358)
	at java.base/java.util.concurrent.ScheduledThreadPoolExecutor$ScheduledFutureTask.run(ScheduledThreadPoolExecutor.java:305)
	at java.base/java.util.concurrent.ThreadPoolExecutor.runWorker(ThreadPoolExecutor.java:1144)
	at java.base/java.util.concurrent.ThreadPoolExecutor$Worker.run(ThreadPoolExecutor.java:642)
	at java.base/java.lang.Thread.run(Thread.java:1589)
Caused by: org.postgresql.util.PSQLException: Подсоединение по адресу localhost:62870 отклонено. Проверьте что хост и порт указаны правильно и что postmaster принимает TCP/IP-подсоединения.
	at org.postgresql.core.v3.ConnectionFactoryImpl.openConnectionImpl(ConnectionFactoryImpl.java:342)
	at org.postgresql.core.ConnectionFactory.openConnection(ConnectionFactory.java:54)
	at org.postgresql.jdbc.PgConnection.<init>(PgConnection.java:253)
	at org.postgresql.Driver.makeConnection(Driver.java:434)
	at org.postgresql.Driver.connect(Driver.java:291)
	at com.zaxxer.hikari.util.DriverDataSource.getConnection(DriverDataSource.java:138)
	at com.zaxxer.hikari.pool.PoolBase.newConnection(PoolBase.java:359)
	at com.zaxxer.hikari.pool.PoolBase.newPoolEntry(PoolBase.java:201)
	at com.zaxxer.hikari.pool.HikariPool.createPoolEntry(HikariPool.java:470)
	at com.zaxxer.hikari.pool.HikariPool$PoolEntryCreator.call(HikariPool.java:733)
	at com.zaxxer.hikari.pool.HikariPool$PoolEntryCreator.call(HikariPool.java:712)
	at java.base/java.util.concurrent.FutureTask.run(FutureTask.java:317)
	... 3 more
Caused by: java.net.ConnectException: Connection refused: no further information
	at java.base/sun.nio.ch.Net.pollConnect(Native Method)
	at java.base/sun.nio.ch.Net.pollConnectNow(Net.java:672)
	at java.base/sun.nio.ch.NioSocketImpl.timedFinishConnect(NioSocketImpl.java:535)
	at java.base/sun.nio.ch.NioSocketImpl.connect(NioSocketImpl.java:585)
	at java.base/java.net.SocksSocketImpl.connect(SocksSocketImpl.java:327)
	at java.base/java.net.Socket.connect(Socket.java:666)
	at org.postgresql.core.PGStream.createSocket(PGStream.java:243)
	at org.postgresql.core.PGStream.<init>(PGStream.java:98)
	at org.postgresql.core.v3.ConnectionFactoryImpl.tryConnect(ConnectionFactoryImpl.java:132)
	at org.postgresql.core.v3.ConnectionFactoryImpl.openConnectionImpl(ConnectionFactoryImpl.java:258)
	... 14 more
java.sql.SQLTransientConnectionException: HikariPool-10 - Connection is not available, request timed out after 30012ms.
	at com.zaxxer.hikari.pool.HikariPool.createTimeoutException(HikariPool.java:696)
	at com.zaxxer.hikari.pool.HikariPool.getConnection(HikariPool.java:181)
	at com.zaxxer.hikari.pool.HikariPool.getConnection(HikariPool.java:146)
	at com.zaxxer.hikari.HikariDataSource.getConnection(HikariDataSource.java:100)
	at ru.mai.lessons.rpks.impl.DbReaderImpl.getConnection(DbReaderImpl.java:36)
	at ru.mai.lessons.rpks.impl.DbReaderImpl.readRulesFromDB(DbReaderImpl.java:44)
	at ru.mai.lessons.rpks.impl.RulesUpdaterImpl.run(RulesUpdaterImpl.java:19)
	at java.base/java.util.concurrent.Executors$RunnableAdapter.call(Executors.java:577)
	at java.base/java.util.concurrent.FutureTask.runAndReset(FutureTask.java:358)
	at java.base/java.util.concurrent.ScheduledThreadPoolExecutor$ScheduledFutureTask.run(ScheduledThreadPoolExecutor.java:305)
	at java.base/java.util.concurrent.ThreadPoolExecutor.runWorker(ThreadPoolExecutor.java:1144)
	at java.base/java.util.concurrent.ThreadPoolExecutor$Worker.run(ThreadPoolExecutor.java:642)
	at java.base/java.lang.Thread.run(Thread.java:1589)
Caused by: org.postgresql.util.PSQLException: Подсоединение по адресу localhost:63236 отклонено. Проверьте что хост и порт указаны правильно и что postmaster принимает TCP/IP-подсоединения.
	at org.postgresql.core.v3.ConnectionFactoryImpl.openConnectionImpl(ConnectionFactoryImpl.java:342)
	at org.postgresql.core.ConnectionFactory.openConnection(ConnectionFactory.java:54)
	at org.postgresql.jdbc.PgConnection.<init>(PgConnection.java:253)
	at org.postgresql.Driver.makeConnection(Driver.java:434)
	at org.postgresql.Driver.connect(Driver.java:291)
	at com.zaxxer.hikari.util.DriverDataSource.getConnection(DriverDataSource.java:138)
	at com.zaxxer.hikari.pool.PoolBase.newConnection(PoolBase.java:359)
	at com.zaxxer.hikari.pool.PoolBase.newPoolEntry(PoolBase.java:201)
	at com.zaxxer.hikari.pool.HikariPool.createPoolEntry(HikariPool.java:470)
	at com.zaxxer.hikari.pool.HikariPool$PoolEntryCreator.call(HikariPool.java:733)
	at com.zaxxer.hikari.pool.HikariPool$PoolEntryCreator.call(HikariPool.java:712)
	at java.base/java.util.concurrent.FutureTask.run(FutureTask.java:317)
	... 3 more
Caused by: java.net.ConnectException: Connection refused: no further information
	at java.base/sun.nio.ch.Net.pollConnect(Native Method)
	at java.base/sun.nio.ch.Net.pollConnectNow(Net.java:672)
	at java.base/sun.nio.ch.NioSocketImpl.timedFinishConnect(NioSocketImpl.java:535)
	at java.base/sun.nio.ch.NioSocketImpl.connect(NioSocketImpl.java:585)
	at java.base/java.net.SocksSocketImpl.connect(SocksSocketImpl.java:327)
	at java.base/java.net.Socket.connect(Socket.java:666)
	at org.postgresql.core.PGStream.createSocket(PGStream.java:243)
	at org.postgresql.core.PGStream.<init>(PGStream.java:98)
	at org.postgresql.core.v3.ConnectionFactoryImpl.tryConnect(ConnectionFactoryImpl.java:132)
	at org.postgresql.core.v3.ConnectionFactoryImpl.openConnectionImpl(ConnectionFactoryImpl.java:258)
	... 14 more
java.sql.SQLTransientConnectionException: HikariPool-2 - Connection is not available, request timed out after 30001ms.
	at com.zaxxer.hikari.pool.HikariPool.createTimeoutException(HikariPool.java:696)
	at com.zaxxer.hikari.pool.HikariPool.getConnection(HikariPool.java:181)
	at com.zaxxer.hikari.pool.HikariPool.getConnection(HikariPool.java:146)
	at com.zaxxer.hikari.HikariDataSource.getConnection(HikariDataSource.java:100)
	at ru.mai.lessons.rpks.impl.DbReaderImpl.getConnection(DbReaderImpl.java:36)
	at ru.mai.lessons.rpks.impl.DbReaderImpl.readRulesFromDB(DbReaderImpl.java:44)
	at ru.mai.lessons.rpks.impl.RulesUpdaterImpl.run(RulesUpdaterImpl.java:19)
	at java.base/java.util.concurrent.Executors$RunnableAdapter.call(Executors.java:577)
	at java.base/java.util.concurrent.FutureTask.runAndReset(FutureTask.java:358)
	at java.base/java.util.concurrent.ScheduledThreadPoolExecutor$ScheduledFutureTask.run(ScheduledThreadPoolExecutor.java:305)
	at java.base/java.util.concurrent.ThreadPoolExecutor.runWorker(ThreadPoolExecutor.java:1144)
	at java.base/java.util.concurrent.ThreadPoolExecutor$Worker.run(ThreadPoolExecutor.java:642)
	at java.base/java.lang.Thread.run(Thread.java:1589)
Caused by: org.postgresql.util.PSQLException: Подсоединение по адресу localhost:62695 отклонено. Проверьте что хост и порт указаны правильно и что postmaster принимает TCP/IP-подсоединения.
	at org.postgresql.core.v3.ConnectionFactoryImpl.openConnectionImpl(ConnectionFactoryImpl.java:342)
	at org.postgresql.core.ConnectionFactory.openConnection(ConnectionFactory.java:54)
	at org.postgresql.jdbc.PgConnection.<init>(PgConnection.java:253)
	at org.postgresql.Driver.makeConnection(Driver.java:434)
	at org.postgresql.Driver.connect(Driver.java:291)
	at com.zaxxer.hikari.util.DriverDataSource.getConnection(DriverDataSource.java:138)
	at com.zaxxer.hikari.pool.PoolBase.newConnection(PoolBase.java:359)
	at com.zaxxer.hikari.pool.PoolBase.newPoolEntry(PoolBase.java:201)
	at com.zaxxer.hikari.pool.HikariPool.createPoolEntry(HikariPool.java:470)
	at com.zaxxer.hikari.pool.HikariPool$PoolEntryCreator.call(HikariPool.java:733)
	at com.zaxxer.hikari.pool.HikariPool$PoolEntryCreator.call(HikariPool.java:712)
	at java.base/java.util.concurrent.FutureTask.run(FutureTask.java:317)
	... 3 more
Caused by: java.net.ConnectException: Connection refused: no further information
	at java.base/sun.nio.ch.Net.pollConnect(Native Method)
	at java.base/sun.nio.ch.Net.pollConnectNow(Net.java:672)
	at java.base/sun.nio.ch.NioSocketImpl.timedFinishConnect(NioSocketImpl.java:535)
	at java.base/sun.nio.ch.NioSocketImpl.connect(NioSocketImpl.java:585)
	at java.base/java.net.SocksSocketImpl.connect(SocksSocketImpl.java:327)
	at java.base/java.net.Socket.connect(Socket.java:666)
	at org.postgresql.core.PGStream.createSocket(PGStream.java:243)
	at org.postgresql.core.PGStream.<init>(PGStream.java:98)
	at org.postgresql.core.v3.ConnectionFactoryImpl.tryConnect(ConnectionFactoryImpl.java:132)
	at org.postgresql.core.v3.ConnectionFactoryImpl.openConnectionImpl(ConnectionFactoryImpl.java:258)
	... 14 more
java.sql.SQLTransientConnectionException: HikariPool-4 - Connection is not available, request timed out after 30005ms.
	at com.zaxxer.hikari.pool.HikariPool.createTimeoutException(HikariPool.java:696)
	at com.zaxxer.hikari.pool.HikariPool.getConnection(HikariPool.java:181)
	at com.zaxxer.hikari.pool.HikariPool.getConnection(HikariPool.java:146)
	at com.zaxxer.hikari.HikariDataSource.getConnection(HikariDataSource.java:100)
	at ru.mai.lessons.rpks.impl.DbReaderImpl.getConnection(DbReaderImpl.java:36)
	at ru.mai.lessons.rpks.impl.DbReaderImpl.readRulesFromDB(DbReaderImpl.java:44)
	at ru.mai.lessons.rpks.impl.RulesUpdaterImpl.run(RulesUpdaterImpl.java:19)
	at java.base/java.util.concurrent.Executors$RunnableAdapter.call(Executors.java:577)
	at java.base/java.util.concurrent.FutureTask.runAndReset(FutureTask.java:358)
	at java.base/java.util.concurrent.ScheduledThreadPoolExecutor$ScheduledFutureTask.run(ScheduledThreadPoolExecutor.java:305)
	at java.base/java.util.concurrent.ThreadPoolExecutor.runWorker(ThreadPoolExecutor.java:1144)
	at java.base/java.util.concurrent.ThreadPoolExecutor$Worker.run(ThreadPoolExecutor.java:642)
	at java.base/java.lang.Thread.run(Thread.java:1589)
Caused by: org.postgresql.util.PSQLException: Подсоединение по адресу localhost:62746 отклонено. Проверьте что хост и порт указаны правильно и что postmaster принимает TCP/IP-подсоединения.
	at org.postgresql.core.v3.ConnectionFactoryImpl.openConnectionImpl(ConnectionFactoryImpl.java:342)
	at org.postgresql.core.ConnectionFactory.openConnection(ConnectionFactory.java:54)
	at org.postgresql.jdbc.PgConnection.<init>(PgConnection.java:253)
	at org.postgresql.Driver.makeConnection(Driver.java:434)
	at org.postgresql.Driver.connect(Driver.java:291)
	at com.zaxxer.hikari.util.DriverDataSource.getConnection(DriverDataSource.java:138)
	at com.zaxxer.hikari.pool.PoolBase.newConnection(PoolBase.java:359)
	at com.zaxxer.hikari.pool.PoolBase.newPoolEntry(PoolBase.java:201)
	at com.zaxxer.hikari.pool.HikariPool.createPoolEntry(HikariPool.java:470)
	at com.zaxxer.hikari.pool.HikariPool$PoolEntryCreator.call(HikariPool.java:733)
	at com.zaxxer.hikari.pool.HikariPool$PoolEntryCreator.call(HikariPool.java:712)
	at java.base/java.util.concurrent.FutureTask.run(FutureTask.java:317)
	... 3 more
Caused by: java.net.ConnectException: Connection refused: no further information
	at java.base/sun.nio.ch.Net.pollConnect(Native Method)
	at java.base/sun.nio.ch.Net.pollConnectNow(Net.java:672)
	at java.base/sun.nio.ch.NioSocketImpl.timedFinishConnect(NioSocketImpl.java:535)
	at java.base/sun.nio.ch.NioSocketImpl.connect(NioSocketImpl.java:585)
	at java.base/java.net.SocksSocketImpl.connect(SocksSocketImpl.java:327)
	at java.base/java.net.Socket.connect(Socket.java:666)
	at org.postgresql.core.PGStream.createSocket(PGStream.java:243)
	at org.postgresql.core.PGStream.<init>(PGStream.java:98)
	at org.postgresql.core.v3.ConnectionFactoryImpl.tryConnect(ConnectionFactoryImpl.java:132)
	at org.postgresql.core.v3.ConnectionFactoryImpl.openConnectionImpl(ConnectionFactoryImpl.java:258)
	... 14 more
java.sql.SQLTransientConnectionException: HikariPool-8 - Connection is not available, request timed out after 30013ms.
	at com.zaxxer.hikari.pool.HikariPool.createTimeoutException(HikariPool.java:696)
	at com.zaxxer.hikari.pool.HikariPool.getConnection(HikariPool.java:181)
	at com.zaxxer.hikari.pool.HikariPool.getConnection(HikariPool.java:146)
	at com.zaxxer.hikari.HikariDataSource.getConnection(HikariDataSource.java:100)
	at ru.mai.lessons.rpks.impl.DbReaderImpl.getConnection(DbReaderImpl.java:36)
	at ru.mai.lessons.rpks.impl.DbReaderImpl.readRulesFromDB(DbReaderImpl.java:44)
	at ru.mai.lessons.rpks.impl.RulesUpdaterImpl.run(RulesUpdaterImpl.java:19)
	at java.base/java.util.concurrent.Executors$RunnableAdapter.call(Executors.java:577)
	at java.base/java.util.concurrent.FutureTask.runAndReset(FutureTask.java:358)
	at java.base/java.util.concurrent.ScheduledThreadPoolExecutor$ScheduledFutureTask.run(ScheduledThreadPoolExecutor.java:305)
	at java.base/java.util.concurrent.ThreadPoolExecutor.runWorker(ThreadPoolExecutor.java:1144)
	at java.base/java.util.concurrent.ThreadPoolExecutor$Worker.run(ThreadPoolExecutor.java:642)
	at java.base/java.lang.Thread.run(Thread.java:1589)
Caused by: org.postgresql.util.PSQLException: Подсоединение по адресу localhost:62974 отклонено. Проверьте что хост и порт указаны правильно и что postmaster принимает TCP/IP-подсоединения.
	at org.postgresql.core.v3.ConnectionFactoryImpl.openConnectionImpl(ConnectionFactoryImpl.java:342)
	at org.postgresql.core.ConnectionFactory.openConnection(ConnectionFactory.java:54)
	at org.postgresql.jdbc.PgConnection.<init>(PgConnection.java:253)
	at org.postgresql.Driver.makeConnection(Driver.java:434)
	at org.postgresql.Driver.connect(Driver.java:291)
	at com.zaxxer.hikari.util.DriverDataSource.getConnection(DriverDataSource.java:138)
	at com.zaxxer.hikari.pool.PoolBase.newConnection(PoolBase.java:359)
	at com.zaxxer.hikari.pool.PoolBase.newPoolEntry(PoolBase.java:201)
	at com.zaxxer.hikari.pool.HikariPool.createPoolEntry(HikariPool.java:470)
	at com.zaxxer.hikari.pool.HikariPool$PoolEntryCreator.call(HikariPool.java:733)
	at com.zaxxer.hikari.pool.HikariPool$PoolEntryCreator.call(HikariPool.java:712)
	at java.base/java.util.concurrent.FutureTask.run(FutureTask.java:317)
	... 3 more
Caused by: java.net.ConnectException: Connection refused: no further information
	at java.base/sun.nio.ch.Net.pollConnect(Native Method)
	at java.base/sun.nio.ch.Net.pollConnectNow(Net.java:672)
	at java.base/sun.nio.ch.NioSocketImpl.timedFinishConnect(NioSocketImpl.java:535)
	at java.base/sun.nio.ch.NioSocketImpl.connect(NioSocketImpl.java:585)
	at java.base/java.net.SocksSocketImpl.connect(SocksSocketImpl.java:327)
	at java.base/java.net.Socket.connect(Socket.java:666)
	at org.postgresql.core.PGStream.createSocket(PGStream.java:243)
	at org.postgresql.core.PGStream.<init>(PGStream.java:98)
	at org.postgresql.core.v3.ConnectionFactoryImpl.tryConnect(ConnectionFactoryImpl.java:132)
	at org.postgresql.core.v3.ConnectionFactoryImpl.openConnectionImpl(ConnectionFactoryImpl.java:258)
	... 14 more
java.sql.SQLTransientConnectionException: HikariPool-6 - Connection is not available, request timed out after 30010ms.
	at com.zaxxer.hikari.pool.HikariPool.createTimeoutException(HikariPool.java:696)
	at com.zaxxer.hikari.pool.HikariPool.getConnection(HikariPool.java:181)
	at com.zaxxer.hikari.pool.HikariPool.getConnection(HikariPool.java:146)
	at com.zaxxer.hikari.HikariDataSource.getConnection(HikariDataSource.java:100)
	at ru.mai.lessons.rpks.impl.DbReaderImpl.getConnection(DbReaderImpl.java:36)
	at ru.mai.lessons.rpks.impl.DbReaderImpl.readRulesFromDB(DbReaderImpl.java:44)
	at ru.mai.lessons.rpks.impl.RulesUpdaterImpl.run(RulesUpdaterImpl.java:19)
	at java.base/java.util.concurrent.Executors$RunnableAdapter.call(Executors.java:577)
	at java.base/java.util.concurrent.FutureTask.runAndReset(FutureTask.java:358)
	at java.base/java.util.concurrent.ScheduledThreadPoolExecutor$ScheduledFutureTask.run(ScheduledThreadPoolExecutor.java:305)
	at java.base/java.util.concurrent.ThreadPoolExecutor.runWorker(ThreadPoolExecutor.java:1144)
	at java.base/java.util.concurrent.ThreadPoolExecutor$Worker.run(ThreadPoolExecutor.java:642)
	at java.base/java.lang.Thread.run(Thread.java:1589)
Caused by: org.postgresql.util.PSQLException: Подсоединение по адресу localhost:62870 отклонено. Проверьте что хост и порт указаны правильно и что postmaster принимает TCP/IP-подсоединения.
	at org.postgresql.core.v3.ConnectionFactoryImpl.openConnectionImpl(ConnectionFactoryImpl.java:342)
	at org.postgresql.core.ConnectionFactory.openConnection(ConnectionFactory.java:54)
	at org.postgresql.jdbc.PgConnection.<init>(PgConnection.java:253)
	at org.postgresql.Driver.makeConnection(Driver.java:434)
	at org.postgresql.Driver.connect(Driver.java:291)
	at com.zaxxer.hikari.util.DriverDataSource.getConnection(DriverDataSource.java:138)
	at com.zaxxer.hikari.pool.PoolBase.newConnection(PoolBase.java:359)
	at com.zaxxer.hikari.pool.PoolBase.newPoolEntry(PoolBase.java:201)
	at com.zaxxer.hikari.pool.HikariPool.createPoolEntry(HikariPool.java:470)
	at com.zaxxer.hikari.pool.HikariPool$PoolEntryCreator.call(HikariPool.java:733)
	at com.zaxxer.hikari.pool.HikariPool$PoolEntryCreator.call(HikariPool.java:712)
	at java.base/java.util.concurrent.FutureTask.run(FutureTask.java:317)
	... 3 more
Caused by: java.net.ConnectException: Connection refused: no further information
	at java.base/sun.nio.ch.Net.pollConnect(Native Method)
	at java.base/sun.nio.ch.Net.pollConnectNow(Net.java:672)
	at java.base/sun.nio.ch.NioSocketImpl.timedFinishConnect(NioSocketImpl.java:535)
	at java.base/sun.nio.ch.NioSocketImpl.connect(NioSocketImpl.java:585)
	at java.base/java.net.SocksSocketImpl.connect(SocksSocketImpl.java:327)
	at java.base/java.net.Socket.connect(Socket.java:666)
	at org.postgresql.core.PGStream.createSocket(PGStream.java:243)
	at org.postgresql.core.PGStream.<init>(PGStream.java:98)
	at org.postgresql.core.v3.ConnectionFactoryImpl.tryConnect(ConnectionFactoryImpl.java:132)
	at org.postgresql.core.v3.ConnectionFactoryImpl.openConnectionImpl(ConnectionFactoryImpl.java:258)
	... 14 more
java.sql.SQLTransientConnectionException: HikariPool-10 - Connection is not available, request timed out after 30009ms.
	at com.zaxxer.hikari.pool.HikariPool.createTimeoutException(HikariPool.java:696)
	at com.zaxxer.hikari.pool.HikariPool.getConnection(HikariPool.java:181)
	at com.zaxxer.hikari.pool.HikariPool.getConnection(HikariPool.java:146)
	at com.zaxxer.hikari.HikariDataSource.getConnection(HikariDataSource.java:100)
	at ru.mai.lessons.rpks.impl.DbReaderImpl.getConnection(DbReaderImpl.java:36)
	at ru.mai.lessons.rpks.impl.DbReaderImpl.readRulesFromDB(DbReaderImpl.java:44)
	at ru.mai.lessons.rpks.impl.RulesUpdaterImpl.run(RulesUpdaterImpl.java:19)
	at java.base/java.util.concurrent.Executors$RunnableAdapter.call(Executors.java:577)
	at java.base/java.util.concurrent.FutureTask.runAndReset(FutureTask.java:358)
	at java.base/java.util.concurrent.ScheduledThreadPoolExecutor$ScheduledFutureTask.run(ScheduledThreadPoolExecutor.java:305)
	at java.base/java.util.concurrent.ThreadPoolExecutor.runWorker(ThreadPoolExecutor.java:1144)
	at java.base/java.util.concurrent.ThreadPoolExecutor$Worker.run(ThreadPoolExecutor.java:642)
	at java.base/java.lang.Thread.run(Thread.java:1589)
Caused by: org.postgresql.util.PSQLException: Подсоединение по адресу localhost:63236 отклонено. Проверьте что хост и порт указаны правильно и что postmaster принимает TCP/IP-подсоединения.
	at org.postgresql.core.v3.ConnectionFactoryImpl.openConnectionImpl(ConnectionFactoryImpl.java:342)
	at org.postgresql.core.ConnectionFactory.openConnection(ConnectionFactory.java:54)
	at org.postgresql.jdbc.PgConnection.<init>(PgConnection.java:253)
	at org.postgresql.Driver.makeConnection(Driver.java:434)
	at org.postgresql.Driver.connect(Driver.java:291)
	at com.zaxxer.hikari.util.DriverDataSource.getConnection(DriverDataSource.java:138)
	at com.zaxxer.hikari.pool.PoolBase.newConnection(PoolBase.java:359)
	at com.zaxxer.hikari.pool.PoolBase.newPoolEntry(PoolBase.java:201)
	at com.zaxxer.hikari.pool.HikariPool.createPoolEntry(HikariPool.java:470)
	at com.zaxxer.hikari.pool.HikariPool$PoolEntryCreator.call(HikariPool.java:733)
	at com.zaxxer.hikari.pool.HikariPool$PoolEntryCreator.call(HikariPool.java:712)
	at java.base/java.util.concurrent.FutureTask.run(FutureTask.java:317)
	... 3 more
Caused by: java.net.ConnectException: Connection refused: no further information
	at java.base/sun.nio.ch.Net.pollConnect(Native Method)
	at java.base/sun.nio.ch.Net.pollConnectNow(Net.java:672)
	at java.base/sun.nio.ch.NioSocketImpl.timedFinishConnect(NioSocketImpl.java:535)
	at java.base/sun.nio.ch.NioSocketImpl.connect(NioSocketImpl.java:585)
	at java.base/java.net.SocksSocketImpl.connect(SocksSocketImpl.java:327)
	at java.base/java.net.Socket.connect(Socket.java:666)
	at org.postgresql.core.PGStream.createSocket(PGStream.java:243)
	at org.postgresql.core.PGStream.<init>(PGStream.java:98)
	at org.postgresql.core.v3.ConnectionFactoryImpl.tryConnect(ConnectionFactoryImpl.java:132)
	at org.postgresql.core.v3.ConnectionFactoryImpl.openConnectionImpl(ConnectionFactoryImpl.java:258)
	... 14 more
java.sql.SQLTransientConnectionException: HikariPool-12 - Connection is not available, request timed out after 30012ms.
	at com.zaxxer.hikari.pool.HikariPool.createTimeoutException(HikariPool.java:696)
	at com.zaxxer.hikari.pool.HikariPool.getConnection(HikariPool.java:181)
	at com.zaxxer.hikari.pool.HikariPool.getConnection(HikariPool.java:146)
	at com.zaxxer.hikari.HikariDataSource.getConnection(HikariDataSource.java:100)
	at ru.mai.lessons.rpks.impl.DbReaderImpl.getConnection(DbReaderImpl.java:36)
	at ru.mai.lessons.rpks.impl.DbReaderImpl.readRulesFromDB(DbReaderImpl.java:44)
	at ru.mai.lessons.rpks.impl.RulesUpdaterImpl.run(RulesUpdaterImpl.java:19)
	at java.base/java.util.concurrent.Executors$RunnableAdapter.call(Executors.java:577)
	at java.base/java.util.concurrent.FutureTask.runAndReset(FutureTask.java:358)
	at java.base/java.util.concurrent.ScheduledThreadPoolExecutor$ScheduledFutureTask.run(ScheduledThreadPoolExecutor.java:305)
	at java.base/java.util.concurrent.ThreadPoolExecutor.runWorker(ThreadPoolExecutor.java:1144)
	at java.base/java.util.concurrent.ThreadPoolExecutor$Worker.run(ThreadPoolExecutor.java:642)
	at java.base/java.lang.Thread.run(Thread.java:1589)
Caused by: org.postgresql.util.PSQLException: Подсоединение по адресу localhost:63513 отклонено. Проверьте что хост и порт указаны правильно и что postmaster принимает TCP/IP-подсоединения.
	at org.postgresql.core.v3.ConnectionFactoryImpl.openConnectionImpl(ConnectionFactoryImpl.java:342)
	at org.postgresql.core.ConnectionFactory.openConnection(ConnectionFactory.java:54)
	at org.postgresql.jdbc.PgConnection.<init>(PgConnection.java:253)
	at org.postgresql.Driver.makeConnection(Driver.java:434)
	at org.postgresql.Driver.connect(Driver.java:291)
	at com.zaxxer.hikari.util.DriverDataSource.getConnection(DriverDataSource.java:138)
	at com.zaxxer.hikari.pool.PoolBase.newConnection(PoolBase.java:359)
	at com.zaxxer.hikari.pool.PoolBase.newPoolEntry(PoolBase.java:201)
	at com.zaxxer.hikari.pool.HikariPool.createPoolEntry(HikariPool.java:470)
	at com.zaxxer.hikari.pool.HikariPool$PoolEntryCreator.call(HikariPool.java:733)
	at com.zaxxer.hikari.pool.HikariPool$PoolEntryCreator.call(HikariPool.java:712)
	at java.base/java.util.concurrent.FutureTask.run(FutureTask.java:317)
	... 3 more
Caused by: java.net.ConnectException: Connection refused: no further information
	at java.base/sun.nio.ch.Net.pollConnect(Native Method)
	at java.base/sun.nio.ch.Net.pollConnectNow(Net.java:672)
	at java.base/sun.nio.ch.NioSocketImpl.timedFinishConnect(NioSocketImpl.java:535)
	at java.base/sun.nio.ch.NioSocketImpl.connect(NioSocketImpl.java:585)
	at java.base/java.net.SocksSocketImpl.connect(SocksSocketImpl.java:327)
	at java.base/java.net.Socket.connect(Socket.java:666)
	at org.postgresql.core.PGStream.createSocket(PGStream.java:243)
	at org.postgresql.core.PGStream.<init>(PGStream.java:98)
	at org.postgresql.core.v3.ConnectionFactoryImpl.tryConnect(ConnectionFactoryImpl.java:132)
	at org.postgresql.core.v3.ConnectionFactoryImpl.openConnectionImpl(ConnectionFactoryImpl.java:258)
	... 14 more
java.sql.SQLTransientConnectionException: HikariPool-2 - Connection is not available, request timed out after 30005ms.
	at com.zaxxer.hikari.pool.HikariPool.createTimeoutException(HikariPool.java:696)
	at com.zaxxer.hikari.pool.HikariPool.getConnection(HikariPool.java:181)
	at com.zaxxer.hikari.pool.HikariPool.getConnection(HikariPool.java:146)
	at com.zaxxer.hikari.HikariDataSource.getConnection(HikariDataSource.java:100)
	at ru.mai.lessons.rpks.impl.DbReaderImpl.getConnection(DbReaderImpl.java:36)
	at ru.mai.lessons.rpks.impl.DbReaderImpl.readRulesFromDB(DbReaderImpl.java:44)
	at ru.mai.lessons.rpks.impl.RulesUpdaterImpl.run(RulesUpdaterImpl.java:19)
	at java.base/java.util.concurrent.Executors$RunnableAdapter.call(Executors.java:577)
	at java.base/java.util.concurrent.FutureTask.runAndReset(FutureTask.java:358)
	at java.base/java.util.concurrent.ScheduledThreadPoolExecutor$ScheduledFutureTask.run(ScheduledThreadPoolExecutor.java:305)
	at java.base/java.util.concurrent.ThreadPoolExecutor.runWorker(ThreadPoolExecutor.java:1144)
	at java.base/java.util.concurrent.ThreadPoolExecutor$Worker.run(ThreadPoolExecutor.java:642)
	at java.base/java.lang.Thread.run(Thread.java:1589)
Caused by: org.postgresql.util.PSQLException: Подсоединение по адресу localhost:62695 отклонено. Проверьте что хост и порт указаны правильно и что postmaster принимает TCP/IP-подсоединения.
	at org.postgresql.core.v3.ConnectionFactoryImpl.openConnectionImpl(ConnectionFactoryImpl.java:342)
	at org.postgresql.core.ConnectionFactory.openConnection(ConnectionFactory.java:54)
	at org.postgresql.jdbc.PgConnection.<init>(PgConnection.java:253)
	at org.postgresql.Driver.makeConnection(Driver.java:434)
	at org.postgresql.Driver.connect(Driver.java:291)
	at com.zaxxer.hikari.util.DriverDataSource.getConnection(DriverDataSource.java:138)
	at com.zaxxer.hikari.pool.PoolBase.newConnection(PoolBase.java:359)
	at com.zaxxer.hikari.pool.PoolBase.newPoolEntry(PoolBase.java:201)
	at com.zaxxer.hikari.pool.HikariPool.createPoolEntry(HikariPool.java:470)
	at com.zaxxer.hikari.pool.HikariPool$PoolEntryCreator.call(HikariPool.java:733)
	at com.zaxxer.hikari.pool.HikariPool$PoolEntryCreator.call(HikariPool.java:712)
	at java.base/java.util.concurrent.FutureTask.run(FutureTask.java:317)
	... 3 more
Caused by: java.net.ConnectException: Connection refused: no further information
	at java.base/sun.nio.ch.Net.pollConnect(Native Method)
	at java.base/sun.nio.ch.Net.pollConnectNow(Net.java:672)
	at java.base/sun.nio.ch.NioSocketImpl.timedFinishConnect(NioSocketImpl.java:535)
	at java.base/sun.nio.ch.NioSocketImpl.connect(NioSocketImpl.java:585)
	at java.base/java.net.SocksSocketImpl.connect(SocksSocketImpl.java:327)
	at java.base/java.net.Socket.connect(Socket.java:666)
	at org.postgresql.core.PGStream.createSocket(PGStream.java:243)
	at org.postgresql.core.PGStream.<init>(PGStream.java:98)
	at org.postgresql.core.v3.ConnectionFactoryImpl.tryConnect(ConnectionFactoryImpl.java:132)
	at org.postgresql.core.v3.ConnectionFactoryImpl.openConnectionImpl(ConnectionFactoryImpl.java:258)
	... 14 more
java.sql.SQLTransientConnectionException: HikariPool-14 - Connection is not available, request timed out after 30006ms.
	at com.zaxxer.hikari.pool.HikariPool.createTimeoutException(HikariPool.java:696)
	at com.zaxxer.hikari.pool.HikariPool.getConnection(HikariPool.java:181)
	at com.zaxxer.hikari.pool.HikariPool.getConnection(HikariPool.java:146)
	at com.zaxxer.hikari.HikariDataSource.getConnection(HikariDataSource.java:100)
	at ru.mai.lessons.rpks.impl.DbReaderImpl.getConnection(DbReaderImpl.java:36)
	at ru.mai.lessons.rpks.impl.DbReaderImpl.readRulesFromDB(DbReaderImpl.java:44)
	at ru.mai.lessons.rpks.impl.RulesUpdaterImpl.run(RulesUpdaterImpl.java:19)
	at java.base/java.util.concurrent.Executors$RunnableAdapter.call(Executors.java:577)
	at java.base/java.util.concurrent.FutureTask.runAndReset(FutureTask.java:358)
	at java.base/java.util.concurrent.ScheduledThreadPoolExecutor$ScheduledFutureTask.run(ScheduledThreadPoolExecutor.java:305)
	at java.base/java.util.concurrent.ThreadPoolExecutor.runWorker(ThreadPoolExecutor.java:1144)
	at java.base/java.util.concurrent.ThreadPoolExecutor$Worker.run(ThreadPoolExecutor.java:642)
	at java.base/java.lang.Thread.run(Thread.java:1589)
Caused by: org.postgresql.util.PSQLException: Подсоединение по адресу localhost:63905 отклонено. Проверьте что хост и порт указаны правильно и что postmaster принимает TCP/IP-подсоединения.
	at org.postgresql.core.v3.ConnectionFactoryImpl.openConnectionImpl(ConnectionFactoryImpl.java:342)
	at org.postgresql.core.ConnectionFactory.openConnection(ConnectionFactory.java:54)
	at org.postgresql.jdbc.PgConnection.<init>(PgConnection.java:253)
	at org.postgresql.Driver.makeConnection(Driver.java:434)
	at org.postgresql.Driver.connect(Driver.java:291)
	at com.zaxxer.hikari.util.DriverDataSource.getConnection(DriverDataSource.java:138)
	at com.zaxxer.hikari.pool.PoolBase.newConnection(PoolBase.java:359)
	at com.zaxxer.hikari.pool.PoolBase.newPoolEntry(PoolBase.java:201)
	at com.zaxxer.hikari.pool.HikariPool.createPoolEntry(HikariPool.java:470)
	at com.zaxxer.hikari.pool.HikariPool$PoolEntryCreator.call(HikariPool.java:733)
	at com.zaxxer.hikari.pool.HikariPool$PoolEntryCreator.call(HikariPool.java:712)
	at java.base/java.util.concurrent.FutureTask.run(FutureTask.java:317)
	... 3 more
Caused by: java.net.ConnectException: Connection refused: no further information
	at java.base/sun.nio.ch.Net.pollConnect(Native Method)
	at java.base/sun.nio.ch.Net.pollConnectNow(Net.java:672)
	at java.base/sun.nio.ch.NioSocketImpl.timedFinishConnect(NioSocketImpl.java:535)
	at java.base/sun.nio.ch.NioSocketImpl.connect(NioSocketImpl.java:585)
	at java.base/java.net.SocksSocketImpl.connect(SocksSocketImpl.java:327)
	at java.base/java.net.Socket.connect(Socket.java:666)
	at org.postgresql.core.PGStream.createSocket(PGStream.java:243)
	at org.postgresql.core.PGStream.<init>(PGStream.java:98)
	at org.postgresql.core.v3.ConnectionFactoryImpl.tryConnect(ConnectionFactoryImpl.java:132)
	at org.postgresql.core.v3.ConnectionFactoryImpl.openConnectionImpl(ConnectionFactoryImpl.java:258)
	... 14 more
java.sql.SQLTransientConnectionException: HikariPool-16 - Connection is not available, request timed out after 30001ms.
	at com.zaxxer.hikari.pool.HikariPool.createTimeoutException(HikariPool.java:696)
	at com.zaxxer.hikari.pool.HikariPool.getConnection(HikariPool.java:181)
	at com.zaxxer.hikari.pool.HikariPool.getConnection(HikariPool.java:146)
	at com.zaxxer.hikari.HikariDataSource.getConnection(HikariDataSource.java:100)
	at ru.mai.lessons.rpks.impl.DbReaderImpl.getConnection(DbReaderImpl.java:36)
	at ru.mai.lessons.rpks.impl.DbReaderImpl.readRulesFromDB(DbReaderImpl.java:44)
	at ru.mai.lessons.rpks.impl.RulesUpdaterImpl.run(RulesUpdaterImpl.java:19)
	at java.base/java.util.concurrent.Executors$RunnableAdapter.call(Executors.java:577)
	at java.base/java.util.concurrent.FutureTask.runAndReset(FutureTask.java:358)
	at java.base/java.util.concurrent.ScheduledThreadPoolExecutor$ScheduledFutureTask.run(ScheduledThreadPoolExecutor.java:305)
	at java.base/java.util.concurrent.ThreadPoolExecutor.runWorker(ThreadPoolExecutor.java:1144)
	at java.base/java.util.concurrent.ThreadPoolExecutor$Worker.run(ThreadPoolExecutor.java:642)
	at java.base/java.lang.Thread.run(Thread.java:1589)
Caused by: org.postgresql.util.PSQLException: Подсоединение по адресу localhost:64113 отклонено. Проверьте что хост и порт указаны правильно и что postmaster принимает TCP/IP-подсоединения.
	at org.postgresql.core.v3.ConnectionFactoryImpl.openConnectionImpl(ConnectionFactoryImpl.java:342)
	at org.postgresql.core.ConnectionFactory.openConnection(ConnectionFactory.java:54)
	at org.postgresql.jdbc.PgConnection.<init>(PgConnection.java:253)
	at org.postgresql.Driver.makeConnection(Driver.java:434)
	at org.postgresql.Driver.connect(Driver.java:291)
	at com.zaxxer.hikari.util.DriverDataSource.getConnection(DriverDataSource.java:138)
	at com.zaxxer.hikari.pool.PoolBase.newConnection(PoolBase.java:359)
	at com.zaxxer.hikari.pool.PoolBase.newPoolEntry(PoolBase.java:201)
	at com.zaxxer.hikari.pool.HikariPool.createPoolEntry(HikariPool.java:470)
	at com.zaxxer.hikari.pool.HikariPool$PoolEntryCreator.call(HikariPool.java:733)
	at com.zaxxer.hikari.pool.HikariPool$PoolEntryCreator.call(HikariPool.java:712)
	at java.base/java.util.concurrent.FutureTask.run(FutureTask.java:317)
	... 3 more
Caused by: java.net.ConnectException: Connection refused: no further information
	at java.base/sun.nio.ch.Net.pollConnect(Native Method)
	at java.base/sun.nio.ch.Net.pollConnectNow(Net.java:672)
	at java.base/sun.nio.ch.NioSocketImpl.timedFinishConnect(NioSocketImpl.java:535)
	at java.base/sun.nio.ch.NioSocketImpl.connect(NioSocketImpl.java:585)
	at java.base/java.net.SocksSocketImpl.connect(SocksSocketImpl.java:327)
	at java.base/java.net.Socket.connect(Socket.java:666)
	at org.postgresql.core.PGStream.createSocket(PGStream.java:243)
	at org.postgresql.core.PGStream.<init>(PGStream.java:98)
	at org.postgresql.core.v3.ConnectionFactoryImpl.tryConnect(ConnectionFactoryImpl.java:132)
	at org.postgresql.core.v3.ConnectionFactoryImpl.openConnectionImpl(ConnectionFactoryImpl.java:258)
	... 14 more
java.sql.SQLTransientConnectionException: HikariPool-4 - Connection is not available, request timed out after 30002ms.
	at com.zaxxer.hikari.pool.HikariPool.createTimeoutException(HikariPool.java:696)
	at com.zaxxer.hikari.pool.HikariPool.getConnection(HikariPool.java:181)
	at com.zaxxer.hikari.pool.HikariPool.getConnection(HikariPool.java:146)
	at com.zaxxer.hikari.HikariDataSource.getConnection(HikariDataSource.java:100)
	at ru.mai.lessons.rpks.impl.DbReaderImpl.getConnection(DbReaderImpl.java:36)
	at ru.mai.lessons.rpks.impl.DbReaderImpl.readRulesFromDB(DbReaderImpl.java:44)
	at ru.mai.lessons.rpks.impl.RulesUpdaterImpl.run(RulesUpdaterImpl.java:19)
	at java.base/java.util.concurrent.Executors$RunnableAdapter.call(Executors.java:577)
	at java.base/java.util.concurrent.FutureTask.runAndReset(FutureTask.java:358)
	at java.base/java.util.concurrent.ScheduledThreadPoolExecutor$ScheduledFutureTask.run(ScheduledThreadPoolExecutor.java:305)
	at java.base/java.util.concurrent.ThreadPoolExecutor.runWorker(ThreadPoolExecutor.java:1144)
	at java.base/java.util.concurrent.ThreadPoolExecutor$Worker.run(ThreadPoolExecutor.java:642)
	at java.base/java.lang.Thread.run(Thread.java:1589)
Caused by: org.postgresql.util.PSQLException: Подсоединение по адресу localhost:62746 отклонено. Проверьте что хост и порт указаны правильно и что postmaster принимает TCP/IP-подсоединения.
	at org.postgresql.core.v3.ConnectionFactoryImpl.openConnectionImpl(ConnectionFactoryImpl.java:342)
	at org.postgresql.core.ConnectionFactory.openConnection(ConnectionFactory.java:54)
	at org.postgresql.jdbc.PgConnection.<init>(PgConnection.java:253)
	at org.postgresql.Driver.makeConnection(Driver.java:434)
	at org.postgresql.Driver.connect(Driver.java:291)
	at com.zaxxer.hikari.util.DriverDataSource.getConnection(DriverDataSource.java:138)
	at com.zaxxer.hikari.pool.PoolBase.newConnection(PoolBase.java:359)
	at com.zaxxer.hikari.pool.PoolBase.newPoolEntry(PoolBase.java:201)
	at com.zaxxer.hikari.pool.HikariPool.createPoolEntry(HikariPool.java:470)
	at com.zaxxer.hikari.pool.HikariPool$PoolEntryCreator.call(HikariPool.java:733)
	at com.zaxxer.hikari.pool.HikariPool$PoolEntryCreator.call(HikariPool.java:712)
	at java.base/java.util.concurrent.FutureTask.run(FutureTask.java:317)
	... 3 more
Caused by: java.net.ConnectException: Connection refused: no further information
	at java.base/sun.nio.ch.Net.pollConnect(Native Method)
	at java.base/sun.nio.ch.Net.pollConnectNow(Net.java:672)
	at java.base/sun.nio.ch.NioSocketImpl.timedFinishConnect(NioSocketImpl.java:535)
	at java.base/sun.nio.ch.NioSocketImpl.connect(NioSocketImpl.java:585)
	at java.base/java.net.SocksSocketImpl.connect(SocksSocketImpl.java:327)
	at java.base/java.net.Socket.connect(Socket.java:666)
	at org.postgresql.core.PGStream.createSocket(PGStream.java:243)
	at org.postgresql.core.PGStream.<init>(PGStream.java:98)
	at org.postgresql.core.v3.ConnectionFactoryImpl.tryConnect(ConnectionFactoryImpl.java:132)
	at org.postgresql.core.v3.ConnectionFactoryImpl.openConnectionImpl(ConnectionFactoryImpl.java:258)
	... 14 more
java.sql.SQLTransientConnectionException: HikariPool-8 - Connection is not available, request timed out after 30008ms.
	at com.zaxxer.hikari.pool.HikariPool.createTimeoutException(HikariPool.java:696)
	at com.zaxxer.hikari.pool.HikariPool.getConnection(HikariPool.java:181)
	at com.zaxxer.hikari.pool.HikariPool.getConnection(HikariPool.java:146)
	at com.zaxxer.hikari.HikariDataSource.getConnection(HikariDataSource.java:100)
	at ru.mai.lessons.rpks.impl.DbReaderImpl.getConnection(DbReaderImpl.java:36)
	at ru.mai.lessons.rpks.impl.DbReaderImpl.readRulesFromDB(DbReaderImpl.java:44)
	at ru.mai.lessons.rpks.impl.RulesUpdaterImpl.run(RulesUpdaterImpl.java:19)
	at java.base/java.util.concurrent.Executors$RunnableAdapter.call(Executors.java:577)
	at java.base/java.util.concurrent.FutureTask.runAndReset(FutureTask.java:358)
	at java.base/java.util.concurrent.ScheduledThreadPoolExecutor$ScheduledFutureTask.run(ScheduledThreadPoolExecutor.java:305)
	at java.base/java.util.concurrent.ThreadPoolExecutor.runWorker(ThreadPoolExecutor.java:1144)
	at java.base/java.util.concurrent.ThreadPoolExecutor$Worker.run(ThreadPoolExecutor.java:642)
	at java.base/java.lang.Thread.run(Thread.java:1589)
Caused by: org.postgresql.util.PSQLException: Подсоединение по адресу localhost:62974 отклонено. Проверьте что хост и порт указаны правильно и что postmaster принимает TCP/IP-подсоединения.
	at org.postgresql.core.v3.ConnectionFactoryImpl.openConnectionImpl(ConnectionFactoryImpl.java:342)
	at org.postgresql.core.ConnectionFactory.openConnection(ConnectionFactory.java:54)
	at org.postgresql.jdbc.PgConnection.<init>(PgConnection.java:253)
	at org.postgresql.Driver.makeConnection(Driver.java:434)
	at org.postgresql.Driver.connect(Driver.java:291)
	at com.zaxxer.hikari.util.DriverDataSource.getConnection(DriverDataSource.java:138)
	at com.zaxxer.hikari.pool.PoolBase.newConnection(PoolBase.java:359)
	at com.zaxxer.hikari.pool.PoolBase.newPoolEntry(PoolBase.java:201)
	at com.zaxxer.hikari.pool.HikariPool.createPoolEntry(HikariPool.java:470)
	at com.zaxxer.hikari.pool.HikariPool$PoolEntryCreator.call(HikariPool.java:733)
	at com.zaxxer.hikari.pool.HikariPool$PoolEntryCreator.call(HikariPool.java:712)
[...]
	at org.postgresql.Driver.connect(Driver.java:291)
	at com.zaxxer.hikari.util.DriverDataSource.getConnection(DriverDataSource.java:138)
	at com.zaxxer.hikari.pool.PoolBase.newConnection(PoolBase.java:359)
	at com.zaxxer.hikari.pool.PoolBase.newPoolEntry(PoolBase.java:201)
	at com.zaxxer.hikari.pool.HikariPool.createPoolEntry(HikariPool.java:470)
	at com.zaxxer.hikari.pool.HikariPool$PoolEntryCreator.call(HikariPool.java:733)
	at com.zaxxer.hikari.pool.HikariPool$PoolEntryCreator.call(HikariPool.java:712)
	at java.base/java.util.concurrent.FutureTask.run(FutureTask.java:317)
	... 3 more
Caused by: java.net.ConnectException: Connection refused: no further information
	at java.base/sun.nio.ch.Net.pollConnect(Native Method)
	at java.base/sun.nio.ch.Net.pollConnectNow(Net.java:672)
	at java.base/sun.nio.ch.NioSocketImpl.timedFinishConnect(NioSocketImpl.java:535)
	at java.base/sun.nio.ch.NioSocketImpl.connect(NioSocketImpl.java:585)
	at java.base/java.net.SocksSocketImpl.connect(SocksSocketImpl.java:327)
	at java.base/java.net.Socket.connect(Socket.java:666)
	at org.postgresql.core.PGStream.createSocket(PGStream.java:243)
	at org.postgresql.core.PGStream.<init>(PGStream.java:98)
	at org.postgresql.core.v3.ConnectionFactoryImpl.tryConnect(ConnectionFactoryImpl.java:132)
	at org.postgresql.core.v3.ConnectionFactoryImpl.openConnectionImpl(ConnectionFactoryImpl.java:258)
	... 14 more
java.sql.SQLTransientConnectionException: HikariPool-22 - Connection is not available, request timed out after 30009ms.
	at com.zaxxer.hikari.pool.HikariPool.createTimeoutException(HikariPool.java:696)
	at com.zaxxer.hikari.pool.HikariPool.getConnection(HikariPool.java:181)
	at com.zaxxer.hikari.pool.HikariPool.getConnection(HikariPool.java:146)
	at com.zaxxer.hikari.HikariDataSource.getConnection(HikariDataSource.java:100)
	at ru.mai.lessons.rpks.impl.DbReaderImpl.getConnection(DbReaderImpl.java:36)
	at ru.mai.lessons.rpks.impl.DbReaderImpl.readRulesFromDB(DbReaderImpl.java:44)
	at ru.mai.lessons.rpks.impl.RulesUpdaterImpl.run(RulesUpdaterImpl.java:19)
	at java.base/java.util.concurrent.Executors$RunnableAdapter.call(Executors.java:577)
	at java.base/java.util.concurrent.FutureTask.runAndReset(FutureTask.java:358)
	at java.base/java.util.concurrent.ScheduledThreadPoolExecutor$ScheduledFutureTask.run(ScheduledThreadPoolExecutor.java:305)
	at java.base/java.util.concurrent.ThreadPoolExecutor.runWorker(ThreadPoolExecutor.java:1144)
	at java.base/java.util.concurrent.ThreadPoolExecutor$Worker.run(ThreadPoolExecutor.java:642)
	at java.base/java.lang.Thread.run(Thread.java:1589)
Caused by: org.postgresql.util.PSQLException: Подсоединение по адресу localhost:64905 отклонено. Проверьте что хост и порт указаны правильно и что postmaster принимает TCP/IP-подсоединения.
	at org.postgresql.core.v3.ConnectionFactoryImpl.openConnectionImpl(ConnectionFactoryImpl.java:342)
	at org.postgresql.core.ConnectionFactory.openConnection(ConnectionFactory.java:54)
	at org.postgresql.jdbc.PgConnection.<init>(PgConnection.java:253)
	at org.postgresql.Driver.makeConnection(Driver.java:434)
	at org.postgresql.Driver.connect(Driver.java:291)
	at com.zaxxer.hikari.util.DriverDataSource.getConnection(DriverDataSource.java:138)
	at com.zaxxer.hikari.pool.PoolBase.newConnection(PoolBase.java:359)
	at com.zaxxer.hikari.pool.PoolBase.newPoolEntry(PoolBase.java:201)
	at com.zaxxer.hikari.pool.HikariPool.createPoolEntry(HikariPool.java:470)
	at com.zaxxer.hikari.pool.HikariPool$PoolEntryCreator.call(HikariPool.java:733)
	at com.zaxxer.hikari.pool.HikariPool$PoolEntryCreator.call(HikariPool.java:712)
	at java.base/java.util.concurrent.FutureTask.run(FutureTask.java:317)
	... 3 more
Caused by: java.net.ConnectException: Connection refused: no further information
	at java.base/sun.nio.ch.Net.pollConnect(Native Method)
	at java.base/sun.nio.ch.Net.pollConnectNow(Net.java:672)
	at java.base/sun.nio.ch.NioSocketImpl.timedFinishConnect(NioSocketImpl.java:535)
	at java.base/sun.nio.ch.NioSocketImpl.connect(NioSocketImpl.java:585)
	at java.base/java.net.SocksSocketImpl.connect(SocksSocketImpl.java:327)
	at java.base/java.net.Socket.connect(Socket.java:666)
	at org.postgresql.core.PGStream.createSocket(PGStream.java:243)
	at org.postgresql.core.PGStream.<init>(PGStream.java:98)
	at org.postgresql.core.v3.ConnectionFactoryImpl.tryConnect(ConnectionFactoryImpl.java:132)
	at org.postgresql.core.v3.ConnectionFactoryImpl.openConnectionImpl(ConnectionFactoryImpl.java:258)
	... 14 more
java.sql.SQLTransientConnectionException: HikariPool-16 - Connection is not available, request timed out after 30009ms.
	at com.zaxxer.hikari.pool.HikariPool.createTimeoutException(HikariPool.java:696)
	at com.zaxxer.hikari.pool.HikariPool.getConnection(HikariPool.java:181)
	at com.zaxxer.hikari.pool.HikariPool.getConnection(HikariPool.java:146)
	at com.zaxxer.hikari.HikariDataSource.getConnection(HikariDataSource.java:100)
	at ru.mai.lessons.rpks.impl.DbReaderImpl.getConnection(DbReaderImpl.java:36)
	at ru.mai.lessons.rpks.impl.DbReaderImpl.readRulesFromDB(DbReaderImpl.java:44)
	at ru.mai.lessons.rpks.impl.RulesUpdaterImpl.run(RulesUpdaterImpl.java:19)
	at java.base/java.util.concurrent.Executors$RunnableAdapter.call(Executors.java:577)
	at java.base/java.util.concurrent.FutureTask.runAndReset(FutureTask.java:358)
	at java.base/java.util.concurrent.ScheduledThreadPoolExecutor$ScheduledFutureTask.run(ScheduledThreadPoolExecutor.java:305)
	at java.base/java.util.concurrent.ThreadPoolExecutor.runWorker(ThreadPoolExecutor.java:1144)
	at java.base/java.util.concurrent.ThreadPoolExecutor$Worker.run(ThreadPoolExecutor.java:642)
	at java.base/java.lang.Thread.run(Thread.java:1589)
Caused by: org.postgresql.util.PSQLException: Подсоединение по адресу localhost:64113 отклонено. Проверьте что хост и порт указаны правильно и что postmaster принимает TCP/IP-подсоединения.
	at org.postgresql.core.v3.ConnectionFactoryImpl.openConnectionImpl(ConnectionFactoryImpl.java:342)
	at org.postgresql.core.ConnectionFactory.openConnection(ConnectionFactory.java:54)
	at org.postgresql.jdbc.PgConnection.<init>(PgConnection.java:253)
	at org.postgresql.Driver.makeConnection(Driver.java:434)
	at org.postgresql.Driver.connect(Driver.java:291)
	at com.zaxxer.hikari.util.DriverDataSource.getConnection(DriverDataSource.java:138)
	at com.zaxxer.hikari.pool.PoolBase.newConnection(PoolBase.java:359)
	at com.zaxxer.hikari.pool.PoolBase.newPoolEntry(PoolBase.java:201)
	at com.zaxxer.hikari.pool.HikariPool.createPoolEntry(HikariPool.java:470)
	at com.zaxxer.hikari.pool.HikariPool$PoolEntryCreator.call(HikariPool.java:733)
	at com.zaxxer.hikari.pool.HikariPool$PoolEntryCreator.call(HikariPool.java:712)
	at java.base/java.util.concurrent.FutureTask.run(FutureTask.java:317)
	... 3 more
Caused by: java.net.ConnectException: Connection refused: no further information
	at java.base/sun.nio.ch.Net.pollConnect(Native Method)
	at java.base/sun.nio.ch.Net.pollConnectNow(Net.java:672)
	at java.base/sun.nio.ch.NioSocketImpl.timedFinishConnect(NioSocketImpl.java:542)
	at java.base/sun.nio.ch.NioSocketImpl.connect(NioSocketImpl.java:585)
	at java.base/java.net.SocksSocketImpl.connect(SocksSocketImpl.java:327)
	at java.base/java.net.Socket.connect(Socket.java:666)
	at org.postgresql.core.PGStream.createSocket(PGStream.java:243)
	at org.postgresql.core.PGStream.<init>(PGStream.java:98)
	at org.postgresql.core.v3.ConnectionFactoryImpl.tryConnect(ConnectionFactoryImpl.java:132)
	at org.postgresql.core.v3.ConnectionFactoryImpl.openConnectionImpl(ConnectionFactoryImpl.java:258)
	... 14 more
java.sql.SQLTransientConnectionException: HikariPool-4 - Connection is not available, request timed out after 30011ms.
	at com.zaxxer.hikari.pool.HikariPool.createTimeoutException(HikariPool.java:696)
	at com.zaxxer.hikari.pool.HikariPool.getConnection(HikariPool.java:181)
	at com.zaxxer.hikari.pool.HikariPool.getConnection(HikariPool.java:146)
	at com.zaxxer.hikari.HikariDataSource.getConnection(HikariDataSource.java:100)
	at ru.mai.lessons.rpks.impl.DbReaderImpl.getConnection(DbReaderImpl.java:36)
	at ru.mai.lessons.rpks.impl.DbReaderImpl.readRulesFromDB(DbReaderImpl.java:44)
	at ru.mai.lessons.rpks.impl.RulesUpdaterImpl.run(RulesUpdaterImpl.java:19)
	at java.base/java.util.concurrent.Executors$RunnableAdapter.call(Executors.java:577)
	at java.base/java.util.concurrent.FutureTask.runAndReset(FutureTask.java:358)
	at java.base/java.util.concurrent.ScheduledThreadPoolExecutor$ScheduledFutureTask.run(ScheduledThreadPoolExecutor.java:305)
	at java.base/java.util.concurrent.ThreadPoolExecutor.runWorker(ThreadPoolExecutor.java:1144)
	at java.base/java.util.concurrent.ThreadPoolExecutor$Worker.run(ThreadPoolExecutor.java:642)
	at java.base/java.lang.Thread.run(Thread.java:1589)
Caused by: org.postgresql.util.PSQLException: Подсоединение по адресу localhost:62746 отклонено. Проверьте что хост и порт указаны правильно и что postmaster принимает TCP/IP-подсоединения.
	at org.postgresql.core.v3.ConnectionFactoryImpl.openConnectionImpl(ConnectionFactoryImpl.java:342)
	at org.postgresql.core.ConnectionFactory.openConnection(ConnectionFactory.java:54)
	at org.postgresql.jdbc.PgConnection.<init>(PgConnection.java:253)
	at org.postgresql.Driver.makeConnection(Driver.java:434)
	at org.postgresql.Driver.connect(Driver.java:291)
	at com.zaxxer.hikari.util.DriverDataSource.getConnection(DriverDataSource.java:138)
	at com.zaxxer.hikari.pool.PoolBase.newConnection(PoolBase.java:359)
	at com.zaxxer.hikari.pool.PoolBase.newPoolEntry(PoolBase.java:201)
	at com.zaxxer.hikari.pool.HikariPool.createPoolEntry(HikariPool.java:470)
	at com.zaxxer.hikari.pool.HikariPool$PoolEntryCreator.call(HikariPool.java:733)
	at com.zaxxer.hikari.pool.HikariPool$PoolEntryCreator.call(HikariPool.java:712)
	at java.base/java.util.concurrent.FutureTask.run(FutureTask.java:317)
	... 3 more
Caused by: java.net.ConnectException: Connection refused: no further information
	at java.base/sun.nio.ch.Net.pollConnect(Native Method)
	at java.base/sun.nio.ch.Net.pollConnectNow(Net.java:672)
	at java.base/sun.nio.ch.NioSocketImpl.timedFinishConnect(NioSocketImpl.java:535)
	at java.base/sun.nio.ch.NioSocketImpl.connect(NioSocketImpl.java:585)
	at java.base/java.net.SocksSocketImpl.connect(SocksSocketImpl.java:327)
	at java.base/java.net.Socket.connect(Socket.java:666)
	at org.postgresql.core.PGStream.createSocket(PGStream.java:243)
	at org.postgresql.core.PGStream.<init>(PGStream.java:98)
	at org.postgresql.core.v3.ConnectionFactoryImpl.tryConnect(ConnectionFactoryImpl.java:132)
	at org.postgresql.core.v3.ConnectionFactoryImpl.openConnectionImpl(ConnectionFactoryImpl.java:258)
	... 14 more
java.sql.SQLTransientConnectionException: HikariPool-8 - Connection is not available, request timed out after 30009ms.
	at com.zaxxer.hikari.pool.HikariPool.createTimeoutException(HikariPool.java:696)
	at com.zaxxer.hikari.pool.HikariPool.getConnection(HikariPool.java:181)
	at com.zaxxer.hikari.pool.HikariPool.getConnection(HikariPool.java:146)
	at com.zaxxer.hikari.HikariDataSource.getConnection(HikariDataSource.java:100)
	at ru.mai.lessons.rpks.impl.DbReaderImpl.getConnection(DbReaderImpl.java:36)
	at ru.mai.lessons.rpks.impl.DbReaderImpl.readRulesFromDB(DbReaderImpl.java:44)
	at ru.mai.lessons.rpks.impl.RulesUpdaterImpl.run(RulesUpdaterImpl.java:19)
	at java.base/java.util.concurrent.Executors$RunnableAdapter.call(Executors.java:577)
	at java.base/java.util.concurrent.FutureTask.runAndReset(FutureTask.java:358)
	at java.base/java.util.concurrent.ScheduledThreadPoolExecutor$ScheduledFutureTask.run(ScheduledThreadPoolExecutor.java:305)
	at java.base/java.util.concurrent.ThreadPoolExecutor.runWorker(ThreadPoolExecutor.java:1144)
	at java.base/java.util.concurrent.ThreadPoolExecutor$Worker.run(ThreadPoolExecutor.java:642)
	at java.base/java.lang.Thread.run(Thread.java:1589)
Caused by: org.postgresql.util.PSQLException: Подсоединение по адресу localhost:62974 отклонено. Проверьте что хост и порт указаны правильно и что postmaster принимает TCP/IP-подсоединения.
	at org.postgresql.core.v3.ConnectionFactoryImpl.openConnectionImpl(ConnectionFactoryImpl.java:342)
	at org.postgresql.core.ConnectionFactory.openConnection(ConnectionFactory.java:54)
	at org.postgresql.jdbc.PgConnection.<init>(PgConnection.java:253)
	at org.postgresql.Driver.makeConnection(Driver.java:434)
	at org.postgresql.Driver.connect(Driver.java:291)
	at com.zaxxer.hikari.util.DriverDataSource.getConnection(DriverDataSource.java:138)
	at com.zaxxer.hikari.pool.PoolBase.newConnection(PoolBase.java:359)
	at com.zaxxer.hikari.pool.PoolBase.newPoolEntry(PoolBase.java:201)
	at com.zaxxer.hikari.pool.HikariPool.createPoolEntry(HikariPool.java:470)
	at com.zaxxer.hikari.pool.HikariPool$PoolEntryCreator.call(HikariPool.java:733)
	at com.zaxxer.hikari.pool.HikariPool$PoolEntryCreator.call(HikariPool.java:712)
	at java.base/java.util.concurrent.FutureTask.run(FutureTask.java:317)
	... 3 more
Caused by: java.net.ConnectException: Connection refused: no further information
	at java.base/sun.nio.ch.Net.pollConnect(Native Method)
	at java.base/sun.nio.ch.Net.pollConnectNow(Net.java:672)
	at java.base/sun.nio.ch.NioSocketImpl.timedFinishConnect(NioSocketImpl.java:535)
	at java.base/sun.nio.ch.NioSocketImpl.connect(NioSocketImpl.java:585)
	at java.base/java.net.SocksSocketImpl.connect(SocksSocketImpl.java:327)
	at java.base/java.net.Socket.connect(Socket.java:666)
	at org.postgresql.core.PGStream.createSocket(PGStream.java:243)
	at org.postgresql.core.PGStream.<init>(PGStream.java:98)
	at org.postgresql.core.v3.ConnectionFactoryImpl.tryConnect(ConnectionFactoryImpl.java:132)
	at org.postgresql.core.v3.ConnectionFactoryImpl.openConnectionImpl(ConnectionFactoryImpl.java:258)
	... 14 more
java.sql.SQLTransientConnectionException: HikariPool-6 - Connection is not available, request timed out after 30007ms.
	at com.zaxxer.hikari.pool.HikariPool.createTimeoutException(HikariPool.java:696)
	at com.zaxxer.hikari.pool.HikariPool.getConnection(HikariPool.java:181)
	at com.zaxxer.hikari.pool.HikariPool.getConnection(HikariPool.java:146)
	at com.zaxxer.hikari.HikariDataSource.getConnection(HikariDataSource.java:100)
	at ru.mai.lessons.rpks.impl.DbReaderImpl.getConnection(DbReaderImpl.java:36)
	at ru.mai.lessons.rpks.impl.DbReaderImpl.readRulesFromDB(DbReaderImpl.java:44)
	at ru.mai.lessons.rpks.impl.RulesUpdaterImpl.run(RulesUpdaterImpl.java:19)
	at java.base/java.util.concurrent.Executors$RunnableAdapter.call(Executors.java:577)
	at java.base/java.util.concurrent.FutureTask.runAndReset(FutureTask.java:358)
	at java.base/java.util.concurrent.ScheduledThreadPoolExecutor$ScheduledFutureTask.run(ScheduledThreadPoolExecutor.java:305)
	at java.base/java.util.concurrent.ThreadPoolExecutor.runWorker(ThreadPoolExecutor.java:1144)
	at java.base/java.util.concurrent.ThreadPoolExecutor$Worker.run(ThreadPoolExecutor.java:642)
	at java.base/java.lang.Thread.run(Thread.java:1589)
Caused by: org.postgresql.util.PSQLException: Подсоединение по адресу localhost:62870 отклонено. Проверьте что хост и порт указаны правильно и что postmaster принимает TCP/IP-подсоединения.
	at org.postgresql.core.v3.ConnectionFactoryImpl.openConnectionImpl(ConnectionFactoryImpl.java:342)
	at org.postgresql.core.ConnectionFactory.openConnection(ConnectionFactory.java:54)
	at org.postgresql.jdbc.PgConnection.<init>(PgConnection.java:253)
	at org.postgresql.Driver.makeConnection(Driver.java:434)
	at org.postgresql.Driver.connect(Driver.java:291)
	at com.zaxxer.hikari.util.DriverDataSource.getConnection(DriverDataSource.java:138)
	at com.zaxxer.hikari.pool.PoolBase.newConnection(PoolBase.java:359)
	at com.zaxxer.hikari.pool.PoolBase.newPoolEntry(PoolBase.java:201)
	at com.zaxxer.hikari.pool.HikariPool.createPoolEntry(HikariPool.java:470)
	at com.zaxxer.hikari.pool.HikariPool$PoolEntryCreator.call(HikariPool.java:733)
	at com.zaxxer.hikari.pool.HikariPool$PoolEntryCreator.call(HikariPool.java:712)
	at java.base/java.util.concurrent.FutureTask.run(FutureTask.java:317)
	... 3 more
Caused by: java.net.ConnectException: Connection refused: no further information
	at java.base/sun.nio.ch.Net.pollConnect(Native Method)
	at java.base/sun.nio.ch.Net.pollConnectNow(Net.java:672)
	at java.base/sun.nio.ch.NioSocketImpl.timedFinishConnect(NioSocketImpl.java:535)
	at java.base/sun.nio.ch.NioSocketImpl.connect(NioSocketImpl.java:585)
	at java.base/java.net.SocksSocketImpl.connect(SocksSocketImpl.java:327)
	at java.base/java.net.Socket.connect(Socket.java:666)
	at org.postgresql.core.PGStream.createSocket(PGStream.java:243)
	at org.postgresql.core.PGStream.<init>(PGStream.java:98)
	at org.postgresql.core.v3.ConnectionFactoryImpl.tryConnect(ConnectionFactoryImpl.java:132)
	at org.postgresql.core.v3.ConnectionFactoryImpl.openConnectionImpl(ConnectionFactoryImpl.java:258)
	... 14 more
java.sql.SQLTransientConnectionException: HikariPool-18 - Connection is not available, request timed out after 30005ms.
	at com.zaxxer.hikari.pool.HikariPool.createTimeoutException(HikariPool.java:696)
	at com.zaxxer.hikari.pool.HikariPool.getConnection(HikariPool.java:181)
	at com.zaxxer.hikari.pool.HikariPool.getConnection(HikariPool.java:146)
	at com.zaxxer.hikari.HikariDataSource.getConnection(HikariDataSource.java:100)
	at ru.mai.lessons.rpks.impl.DbReaderImpl.getConnection(DbReaderImpl.java:36)
	at ru.mai.lessons.rpks.impl.DbReaderImpl.readRulesFromDB(DbReaderImpl.java:44)
	at ru.mai.lessons.rpks.impl.RulesUpdaterImpl.run(RulesUpdaterImpl.java:19)
	at java.base/java.util.concurrent.Executors$RunnableAdapter.call(Executors.java:577)
	at java.base/java.util.concurrent.FutureTask.runAndReset(FutureTask.java:358)
	at java.base/java.util.concurrent.ScheduledThreadPoolExecutor$ScheduledFutureTask.run(ScheduledThreadPoolExecutor.java:305)
	at java.base/java.util.concurrent.ThreadPoolExecutor.runWorker(ThreadPoolExecutor.java:1144)
	at java.base/java.util.concurrent.ThreadPoolExecutor$Worker.run(ThreadPoolExecutor.java:642)
	at java.base/java.lang.Thread.run(Thread.java:1589)
Caused by: org.postgresql.util.PSQLException: Подсоединение по адресу localhost:64351 отклонено. Проверьте что хост и порт указаны правильно и что postmaster принимает TCP/IP-подсоединения.
	at org.postgresql.core.v3.ConnectionFactoryImpl.openConnectionImpl(ConnectionFactoryImpl.java:342)
	at org.postgresql.core.ConnectionFactory.openConnection(ConnectionFactory.java:54)
	at org.postgresql.jdbc.PgConnection.<init>(PgConnection.java:253)
	at org.postgresql.Driver.makeConnection(Driver.java:434)
	at org.postgresql.Driver.connect(Driver.java:291)
	at com.zaxxer.hikari.util.DriverDataSource.getConnection(DriverDataSource.java:138)
	at com.zaxxer.hikari.pool.PoolBase.newConnection(PoolBase.java:359)
	at com.zaxxer.hikari.pool.PoolBase.newPoolEntry(PoolBase.java:201)
	at com.zaxxer.hikari.pool.HikariPool.createPoolEntry(HikariPool.java:470)
	at com.zaxxer.hikari.pool.HikariPool$PoolEntryCreator.call(HikariPool.java:733)
	at com.zaxxer.hikari.pool.HikariPool$PoolEntryCreator.call(HikariPool.java:712)
	at java.base/java.util.concurrent.FutureTask.run(FutureTask.java:317)
	... 3 more
Caused by: java.net.ConnectException: Connection refused: no further information
	at java.base/sun.nio.ch.Net.pollConnect(Native Method)
	at java.base/sun.nio.ch.Net.pollConnectNow(Net.java:672)
	at java.base/sun.nio.ch.NioSocketImpl.timedFinishConnect(NioSocketImpl.java:535)
	at java.base/sun.nio.ch.NioSocketImpl.connect(NioSocketImpl.java:585)
	at java.base/java.net.SocksSocketImpl.connect(SocksSocketImpl.java:327)
	at java.base/java.net.Socket.connect(Socket.java:666)
	at org.postgresql.core.PGStream.createSocket(PGStream.java:243)
	at org.postgresql.core.PGStream.<init>(PGStream.java:98)
	at org.postgresql.core.v3.ConnectionFactoryImpl.tryConnect(ConnectionFactoryImpl.java:132)
	at org.postgresql.core.v3.ConnectionFactoryImpl.openConnectionImpl(ConnectionFactoryImpl.java:258)
	... 14 more
]]></system-err>
</testsuite>
